<?xml version="1.0" encoding="UTF-8"?>
<robot generator="Robot 7.2.2 (Python 3.13.1 on win32)" generated="2025-06-02T23:00:41.663165" rpa="false" schemaversion="5">
<suite id="s1" name="Teste" source="C:\automacaoap3\automacaoteste\Teste.robot">
<test id="s1-t1" name="Abrir app pelo launcher" line="11">
<kw name="Open Application" owner="AppiumLibrary">
<arg>http://127.0.0.1:4723/wd/hub</arg>
<arg>platformName=Android</arg>
<arg>deviceName=emulator-5554</arg>
<arg>appPackage=com.google.android.apps.nexuslauncher</arg>
<arg>appActivity=com.google.android.apps.nexuslauncher.NexusLauncherActivity</arg>
<arg>noReset=${True}</arg>
<arg>fullReset=${False}</arg>
<doc>Opens a new application to given Appium server.
Capabilities of appium server, Android and iOS,
Please check https://appium.io/docs/en/2.1/cli/args/
| *Option*            | *Man.* | *Description*     |
| remote_url          | Yes    | Appium server url |
| alias               | no     | alias             |
| strict_ssl          | No     | allows you to send commands to an invalid certificate host like a self-signed one. |</doc>
<status status="PASS" start="2025-06-02T23:00:42.015838" elapsed="11.097704"/>
</kw>
<kw name="Wait Until Element Is Visible" owner="AppiumLibrary">
<msg time="2025-06-02T23:00:57.389567" level="INFO">xpath criteria: //android.widget.TextView[@content-desc="Predicted app: Guia Acadêmico"]
xpath criteria: //android.widget.TextView[@content-desc="Predicted app: Guia Acadêmico"]
xpath criteria: //android.widget.TextView[@content-desc="Predicted app: Guia Acadêmico"]
xpath criteria: //android.widget.TextView[@content-desc="Predicted app: Guia Acadêmico"]
xpath criteria: //android.widget.TextView[@content-desc="Predicted app: Guia Acadêmico"]</msg>
<arg>xpath=//android.widget.TextView[@content-desc="Predicted app: Guia Acadêmico"]</arg>
<arg>10s</arg>
<doc>Waits until element specified with `locator` is visible.</doc>
<status status="PASS" start="2025-06-02T23:00:53.114120" elapsed="4.275566"/>
</kw>
<kw name="Click Element" owner="AppiumLibrary">
<msg time="2025-06-02T23:00:57.390749" level="INFO">Clicking element 'xpath=//android.widget.TextView[@content-desc="Predicted app: Guia Acadêmico"]'.</msg>
<msg time="2025-06-02T23:00:57.566818" level="INFO">xpath criteria: //android.widget.TextView[@content-desc="Predicted app: Guia Acadêmico"]</msg>
<arg>xpath=//android.widget.TextView[@content-desc="Predicted app: Guia Acadêmico"]</arg>
<doc>Click element identified by `locator`.</doc>
<status status="PASS" start="2025-06-02T23:00:57.389989" elapsed="0.177582"/>
</kw>
<kw name="Wait Until Page Contains" owner="AppiumLibrary">
<arg>Sistemas de Informação</arg>
<arg>10</arg>
<doc>Waits until `text` appears on current page.</doc>
<status status="PASS" start="2025-06-02T23:00:57.571468" elapsed="2.026432"/>
</kw>
<kw name="Sleep" owner="BuiltIn">
<msg time="2025-06-02T23:01:04.599521" level="INFO">Slept 5 seconds.</msg>
<arg>5s</arg>
<doc>Pauses the test executed for the given time.</doc>
<status status="PASS" start="2025-06-02T23:00:59.598626" elapsed="5.001064"/>
</kw>
<kw name="Wait Until Element Is Visible" owner="AppiumLibrary">
<msg time="2025-06-02T23:01:04.665682" level="INFO">xpath criteria: //androidx.cardview.widget.CardView[@resource-id="com.fied.guiaacademico:id/cardGradeCurricular"]/android.widget.LinearLayout</msg>
<arg>xpath=//androidx.cardview.widget.CardView[@resource-id="com.fied.guiaacademico:id/cardGradeCurricular"]/android.widget.LinearLayout</arg>
<arg>10s</arg>
<doc>Waits until element specified with `locator` is visible.</doc>
<status status="PASS" start="2025-06-02T23:01:04.600904" elapsed="0.064866"/>
</kw>
<kw name="Click Element" owner="AppiumLibrary">
<msg time="2025-06-02T23:01:04.667698" level="INFO">Clicking element 'xpath=//androidx.cardview.widget.CardView[@resource-id="com.fied.guiaacademico:id/cardGradeCurricular"]/android.widget.LinearLayout'.</msg>
<msg time="2025-06-02T23:01:04.820734" level="INFO">xpath criteria: //androidx.cardview.widget.CardView[@resource-id="com.fied.guiaacademico:id/cardGradeCurricular"]/android.widget.LinearLayout</msg>
<arg>xpath=//androidx.cardview.widget.CardView[@resource-id="com.fied.guiaacademico:id/cardGradeCurricular"]/android.widget.LinearLayout</arg>
<doc>Click element identified by `locator`.</doc>
<status status="PASS" start="2025-06-02T23:01:04.666067" elapsed="0.154800"/>
</kw>
<kw name="Sleep" owner="BuiltIn">
<msg time="2025-06-02T23:01:06.824158" level="INFO">Slept 2 seconds.</msg>
<arg>2</arg>
<doc>Pauses the test executed for the given time.</doc>
<status status="PASS" start="2025-06-02T23:01:04.823067" elapsed="2.001333"/>
</kw>
<kw name="Wait Until Element Is Visible" owner="AppiumLibrary">
<msg time="2025-06-02T23:01:07.954056" level="INFO">xpath criteria: //androidx.recyclerview.widget.RecyclerView[@resource-id="com.fied.guiaacademico:id/rvDisciplinas"]/androidx.cardview.widget.CardView[2]/android.widget.LinearLayout/android.widget.ImageView</msg>
<arg>xpath=//androidx.recyclerview.widget.RecyclerView[@resource-id="com.fied.guiaacademico:id/rvDisciplinas"]/androidx.cardview.widget.CardView[2]/android.widget.LinearLayout/android.widget.ImageView</arg>
<arg>10s</arg>
<doc>Waits until element specified with `locator` is visible.</doc>
<status status="PASS" start="2025-06-02T23:01:06.825931" elapsed="1.128289"/>
</kw>
<kw name="Click Element" owner="AppiumLibrary">
<msg time="2025-06-02T23:01:07.957565" level="INFO">Clicking element 'xpath=//androidx.recyclerview.widget.RecyclerView[@resource-id="com.fied.guiaacademico:id/rvDisciplinas"]/androidx.cardview.widget.CardView[2]/android.widget.LinearLayout/android.widget.ImageView'.</msg>
<msg time="2025-06-02T23:01:08.362906" level="INFO">xpath criteria: //androidx.recyclerview.widget.RecyclerView[@resource-id="com.fied.guiaacademico:id/rvDisciplinas"]/androidx.cardview.widget.CardView[2]/android.widget.LinearLayout/android.widget.ImageView</msg>
<arg>xpath=//androidx.recyclerview.widget.RecyclerView[@resource-id="com.fied.guiaacademico:id/rvDisciplinas"]/androidx.cardview.widget.CardView[2]/android.widget.LinearLayout/android.widget.ImageView</arg>
<doc>Click element identified by `locator`.</doc>
<status status="PASS" start="2025-06-02T23:01:07.955924" elapsed="0.407769"/>
</kw>
<kw name="Sleep" owner="BuiltIn">
<msg time="2025-06-02T23:01:10.367844" level="INFO">Slept 2 seconds.</msg>
<arg>2</arg>
<doc>Pauses the test executed for the given time.</doc>
<status status="PASS" start="2025-06-02T23:01:08.366759" elapsed="2.001593"/>
</kw>
<kw name="Swipe" owner="AppiumLibrary">
<arg>890</arg>
<arg>2184</arg>
<arg>885</arg>
<arg>986</arg>
<doc>Swipe from one point to another point, for an optional duration.</doc>
<status status="PASS" start="2025-06-02T23:01:10.369192" elapsed="1.576830"/>
</kw>
<kw name="Wait Until Element Is Visible" owner="AppiumLibrary">
<msg time="2025-06-02T23:01:12.452359" level="INFO">xpath criteria: //android.widget.Button[@resource-id="com.fied.guiaacademico:id/btnAvaliar"]</msg>
<arg>xpath=//android.widget.Button[@resource-id="com.fied.guiaacademico:id/btnAvaliar"]</arg>
<arg>10s</arg>
<doc>Waits until element specified with `locator` is visible.</doc>
<status status="PASS" start="2025-06-02T23:01:11.946401" elapsed="0.506055"/>
</kw>
<kw name="Click Element" owner="AppiumLibrary">
<msg time="2025-06-02T23:01:12.453918" level="INFO">Clicking element 'xpath=//android.widget.Button[@resource-id="com.fied.guiaacademico:id/btnAvaliar"]'.</msg>
<msg time="2025-06-02T23:01:12.627820" level="INFO">xpath criteria: //android.widget.Button[@resource-id="com.fied.guiaacademico:id/btnAvaliar"]</msg>
<arg>xpath=//android.widget.Button[@resource-id="com.fied.guiaacademico:id/btnAvaliar"]</arg>
<doc>Click element identified by `locator`.</doc>
<status status="PASS" start="2025-06-02T23:01:12.452987" elapsed="0.174975"/>
</kw>
<kw name="Sleep" owner="BuiltIn">
<msg time="2025-06-02T23:01:14.629205" level="INFO">Slept 2 seconds.</msg>
<arg>2</arg>
<doc>Pauses the test executed for the given time.</doc>
<status status="PASS" start="2025-06-02T23:01:12.628765" elapsed="2.000547"/>
</kw>
<kw name="Wait Until Element Is Visible" owner="AppiumLibrary">
<msg time="2025-06-02T23:01:14.782870" level="INFO">xpath criteria: //android.widget.RatingBar[@resource-id="com.fied.guiaacademico:id/ratingBar" and @text="0.0"]</msg>
<arg>xpath=//android.widget.RatingBar[@resource-id="com.fied.guiaacademico:id/ratingBar" and @text="0.0"]</arg>
<arg>10s</arg>
<doc>Waits until element specified with `locator` is visible.</doc>
<status status="PASS" start="2025-06-02T23:01:14.629840" elapsed="0.153140"/>
</kw>
<kw name="Click Element" owner="AppiumLibrary">
<msg time="2025-06-02T23:01:14.786288" level="INFO">Clicking element 'xpath=//android.widget.RatingBar[@resource-id="com.fied.guiaacademico:id/ratingBar" and @text="0.0"]'.</msg>
<msg time="2025-06-02T23:01:15.048089" level="INFO">xpath criteria: //android.widget.RatingBar[@resource-id="com.fied.guiaacademico:id/ratingBar" and @text="0.0"]</msg>
<arg>xpath=//android.widget.RatingBar[@resource-id="com.fied.guiaacademico:id/ratingBar" and @text="0.0"]</arg>
<doc>Click element identified by `locator`.</doc>
<status status="PASS" start="2025-06-02T23:01:14.783889" elapsed="0.264589"/>
</kw>
<kw name="Wait Until Element Is Visible" owner="AppiumLibrary">
<msg time="2025-06-02T23:01:15.664702" level="INFO">criteria is com.fied.guiaacademico:id/etComentario</msg>
<arg>id=com.fied.guiaacademico:id/etComentario</arg>
<arg>10</arg>
<doc>Waits until element specified with `locator` is visible.</doc>
<status status="PASS" start="2025-06-02T23:01:15.049481" elapsed="0.615343"/>
</kw>
<kw name="Input Text" owner="AppiumLibrary">
<msg time="2025-06-02T23:01:15.665931" level="INFO">Typing text 'HAAAAAAAAAAAAAAAAAAAA' into text field 'id=com.fied.guiaacademico:id/etComentario'</msg>
<msg time="2025-06-02T23:01:15.968307" level="INFO">criteria is com.fied.guiaacademico:id/etComentario</msg>
<arg>id=com.fied.guiaacademico:id/etComentario</arg>
<arg>HAAAAAAAAAAAAAAAAAAAA</arg>
<doc>Types the given `text` into text field identified by `locator`.</doc>
<status status="PASS" start="2025-06-02T23:01:15.665194" elapsed="0.303366"/>
</kw>
<kw name="Wait Until Element Is Visible" owner="AppiumLibrary">
<msg time="2025-06-02T23:01:16.710328" level="INFO">xpath criteria: //android.widget.Button[@resource-id="com.fied.guiaacademico:id/btnEnviar"]</msg>
<arg>xpath=//android.widget.Button[@resource-id="com.fied.guiaacademico:id/btnEnviar"]</arg>
<arg>10s</arg>
<doc>Waits until element specified with `locator` is visible.</doc>
<status status="PASS" start="2025-06-02T23:01:15.969980" elapsed="0.740471"/>
</kw>
<kw name="Click Element" owner="AppiumLibrary">
<msg time="2025-06-02T23:01:16.712075" level="INFO">Clicking element 'xpath=//android.widget.Button[@resource-id="com.fied.guiaacademico:id/btnEnviar"]'.</msg>
<msg time="2025-06-02T23:01:16.924221" level="INFO">xpath criteria: //android.widget.Button[@resource-id="com.fied.guiaacademico:id/btnEnviar"]</msg>
<arg>xpath=//android.widget.Button[@resource-id="com.fied.guiaacademico:id/btnEnviar"]</arg>
<doc>Click element identified by `locator`.</doc>
<status status="PASS" start="2025-06-02T23:01:16.710943" elapsed="0.213417"/>
</kw>
<kw name="Wait Until Element Is Visible" owner="AppiumLibrary">
<msg time="2025-06-02T23:01:17.935090" level="INFO">xpath criteria: //android.widget.ImageButton[@content-desc="Navigate up"]</msg>
<arg>xpath=//android.widget.ImageButton[@content-desc="Navigate up"]</arg>
<arg>10s</arg>
<doc>Waits until element specified with `locator` is visible.</doc>
<status status="PASS" start="2025-06-02T23:01:16.924801" elapsed="1.010608"/>
</kw>
<kw name="Click Element" owner="AppiumLibrary">
<msg time="2025-06-02T23:01:17.937537" level="INFO">Clicking element 'xpath=//android.widget.ImageButton[@content-desc="Navigate up"]'.</msg>
<msg time="2025-06-02T23:01:18.147507" level="INFO">xpath criteria: //android.widget.ImageButton[@content-desc="Navigate up"]</msg>
<arg>xpath=//android.widget.ImageButton[@content-desc="Navigate up"]</arg>
<doc>Click element identified by `locator`.</doc>
<status status="PASS" start="2025-06-02T23:01:17.936114" elapsed="0.211505"/>
</kw>
<kw name="Sleep" owner="BuiltIn">
<msg time="2025-06-02T23:01:19.148837" level="INFO">Slept 1 second.</msg>
<arg>1</arg>
<doc>Pauses the test executed for the given time.</doc>
<status status="PASS" start="2025-06-02T23:01:18.148038" elapsed="1.000941"/>
</kw>
<kw name="Wait Until Element Is Visible" owner="AppiumLibrary">
<msg time="2025-06-02T23:01:19.645213" level="INFO">xpath criteria: //android.widget.ImageButton[@content-desc="Navigate up"]</msg>
<arg>xpath=//android.widget.ImageButton[@content-desc="Navigate up"]</arg>
<arg>10s</arg>
<doc>Waits until element specified with `locator` is visible.</doc>
<status status="PASS" start="2025-06-02T23:01:19.149358" elapsed="0.495967"/>
</kw>
<kw name="Click Element" owner="AppiumLibrary">
<msg time="2025-06-02T23:01:19.647060" level="INFO">Clicking element 'xpath=//android.widget.ImageButton[@content-desc="Navigate up"]'.</msg>
<msg time="2025-06-02T23:01:19.916409" level="INFO">xpath criteria: //android.widget.ImageButton[@content-desc="Navigate up"]</msg>
<arg>xpath=//android.widget.ImageButton[@content-desc="Navigate up"]</arg>
<doc>Click element identified by `locator`.</doc>
<status status="PASS" start="2025-06-02T23:01:19.645797" elapsed="0.270779"/>
</kw>
<kw name="Sleep" owner="BuiltIn">
<msg time="2025-06-02T23:01:20.921561" level="INFO">Slept 1 second.</msg>
<arg>1</arg>
<doc>Pauses the test executed for the given time.</doc>
<status status="PASS" start="2025-06-02T23:01:19.919948" elapsed="1.001853"/>
</kw>
<kw name="Wait Until Element Is Visible" owner="AppiumLibrary">
<msg time="2025-06-02T23:01:21.733955" level="INFO">xpath criteria: //androidx.recyclerview.widget.RecyclerView[@resource-id="com.fied.guiaacademico:id/rvDisciplinas"]/androidx.cardview.widget.CardView[2]/android.widget.LinearLayout/android.widget.ImageView</msg>
<arg>xpath=//androidx.recyclerview.widget.RecyclerView[@resource-id="com.fied.guiaacademico:id/rvDisciplinas"]/androidx.cardview.widget.CardView[2]/android.widget.LinearLayout/android.widget.ImageView</arg>
<arg>10s</arg>
<doc>Waits until element specified with `locator` is visible.</doc>
<status status="PASS" start="2025-06-02T23:01:20.922302" elapsed="0.811836"/>
</kw>
<kw name="Click Element" owner="AppiumLibrary">
<msg time="2025-06-02T23:01:21.736941" level="INFO">Clicking element 'xpath=//androidx.recyclerview.widget.RecyclerView[@resource-id="com.fied.guiaacademico:id/rvDisciplinas"]/androidx.cardview.widget.CardView[2]/android.widget.LinearLayout/android.widget.ImageView'.</msg>
<msg time="2025-06-02T23:01:22.014177" level="INFO">xpath criteria: //androidx.recyclerview.widget.RecyclerView[@resource-id="com.fied.guiaacademico:id/rvDisciplinas"]/androidx.cardview.widget.CardView[2]/android.widget.LinearLayout/android.widget.ImageView</msg>
<arg>xpath=//androidx.recyclerview.widget.RecyclerView[@resource-id="com.fied.guiaacademico:id/rvDisciplinas"]/androidx.cardview.widget.CardView[2]/android.widget.LinearLayout/android.widget.ImageView</arg>
<doc>Click element identified by `locator`.</doc>
<status status="PASS" start="2025-06-02T23:01:21.735091" elapsed="0.279216"/>
</kw>
<kw name="Sleep" owner="BuiltIn">
<msg time="2025-06-02T23:01:24.015460" level="INFO">Slept 2 seconds.</msg>
<arg>2</arg>
<doc>Pauses the test executed for the given time.</doc>
<status status="PASS" start="2025-06-02T23:01:22.014675" elapsed="2.000882"/>
</kw>
<kw name="Swipe" owner="AppiumLibrary">
<arg>890</arg>
<arg>2184</arg>
<arg>885</arg>
<arg>986</arg>
<doc>Swipe from one point to another point, for an optional duration.</doc>
<status status="PASS" start="2025-06-02T23:01:24.015890" elapsed="1.614799"/>
</kw>
<kw name="Capture Page Screenshot" owner="AppiumLibrary">
<msg time="2025-06-02T23:01:26.653825" level="INFO" html="true">&lt;/td&gt;&lt;/tr&gt;&lt;tr&gt;&lt;td colspan="3"&gt;&lt;img src="data:image/png;base64, iVBORw0KGgoAAAANSUhEUgAABDgAAAlgCAYAAABtGofVAAAAAXNSR0IArs4c6QAAAARzQklUCAgI
CHwIZIgAACAASURBVHic7N13dJvl+cbx69WwvPe2Ezt2trN3yGSHlBFGmGWXVfZoGS0FSgu0FFpK
+bH3LFAKZYcRIGTvveM4juO9t63x+8OxYsU78RJ8P+dwDlLe8UiWZL+Xnue+Dc39j0sAAAAAAABe
zNTbAwAAAAAAADhaBBwAAAAAAMDrEXAAAAAAAACvR8ABAAAAAAC8HgEHAAAAAADwegQcAAAAAADA
6xFwAAAAAAAAr0fAAQAAAAAAvB4BBwAAAAAA8HoEHAAAAAAAwOsRcAAAAAAAAK9HwAEAAAAAALwe
AQcAAAAAAPB6BBwAAAAAAMDrEXAAAAAAAACvR8ABAAAAAAC8HgEHAAAAAADwegQcAAAAAADA6xFw
AAAAAAAAr0fAAQAAAAAAvB4BBwAAAAAA8HoEHAAAAAAAwOsRcAAAAAAAAK9HwAEAAAAAALweAQcA
AAAAAPB6BBwAAAAAAMDrEXAAAAAAAACvR8ABAAAAAAC8HgEHAAAAAADwegQcAAAAAADA6xFwAAAA
AAAAr0fAAQAAAAAAvB4BBwAAAAAA8HoEHAAAAAAAwOsRcAAAAAAAAK9HwAEAAAAAALweAQcAAAAA
APB6BBwAAAAAAMDrEXAAAAAAAACvR8ABAAAAAAC8HgEHAAAAAADwegQcAAAAAADA6xFwAAAAAAAA
r0fAAQAAAAAAvB4BBwAAAAAA8HoEHAAAAAAAwOsRcAAAAAAAAK9HwAEAAAAAALweAQcAAAAAAPB6
lt4eANAZhiGdPC5GD/xyuMamhMhsNmQyjBa3dbpccjhcWp9eqgfe2qrPVubK6XL18IgBAAAAAD3B
0Nz/cMWHPs8wpH9dN0ZXzxkgi7nlQKM9dodLr3+7T1c+sVrelHMYhuRvsyg8yNrivxeW1am6zuFV
jwkAAAB908D4QI1IClZMqE3RoTbFhPoqOtSm8ECriirqlVtco7zSWuUW1yq3pEab95Vr14GK3h72
UTl5XIy+XJPbreeYPTJK9100tM1tHnhzm77bmN+t4/ipYwYH+rx5U+P1/j2TZTYdWbDRyGI2dPmJ
SVqxo0jPfJbeRaPrXn4+Zs0YEanxA0MVG+bb4jbZRTVatq1Iy7YXqabO0cMjPDohAVaNSQnRmJRQ
jR4QolEDQhQX7is/H7P8bWb5WEyqrnOoqtahimq7MvKqtHJnsTakl2rdnhJt3FvW2w+hwxqDqtS4
AKX1D1ZaUpDGpYZpdEqIooJ9tCenUmt2l2jt7lJt2VemrZnl2ptbxawjAADQ7aYNj9AFs/rp1Emx
Sor27/T+u7Mr9fmqHL3zw34t3lLYDSPsPvdfNEyzR0Z1e8AhNYQcbXlA27p9DD91zOBAn2U2GVry
2GxNHBSmVlahHJHsoholXPKZXK6Gi86+ev1oMgwNSgjUK7eO15Sh4W1u+/3GAl35xGql5/T9C2LD
kMICfTR6QIiOGRah40ZHaUxKiMKDfDq0v9Pl0v6Cai3dWqSv1uZp+fYibc0sl8PZNx+3r49ZSdH+
GpoYqLSkYI1JCdWYlBClxAa0GNpV1zm0ZV+51uwq0fr0Em3NLNe2zHIdKKrphdEDAICfqvAgH118
XH/96uRkjUgK7rLjbsoo0/NfpOvVb/aptLK+y47bHe6/aJjuu3CYvt9YoNl3/dCt55o9MkoLH5nR
5jbH3rWIGRxHiRkc3aB/lL/mz0jQqOQQRYfaZDYZKiyvU1ZBtT5cdkA/bu6eVNPfZtZZxyRoxogI
xYb5KsBmVkWNQ7uzK7RgTV6XpZLJMf66+Lj+endRlrbvL++SYx7O32ZWzpu/UJBf179EY8N85W+z
qLLGrudvGqebn92gyhp7l5/naNmsJqX1D2o33JCkWSMjNaxfkLIKa/r0LA6L2VBqXKDOmBKnuRNi
NWFQqAJ8D/2M6+1OFZbXqbzarupah+rszobZHL5mhfhbFR7kI5NhqH+Uv/pF+uv4MdFasCZXHy/P
1v+WZ6uqtm88dh+LSXHhvhqcEKhh/YI0NjVU41JDNTghUL4+Zo9t7Q6XSirrFehrlq+PWX4+Zo0f
2LB9eXW91u0p1epdJVq/p1Q7ssq1PatCxRV1fTaYAwAAfZvFbOjS45N07wVDj2i2RntGJAXriWtG
67YzB+mBt7bq9W/3ye7oe3+4NIYb3X2OzrjvoqGavTHSffu7DQUEHp1EwNGF/G1mPXHNaF10bD/5
HXYR0+j2swZpQ3qp7nhxo75am9dl5/7Vycn6wwXD1C/Kr8V/v+3MQVq9q0S3Pb9BP2wq6PTxrRaT
Lj6uv86fmaiZIyJls5q0ckdxtwQc/jazCt45tdXn8GgZhjQuNVSLNhdo8ZZCFb5zqsLP+7jPXBw3
8vUxaUhikKSGWQvZRTXNfnYzR0QqLtxXJsPQ4IQgLdpc2GcDDpvVpBFJwbripGSdOyNRkcENMzbq
7U4dKKrR5owy7c2r0t7cKhUdDDlq6x0K8LUo2N+i6BBfDYwPUFK0v0YNCFFogFWRwT66cHY/TRka
rtBAq95dlNWrF/++PmalxgVo8pBwjU0J0cTBYRreP7jFoK7e7lRGXpWWbC3SjqwKRYb4KK1/sAYn
BCop2l+GIQX7WzVzRKRmjohUYXmdVu4o1sodxVqfXqpFmwtUUFrX52fsAACAviMp2l+v3Da+3aUS
XXWul24Zr0uO76/LHl+tjLyqbj9nR3V3uNGR2Rqt7df0Z3PfhdIDb23V/W9u7crh/aQRcHSRwQmB
evfuyRo9IKTdbUcNCNGn9x+jW5/foKc+2XPU575r/hD96ZLh7daoGD8wVB/fN1UXPbpSn6zI6dCx
p6dF6PITkvSLSXGKCbUd9VjbYzYZynnzF90WbjQ6Z3qCFm0uUHpOlWxWk/Le+oVC5n/c48scDEMK
DbAqNS5QNqtJJZX12pdXpfJqu3wsJqXGBUiS6u0ufb+xQBc9utJj/7d+O1FnHZMgm9VQalyAbNaG
zs9Wi0kxoTbFh/vK6ZJ2Hqjo1SmCNqtJ41JDdf2pqZo3NU4Bvha5XFJRRZ2WbSvSl6tz9f2mAu06
UNFq0NS4tGVUcohOGhetk8fHaFxqqCQpJTZAD1w0XEF+Vr3ydYYKymp7POTwsZg0YVCorp4zQCeN
i2nz/eJ0uZSRV6XHP9ylD5ceUHZRjWxWk0YNCNHUoeGaODhMKbEBGhQfqKiQhuNEBPlozvgYzRkf
o93ZlXrzu3168n+7VVjObA4AANA2w5CuPzVVj1yW5jF7tifMHhmlzU+foN++tElPf7an1/9u6YmZ
G+0VE+3UsS4cRsDRCQQcXeSlW8Z7hBtrdpfo7e8ytWFvmYor6jQkIUjnz0rU3AmxMoyGC9BHrxyp
LfvKtXDDkU87mp4WofsvGuYON8qq6vXiggx9ujJH2UU1GhgXoLOnJejC2f1kMRsK9rfq6evHavn2
b5VfWtviMRMi/HTFSUk6e1rDMpuurH/RFsOQlj42u1uWpRxuytBwGYbcgUaAr0Ur/nGsJtz8bY9+
6EYE+ej0KfG6+Lh+Cva3and2pb5cnautmeWKC/d1X8DbHU7tym5enXpPTqX7MUwcFKZpwyJ0oKhG
8eG+mjQkTNOGR6je7tLzX6Tr89W5vRJymE2GRiQF6/pTUzV/RoJ8LCbV2Z3ak1Opj5dn691FWVq1
s7jd47hcUlF5nb7bmK8ftxRo5Y5iXXpCkmaPjFRIgFXRoTbde8FQ2R1OvbggQ+XV9T36s4wOtenM
qfG6cHY/9/vR4XSpuKJeGXlVMpsMjUlp+IworbTrs1W5evHLvaqzOyVJtfVOrdxRrFU7ixXkZ9Wk
wWE6ZliExqSGaGBcoAbGB7iDv9S4AN01f4iWbSvSN+vy3ccAAAA4nGFI95w7VA9ePLzH/q4/XICv
Rf+6boxCAqx6+N3tvTMI9Uy4IbVfTBTdh4CjC9xz3hBNGx7hvv3cF+m65sm1Htus3FGsNxbu093n
DtFDl6ZJauiQcduZg44q4Hjw4uHub+1LK+t16gNLPGp8bNlXpv8tz9aSrYX6v+vHyGQYSoz00x1n
DdKdL29q8Zir/3lci98+F5TVuZcVdIczpsRrwqCwbjt+U0nR/nK5pP7Rh5b0jE0J1dnTEvT+j1k9
Mgab1aRZI6N09/zBGhgfKKlh6cypk2KVnlMpf5tFyTEN6yIdTpf2ZDef1peeU3Uo4BgcpseuGqnS
SrsGxQd4pPNBfhYVVdRr4YZ81ffwxXBKbIAuPzFZ86bGycdiUnm1Xat2Fuv1b/fpgyUHjih0sTtc
+nDZAa3aVaxbzhios45JUFK0v4L8LLpr/hDlltTqgyUHenS5TkyozaNwaH5prVbsKNbqXcXatLdM
I5KD3QFHTnGN/rM4q8VgwuVqCCq/Xpenb9bnKTbM171MJa1/sGaMiJDJMORjMWnS4HAt2lxIwAEA
AFr11ytG6o6zBvX2MGQY0kOXpik8yEe/eXFjj5+/p8IN9C5Tbw/gp+C8GYnu/1+3p7RZuNHUw+9u
9ygUc+LYaPnbjmw5xsD4QE0ffqgIzdOf7Wm1gOmzn6drwZpDNT/ObTLmw/lYDr0sSivr9Z/FWTr7
z8t08d9WtrrP0TIZht6/Z3KPpcoBNrMMQ5qRduj5MwzpnTsnydRDgxgQE6BTJ8VqYHygHE6XKqrt
qqp1yM/HrOH9g5Uc4y+H06XcklqtTy/VlszmLVE37yvT+j2lyiuplcPp0oCYAI1JCVGAr0VVtQ5V
1tjlcLo0cXCYTpkQo/jwllvNdpfwIB+deUy8zpuZqABfi2rrnVqxvUgP/Xu7Xv4qo8VwwzAawr/o
g73XI4J8ZLU0/6hyuaTM/Grd9cpmPfnxbhUdrL3ROJMjrX+QLOae+5rCYjZ5vHfW7i7R7S9s1H1v
bNXSbUXytx0KnCqq7drWgfo1LldD159//7Bf1//fOv32pY2qtx+alhLoZ+mx1ysAAPA+j1w+ok+E
G03dcdYgPXL5iB49J+HGzwcBx1EanBCokcmHlqa8/X1mu/s0nSFgs5qUdoRtmS6Ylei+gLM7XO3W
83hz4aGxJcf4tzpbos7u1PcbC3Tzs+uVdPkXOueh5fpgyYEjGmNHPfXrMe3WEOlK9QcrOU8e4tmh
xGwy9PodE7r9/H4+Zk0ZGq65E2IlNcyO+Xx1rj5Zka2tmeUqKKtTRbVdG9JL9dQnu3XdU+u0ckfz
ZRzLthXpuqfW6unP9mhTRpkqa+zKL63Vln1l+nh5thaszVNhWZ0k6exjEjQ9LaJZF4/uYjIMTR4S
pnlT4xUZ7COny6Xt+8v18tcZ+npd6wV2fSwmDesXpGtPSdG1p6To4uP6t1nPot7u1L8+3q33FmWp
tr5hxsbQxCBdcVJyjyx3ak1eaa27CK/ZZHiEHy5JjiOoJr5iR7HsDmZrAACAjgkNsPb2EFrUk+Mi
3Ph5YYnKURqaGOQx62DJ1vZbwO7I8qylEBfW8rfqf71ihE4cG6P9BdW6/YUNzfZrrM8gSVszy7W/
oLrN8368Ilv1dqf72/DjRke1WPtgws3ftnusrmQY0lVzklv8t8ZClHtzq7Qpo1Q5xbWyO5yKCfXV
mJQQxYT6Kj7Ct9PhSEFZrQwZGhQf0Ozfzp2RqIv/tqrbulMYhpSWFKx5U+MVHWpTnb2h9sIdL2xU
XmmtRiYHa96UePWP9tPTn6a3+5ralFGmTRllWrghX1edPEB7cir14dID2pJZrv5RfvrXdWN07Kgo
9Yvy0+mT47Q5o0zr00u7vT5FdKhNx46K0viBDa/T/NI6fbQsWx8ty25zP5vVrPGDQvXALxt+Ee0v
qNay7UVtvibr7E798e2tGnOwc4nZZOj8mYl667tMrdhR3OPLcg5XW+/0mK1isza0kS0sr+v0sXq6
EC4AAPBeNzy9TiOSgj2W0/e2xVsKdcPT63rkXIQbPz8EHEcpu7hGf31/h/v21n3tTzs/fElKZgsX
bufNTNRvzh4sSRqTEqLaeofOeWi5xzZN+1Z3pO1SaWW9sgpr3HUdUmKbX9xL6tFwQ5JOmRDrEVA4
XS6t3V2q257foGXbiuR0uTQiKVj3XjBM585IdNccOe2Bpfp8VY4MGYoOtem+C4fpypOSZDGb2l3q
sjWzXEH+Fo9lA40sZkOnTY5t90L8SAX4WjQjLUInjYuWy9VQKPS9H/drX37Dz7CxFWhLbFaT/G1m
uVxSdZ1DtfWHLty/31ig7zd6tpHdkVWhz1bmuFuPnjIhVku2FmlXdqUqqu3d8vgaTRgUquPHRMvH
YlK93all24r0/uKsbjtvdlGN/vHRLj316zEKD/RReJCPLj6uv7bvb5gR05uqah06UFQtp8slk2Eo
NMCq8QPDtCmj+bKj9rS0XAcAAKAldodL8x5cqjX/PF79ovza36GbZeZXa96DS2U/gpmsnUW48fNE
wHGU2roYbc3UYYcS1NySWq3dXdJsm36Rnh9AsS3M8ohoUvAzt6SmQ+fOL611BxxxPVyPoSWGIfcH
j9Pl0j//t1u/f22Lqmob2qQ+cc1oXXFSksf0fqlhZsdXa/PkckkuuZRTXKPrnlqr6/9vnU6ZEKO3
75zU5vKET1fk6JfH9ms1CLn3gmHdFnCMSg7RnPEx8vMxq87u1Ib00jbP1ViTIirEpqGJQRo3MFQu
V0ONh237y5VfWqvqOkerMzLe+zFLJ46NVr8oPwX5WXTKhBit2F6kpduKuuXxNRqZHKK0/g3Lr7KL
a7RwQ742pJe2u5/D6VJBaZ1W72p4X+SV1KqypmOhyH8WZ+nKk5I1e2SkrBaT5oyP0d8/3NXrAUdl
jV3pOVXKL61TTKhNUSE2nTopVh+vyFZRJ2dxOJnBAQAAOqGgrE6nPbBEP/x1poL9e2/JSllVvU57
YEmP/F1GuPHzRcDRw6wWk86ZluC+/dnKnBa3e39xlm48PVX9o/xVZ3fq9W/3Ndum6eyD6tqOdYuo
qT+03ZEWN+1qY1NCVFpZr+gLP1Wd3SmTYejp68fqVycnt7r0pKbe0WItAqfLpU9X5ih0/se6ak5y
i7U9XC7pkxXZ2vT0ia2OqWnL364WH+GrQQkNXVPq6p1yOF2KDfNVda2jWTcMw2hYo3jqpDjdec7g
ZvVaNmeU6S/v79AnK7JVUtm8LarJMFRd51BWYY0qqu0K9rdqQExAi4FZVxuSGOiebbM5o1zfb+xY
t6CaOod+2FSg9CdWS2qol5KeU9mhfe0Ol975Yb+mDA2X1WJSUrS/hvULctfC6C0Op0vpuZX6dn2e
LpjVT/42syYPCdfZ0+L1zvf7Vd6JWS3etkTlwtn9dM0pA9z1bpZvL9Kzn6frre/ar1cEAAC6xvr0
Us1/eIU+/+MxvVKg3Olyaf7DK7S+A192HS3CjZ83Ao4edt+FQ5Ua17A0pKbOocf/u7PF7fbmVmnM
Dd9o8pBw7cmpbFZ/Q5KsTTpEdLRNZNMODH49VGyyLcH+Vl35xBq9sXCfXC4pIcJPW589sd3ikAvX
57dZQ8LpcunZz9P16jf7tP+1UxQRdGi2S029Q1EhNoUFtp5gm7pxFUBOcY12HahU/yh/BfpZdM60
BMWH++m+N7do2bYij2Ungb4WnTczUU9fP7bFY6UlBeu12yfohqfX6bVv9nlcKFvMhpKi/XXvBUM1
b0q8gv2tcjhd2nmgQtnFHZvxczSGJARJaigCuienUtv2N38Nt8ThdKmwvO6I6lNI0vcb81VRbVeg
r0WGIc0aGakPl3ZvkdxGbUUPWYU1+t+ybB03OloxoTbFR/jq1nmDVF3r1Fdrc5VbUtuhc3jTEpW/
XTlStx9Wub2x5e241FDd0Qst4gAA+LlasCZXv3t1ix6+LK3Hz/27V7dowZrcbj8P4Qa85y/ln4Dj
RkfptjMP/bH/7Ofpba7BL66o1xerc1sMNyQddUvVnuxa0prSynq9/m1DuHHCmGhlvDKnQ50vvjus
1kRrauocivvlZ9p54NBz+NXaPH3+x2lt7tedyfaK7cV67ot0bc0sdxd9nTUyUs/dOE6nT45zb2c2
GRoQG6A//nJ4u8f8wwXDNCA2wONnOn5gmF6+dbwunNVPIQFW1dud2pFVoVe+znAv/+hOMWENnU8K
yuqUnlupmrqOzTIyjIaL+GB/q4L9rQr0s3Tqtbo7u1L7C6rdMx2G9Qvq/OCPgNPl8lg+YsjweI9W
1ti1aHOhXlqwVxXVdplNhob1C9Lfrx6lX5+aorSk4E7PqrI7nHJ1d7XYI3Th7H7Nwo2mbj9rkC6c
3a8HRwQAAB55b7vea9LRsSe892OWHnlve7efh3ADEgFHj0mO8ddLt4x3z5rYlFGmu17Z3Muj6jvO
mZ6gBX+a3uEL2c37Ol6csd7u1LBrvtLGvWVyulz6z+KsXq0/Umd36v0fs3TJY6v0ycoc94V4eJCP
xjdp3etnM2vioDBFhbTeIrVRdKhNEweFya/JBfL5sxKV1j9YVotJDqdLn6/O1cV/W6n3f8zqka4i
gb4NQVVZVb27VW1HWMwmpcYG6LyZCTpvZoJOnxznUW+mI3ZlV7iXMLXWpair1dudHrNvLGZDNqtn
YJFVWK2XvsrQJytz3F1VIoN9dM+5Q/X2byfpFxNjFRNqazVgO/z9UVXraHPWSG+65pQBXbINAADo
Wpc8tkrr9nT/UhFJWrenVJc8tqrbz0O4gUYEHD0gyM+id++a7O56UlFt16+fWtfhb7R/6maOiNS7
d03u1IyU/NKOTedv5HC6NPbGb1RRbdfLt47v5Ai7x9rdJXro39v11do8SVJtvcOj4KSv1aShnZh9
MCDWX7YmyxfyS2vdF9zfbcjXn9/Z1iMzNxoFHpyJU1Pv7HCRUKlh6dSMERF67sZxeu7GcfrL5SNa
7fjTmgOFNe7gKD6iZyqG19ldqm7ynvaxmhTQwoyMXQcqdOdLm/Tmd5nKK6mV0+WSxWxoZHKwXrxl
vO6cP0RD+wW1GPZFBPuo6b1lVfZub/d7pBprbhztNgAAoGvV1Dl02gNLOv33dGfll9bqtAeWdPs1
D+EGmiLg6AHv3DlJEwc3fDNvd7h0/dPrtGhzx5ZYtOVoL2z6wnVRQoSfFj4y46iX23RE49KH3iis
1BqXy9VlF6g2q9njeWz6OJ2unv95NxYYtTtcqu+BVmBNlVbVq3G1SGhAz1QLr6yxq6zqUJDjbzMr
PKjlmSf78qv0h9e36KF3t2tnVoU7iArys+jG01L14s3jNDghsNlrtX+Uv4wm9+UU13hd0VEAAND7
9hdUa96Dy7ptVm+93al5Dy7T/oLqbjl+I8INHI6Ao5u9etsEzZ0Y6779x7e36rVvmndEORL2puv9
O3jR3rR4pqOHLzpb8t/fTzmiwCGyk0sWTIahlf84rk8UVm00fmCo7r1gmE4aFy1J8j3YCrZRTb1T
2zI73v1jW2a5aposkYgM9nGHDMeNjtKNp6U268LSncoPXuz7+Zjcy1V6SmSwzT0Doru/nWhUVlWv
wvJD5wrxt7bZb76wvE5Pf7pHlzy2St+uz1dBWZ0czobZHBMGhenZG8cqJc5z5sroASFqOrFjX15V
i92E+oLl29tvQ9yRbQAAQPdYsrVQ1z21rluOfd1T67Rka2G3HLsR4QZaQsDRjf5y+Qhdcnx/9+0n
P96tB9/e1mXHb7rev/FCtj2+TWoCVPeBJTLv/LD/iPZL69/xC3WL2dDmZ07QmJTua/3aGQG+Fv3y
2P567fYJmjshRmaToTq7UxvSS/XeokPPR1WNQ4u3FGpvblW7x9ybW6XFWwpVVXPoZ/rOD/u1cW+Z
6u1OmU2Gzp+ZqL9fNUrT0yK65XEdrnE2Q6Cfpc2ONd0hPtzXHXDk9VDAUVxRr6yCGtkPBoeRwT4a
GBfY5j51dqdW7CjW+X9Zod+9ullbM8tldzSEHFOHRuiZ68d49KufnhYh08HHVVvv1O6cSvf5+ppn
P0/vkm0AAED3eXHBXv3l/R1desy/vL9DLy7Y26XHPBzhBlpDwNFNbjtzkH5z9mD37TcW7tNNz6zv
0nM0FimUGr4t7oimXRqa7t9bXvk644iWaMwaGdWh7WxWk7Jem6uhiZ3rpNGddQ2mDA3XNacM0JDE
IFktJhVXNHSSufIfa7Rm96EaGU6XS/sLq/Wnd9oPxR58Z5syC6rlbDLwVTuL9at/rtFb32eqtLJe
VotJs0dG6jdnD+6R2gelVQ2vr7BAH8WF+/bY0iCL2dCghEBZDrZRzi7q/pa4jXKKa9wde2LCfDUy
ObhDhXPLqur14oK9uuAvK7Rxb6lcrobHMT0tUjednipJB0OPcPfzuGxbUY8Uiz1Sb32Xqcc+aLkN
tiQ99sFOvfVdZg+OCAAAtOTuVzbpyy5q4frlmlzd/cqmLjlWawg30BYCjm5w8XH99chlae56CJ+s
yNHFf+v66sEHCg+taYuP6FiniKYFF7MKu3dNXEeUVNR7XJR31LGjItus22EyDF16fJIqPzhD0aHt
dyE53JGMqaNCA6yKj2iYYVBSWa93vs/Ub17cqIy8qmbfxlfW2PXfpQd087PrPQqQNioqr9PNz67X
h0sPqKrWs5Cn3eHSnuxK3fb8Rv170X6VVTWEHEMTgxTfA11kGtdcBvlZlBIb0GOda9L6B6tfpJ87
WFif3jNVwqWG2hqbD7Z+DvKzaHBCoPpH+XdoX4fTpW37y3Xtv9a6l9X4WEy6es4A+fqYNSo5RKlx
ge7X/bfr8z1mcfVFd7y4URc9ulI/bCpQbX1Dl5kfNhXookdX6o4XN/b28AAAgBq+2Jv/0HLtyKo4
quPsyKrQ/IeWd+sXhYQbaE/PLoz/GThlQoyevn6MrAe7WSzaXKDzHlneLefalV2p48c0/P+wDnTb
GJEUrIgmRQ8702q1u7jk0qaMMo0e0LnlI/42i8wmo1kgYBjSiWNj9O5dkxRyFMUlN+7tvucmu6jh
W/6U2AAF+1uUGOknq8XUYqjicknFFXV65et9WratSJOGhCsuzFeG0XCc5duLtG1/hcqr61v8QLmv
vwAAIABJREFUZeJ0ueRjMSkhws/d1WR/QbUKOtG29UhtzSzXyeNiZBgNbZJHp4T0SKg2Z3yMe8mW
0+XSt+vzu/2cjTLyqrQ+vVRnTYuXyTCUGheok8dH69nP0zv0y97ucGnzvnI9/t+deuTyETIMKSbM
ptMmxeqc6QnuGjr1dqc+X53T5wMOqWEmBzM1AADo28qr7Tr1/iVa9cSxHstjO6qsql6n3r9E5dUd
75zXWYQb6AhmcHShyUPC9fodExVwsKDi2t0lOvPBZaqq7Z5aF99tOHThFhvm61HMtCVnHZPg/va3
zu7Ul6vzumVcneFyqUNLMA5nGNLskVEyGYZMhqGoEJueuGa0aj6cpy/+OO2owg1JevDtrUe1f1s2
7C3V56tyVV5tl8kwlJYUrLOnJbS6vcvV8Etjze4SvfbNPj3+35167IOdevWbfVqzu0RlVS2HG43O
nZGgtP7BMhmGqusc+nxVTo/MatiRVa6Sg8ughvUL0uyRkfKxdO9HTqCfRb88rr/8Di7Fysyv1o6s
jhdqPVrFFfXakF6qPdmVkqTUuACdMSVeMaEdn71SXevQB0sOuAMvs8nQeTMTde6MRPfylAVr87Qt
s5wOKgAAoMvsPFCh+Q+v6PRMZqfLpfkPr3Av0+0OhBvoKAKOLjI4IVDv3T3ZPUNi+/5yzXtwmQpb
WFbQVf63PFt5JYcKKN5+5qBWtw3ys+iyEw8VPF26tUj78tsvXtkTPlh84Igu1L780zTteelk1f1v
nvLe+oVuOj1VPhbTUbectTtc+nBp9tEdpA2VNXb9sKlAX6xuWOvYL9JPp06MVVK0v/x8zJo0OEwP
Xjxcb9wxUVOHHqqVYXe4DnbqqFNheZ3Kquo9ZrBMGx6hN+6YqAcvHq6Jg8Pk62NWalyA5k6MVcLB
JUxfr83TD5sKVF7d/fVX1u8p1dKD1bOD/a2aNTJKJ4yN7raWwIYh3XhaqlLjAmQyDLlcDbVvSip6
ttbMpowyLVib5w6dRg0I0ZUnJXe4BonT5VJxRZ325TXMdjGbDI8AzOly6e8f7uoTRYIBAMBPy4I1
ufrdq1s6tc/vXt2iBV1Uw6MlhBvoDJaodIGYUJv++/sp7paQmfnVOvNPy446QPjrFSN04tgY7S+o
1u0vbGi2Lq6q1qG3v8/UzWcMlNTQCvTxq0bptuc3eGwXEmDV67dP0ICYQy0nX/hy71GNrSs5XS59
ujJHp0+O69R+JsPQC1/u1YMXD+/S8Xy8Irtba3C4XA3LNz5adkBThoSrX5Sfxg0M1aNXjpTUsJQo
KsQmPx+ThvUP0nuLsvTh0gPatr/lmQhpScGaPz1BZ0yJ16D4AFXXOXXWMfHalFEmi9mksSmhslpM
yi+t1YfLsrVxb1m3ro1stGpXiRaszdOMEZEK8rNobEqILpzVT6t2FnsEcy1xueQOvZwuV4fGOyQh
SLedOcjdKSinuEYvf5XhLnbaU/bkVOqL1bmaOyFWyTH+ig/31bypcfphU4F+3FLQ4ee+teKk36zL
19KthX22ewoAAPBuj7y3XeMGhmr+9NZnGDd678csPfLe9m4bC+EGOouAowu8dvsEDW/SttQll96+
c1KnjvHKVxn6x0e73LfPm5no7sIyJiVEtfUOnfNQ81oe9725Vb+YGKuB8Q3tKG+dN1Bzxsfoh00F
KqmsV1yYr44bHaXEyEPFRT9flas3Fu7r1Pi627wHl8r+8Zmd7rRx9ZwBWrylUNOGd03rU6fLpbP/
vKxLjtWWmjqHftxcqP8sydItZwxUVIhNp4yPkclkeHS6GT0gRPHhvjplQoxuf2GjVu0s9jjO5CHh
evTKERqSEKSIYB+ZTYYCfBtalCbHBMjlcsnXp+F4n63K0dKthT32zX+9vaGg5II1uTp7WoKsFpPm
TIhRem6q7n299W8GKmvs+nRljk6450dJUm29Q1sz215m4m8z6+07Jyk8yOqeIfLYf3cqt6S2R8Kc
wy3eUqjnv0zXny9JkySNGxiqBy8eruueWtvuYzEZhmLCfN2BaVNVtQ7d9vwG1dT1/dobAADAe13y
2CrFh/u2+Tf24i2FuuSxrm+k0IhwA0eCgKMLJDeZGSFJ/aP81b9jXUzdDu8w0S/S8+ImNqzlNfyl
lfU695EV+ujeqe4LomH9glotOrpsW5Eu/tvKzg2uB7hc0mWPr9Zrt0/o1H6JkX665bn1igz20ZBO
toJtaQyXPra6xy6IDxTV6MvVuZo5IlLjUkPdRUCrah1Kz6lUoJ9FSdH+ig3zlb/NrGH9gpoFHGlJ
wRqTEqqgg/vuza1SZY1dA2IDPIKS9NxKfboiR+m5Pbssad2eEr3/Y5YmDApTUrS/IoJ8dP7MRGUV
VuuZz9Jb3MfhdCm7qEY5xYfau7b1M/H1MeulW8ZrRFKwOyBbuq1Ib3y7TxXdWOiqLUXldfp4ebZG
JYfovJkNtTOOGRauf147Wjc+vb7V2TiSFOBr1i+P7dfiv9363AZt21/erTOMAAAAauocmvfgUq35
5/EtfumSmV+teQ8uVU03fXFGuIEjRQ2OPur9xVnuJS51dqde/7b1GRdrd5do8m0L9crXGSqtbHk6
/oGiGv3539t0/D2LurUuyNF4Y+E+d4vNjjIM6f17pmjKbd9p3Z6jK5y5eV+Z3vyu52a21NudWrat
SPe/uVWvfbNPK3YU691F+3XjM+t11T/X6PYXNmrN7hJJDcsVUmIDmh0jJdbfvZRh7e4S3fHiRl31
zzW68Zn1eu/HLK3ZXaLvNubrsQ926scthd32S6g1Lpf08YocPfbBTnfB0dS4QP3xl8P1z2tHK6aN
Fr4u16H/WmIyDI0eEKLlj8/W2dMSZDE3PA/puZW69LFVyi/t3df55oxyPf/lXm06+Jq2WkyaNSJS
z900VmNTQ1vcx2wylBoXoOvmpnjc73JJr36ToVe+zmBpCgAA6BEFZXU67YElzWb/Vtc5dNoDS7qt
Kx/hBo6Gobn/4a/lPios0KrJQ8K1J6eyw32pfX3MmjUiUoMSAuVvM6uovE5bM8u1eEthN4+2a1jM
hir+c4a7zWdH5ZfWKv7iz/TolSN18+kDO13IsrbeqcCzP+qVi0d/m1n9ovwVHmhVWbVdGXlVqqi2
KybUpj9dkqZfnZys2nqn3vtxvy7+m+c0wHfunKR5U+Nls5r00oK9+t1rW5RTXKMgP4v6R/srNMCq
OrtTe3OrVFRe12tdN6JDbbpuborunD9Yfj5muVwNS0/W7inVX9/foQ+XHujU8WxWk+6aP0S/OXuQ
/Gxm98yNgrI6nf7AEq3aVaJ6e+8v4/C3mTVvarz+cvkI9zIxh9OlLfvKdc+rm/TJihz3tg1tZQP0
zl2TNDYl1P0adrpcWr2zRLPu/IHCogAAoMedMz1B79092X17/sPL9f6PWd1yrt4KN77fWKDZd/3Q
ZcdzfXpWlx1LkoxffNClx/spI+BAnxMSYFXeW7/odEvR3dmVGnzVAg2MD9CqJ45zL9toT53dqegL
P2119ktvCQu06tq5KXro0jQ5XS4dKKzRos0FHtvMGhml2DCbTIahe17drGc+26PiHu4a0hGGIcWE
+uqKk5L0m7MHK/RgG1+H06X80lot3JCvV7/ep6XbilTWSlFQk2EoIdJXc8bH6Nq5KRrWL0h+PoeW
4ezOrtRFj67U2t0lqusD4YbU8LgDfC06fXKcHr4sTf2j/CU1PO7cklp9uiJHz3y2RxszyjRhYKj+
fvUoTRgU5p6V43C6tHhLoS7860plFVb35kMBAAA/Y49cPkJ3njNYf3l/h+56eVO3nKM3Z24QcPx0
EHCgTwoJsCr3zV90eibH5owyjbnxGzmd0jVzB+iJq0fJYm69dWxNnUOxv/xM5VV2udTwVugr5Q38
fMyaMz5GH/x+Soe2P+tPy/TF6tw++y2/YUhhgT6aPz1BvztvqHs9p8vVEDJV1zlUUlGvzfvKdKCw
RgVltaqosSsiyEfRoTalxAZocEKQbFaT/G1mjy4jK3YU69LHVmlXdkWfW8LRGHIcOypK954/VBMH
h0mSexZLebVdpZX1igi2KcjP4l5qU2d36r9LDuiW5zYot6Smz7wuAQDAz9PtZw3SYx/s7JZjnzwu
RnedO7hbjt0R6/aU6tbnNrS/YQd1ZVjz3cZ8HXvXoi451s8BAQf6LIvZ0IanTmi1YGprSirrlXrl
lyoqr5NhSMcMi9DjV43S2JQQWcwNgYlhSNv3l2vEr7+WJC17/Fit31OiqlqHbnxmfZc/liNhMgwN
jA/QK7dN0NSh4W1u+7/l2br1uQ3am1vVpwtQNl7sj0kJ0RUnJmve1HiFBVrd/+5ySfUOpxxOlxyO
hsjJZDTUprCYTe6L/8Zt9+ZV6l8f79E732cqt6S215bgtMcwJB+LSYMTAnX1nAH61cnJ7u42UsMy
lMZlNk5XQ5HVP761Te/9uF8llfWEGwAAAF7m/ouGadbIyKM6xvcbC3T/m1u7aEQ/DwQc6NMMQ7r0
+CS9dMv4TtXVcLpc+v1rW/Twu4f6cpsMQ2GBVo0aEKKQAKv+tyzbHQZcdGw/1dQ5tWRrobKLalo7
bI/z8zFrelqEJg4OU0xoy510sotq9O36PK3bU9pnlma0x2oxKcjPoqGJQbr0hP46dVKc4sNbfnyH
czhdWrenVG99l6l//7BfpVX1qqyxe0UIYDYZigz20fS0SN10eqpmjvD8pVdT59A36/N17+tbtH1/
uapq++ZsHAAAAKAvIuCAVzAM6aN7p2ruxFiPpQkdMf6mb7Vhb2mfW7rQUYYh+dssCg+ytvjvhWV1
qq5zeMUF/uGsFpNC/C2KO9hnfe6EWA2MD1RIgFUh/hb52cwqrWxYwpFfWqtVO4v14bJsbc0sU2ml
vdV6HX2ZYUi+VrMSI/00Z3yMbjo9Vf2i/LV2d4le/ipD/1uerfzSvjsbBQAAAOirCDjgVUyGobOm
xet35w3VyORgmQyj1ZkdLlfDTI6Ne8v0539v67ZqzwAAAACA3kfAAa9kGJIhQ6GBVl15UrIunN1P
A+MCZBjSruxKvfVdpl74cq9KKurlkssrZzcAAAAAADqOgAMAAAAAAHi9zvXgBAAAAAAA6IMIOAAA
AAAAgNcj4AAAAAAAAF6PgAMAAAAAAHg9Ag4AAAAAAOD1CDgAAAAAAIDXI+AAAAAAAABej4ADAAAA
AAB4PQIOAAAAAADg9Qg4AAAAAACA1yPgAAAAAAAAXo+AAwAAAAAAeD0CDgAAAAAA4PUIOAAAAAAA
gNcj4AAAAAAAAF6PgAMAAAAAAHg9Ag4AAAAAAOD1CDgAAAAAAIDXI+AAAAAAAABej4ADAAAAAAB4
PQIOAAAAAADg9Qg4AAAAAACA1yPgAAAAAAAAXo+AAwAAAAAAeD0CDgAAAAAA4PUIOAAAAAAAgNcj
4AAAAAAAAF6PgAMAAAAAAHg9Ag4AAAAAAOD1CDgAAAAAAIDXI+AAAAAAAABej4ADAAAAAAB4PQIO
AAAAAADg9Qg4AAAAAACA1yPgAAAAAAAAXo+AAwAAAAAAeD0CDgAAAAAA4PUIOAAAAAAAgNcj4AAA
AAAAAF6PgAMAAAAAAHg9Ag4AAAAAAOD1CDgAAAAAAIDXI+AAAAAAAABej4ADAAAAAAB4PQIOAAAA
AADg9Qg4AAAAAACA1yPgAAAAAAAAXo+AAwAAAAAAeD0CDgAAAAAA4PUIOAAAAAAAgNcj4AAAAAAA
AF6PgAMAAAAAAHg9Ag4AAAAAAOD1CDgAAAAAAIDXI+AAAAAAAABej4ADAAAAAAB4PQIOAAAAAADg
9Qg4AAAAAACA1yPgAAAAAAAAXo+AAwAAAAAAeD0CDgAAAAAA4PUIOAAAAAAAgNcj4AAAAAAAAF6P
gAMAAAAAAHg9Ag4AAAAAAOD1CDgAAAAAAIDXI+AAAAAAAABej4ADAAAAAAB4PQIOAAAAAADg9Qg4
AAAAAACA1yPgAAAAAAAAXo+AAwAAAAAAeD0CDgAAAAAA4PUIOAAAAAAAgNcj4AAAAAAAAF6PgAMA
AAAAAHg9Ag4AAAAAAOD1CDgAAAAAAIDXI+AAAAAAAABej4ADAAAAAAB4PQIOAAAAAADg9Qg4AAAA
AACA1yPgAAAAAAAAXo+AAwAAAAAAeD0CDgAAAAAA4PUIOAAAAAAAgNcj4AAAAAAAAF6PgAMAAAAA
AHg9Ag4AAAAAAOD1CDgAAAAAAIDXI+AAAAAAAABej4ADAAAAAAB4PQIOAAAAAADg9Qg4AAAAAACA
1yPgAAAAAAAAXo+AAwAAAAAAeD0CDgAAAAAA4PUIOAAAAAAAgNcj4OiAWSMje3sIAAAAAACgDZbe
HkBfd/9Fw3TfhcN018ub9Jf3d/T2cICfvZPHxSgmzOa+nZlfrYUb8lvcdtrwCKXGBbhvF5XX6ZMV
Od0+RnRMRJCPfjEp1uO+r9bmKbuoppdGBBy98QNDlZYU7L5dVevQ+z9m9eKIAAD4+SDgaENjuCFJ
j1w+QpIIOYBedve5QzxmVX20LLvVgONXJyfrshOS3LfX7C4h4OhDBsQG6NXbJnjcd8LvfiTggFc7
d0aifnvOYPftzPxqAg4AAHoIAUcrmoYbjQg5fr76R/nr+lNTFB7ko5PHxUiSFm8t1L68Ko/tnC6X
Kmscyi2p0aa9ZVq6rag3hgugF/z+/KEK8rPonOkJsppN2nmgQqt2Fnts45JUXetQUXmddh6o0A+b
ClRV6zjqc48fGKpHrxyplNgApedW6rcvbdLKHcXt7+jFIoJ89OR1ozVlaLhKKur12H936s2Fmb09
rE578OLhmj89QZL0n8UH9LvXNvfyiAAA8F4EHC1oKdxodPUpA/Tkx7u75A9SeI+ECF+Pb+Qk6fyo
xHb3K66o14+bC/TGwky9u2h/dw0PQB9ww2mpigk9tHyqX5Sfjhsd1eY+1XUOrd5Zog+XHdBTn+xR
Td2R/W55+vqxmjg4TJKUFO2vF24ap9E3fHNEx/IWD/xyuC6Y1a/hRoz07A1jtWxbkXZnV/buwDrh
vJmJ+v35Q9237zlviHZkVejVbzJ6cVQAAHgviowepq1wY29ulWb+9gfCDXRYWKBVp02O07/vmqTF
f5ulUybE9PaQAPQhfj5mTU+L0N+uHKktz5ygG05LPaLjNK35IEnD+wfLavlp/4ofkxLicTvA16LJ
Q8J7aTRHpqXxTh3mXY8BAIC+5Kf9108ntRduTP/N98oqrO7hUeGn4phhEfrk/mP06JUje3sorZo/
PUFZr8/1+A9AzxgQE6Anrx2tBX+aroggn07tm57jOWthb26l6u3Orhxen7Mru8Ljdp3dqQ3ppb00
miOzZV9Zs/s2ZzS/DwAAdAxLVA4i3EBnvf7tvmYFK60WQ9EhNsWE+WrS4DBNHBSmQL9DbzOTYeiO
swYpJTZAFz268oino3cXP5tZ8eG+vT0M4Cdha2a57n9zq8d9JkOKCPZRVIhNoweEaOqwCI9lLZJ0
4thoLXxkpuY/vFzb95d36Fy3Pr9Bf7typAbEBigjr0p3vLCxyx5HX3X/m1uVEOGniYPCVFZl1+P/
3alNXhYOvPDlXk0aHK4zj4mXJP1v2QE9+fHuXh4VAADei4BDhBs4Mqt3lbRbVyMiyEd/uHCYrjgx
ySPoOOuYeP3zmtG6+sk13T1MAL1k497SDtXeufmMgbrjrEFKjPRz3zcyOVhv/Xaipt3xfYeC0K/W
5v3ka24cbm9ulU783Y+9PYyjdvWTa/hdAABAF/nZL1FpK9zYX1BNuIGjUlhep5ufXa8Tf/9js9fR
r05O1lVzkntnYAD6jCc+2qVxN32rxVsKPe4flxqqp68f00ujAgAA8D4/64CDcAM9Zdm2Is25d7Hy
S2vd9xmG9NClIxQWaO3FkQHoC/JLa3XKHxZr2WGtpS89PsndmhoAAABt+9kuUelIuJGRV9XDo8JP
2aaMMt39ymY9f9M4GUbDfZHBPrp13iD94Y0tR3zcwQmBGpoYpOhQmwrK6rS/oFrr00v7TIHBmFCb
xqaGKirEJqvFpAOF1UrPrepwbYHuFuRn0eiUECVF+8tmNSu/tFZLthSqsLyuy84RF+6rkckhSoz0
U2WNXfsLqrVlX5mKK+q75PhBfhZNHRah6BCb/G1mlVfbtW1/udbuLumS4x/pmBqfV5NhKKuwWhv3
lnmEfF3J18esqUPDFRNqU6CfRXkltcosqO7V56CzyqvtuvrJNVr011kKCWgIPg1Duv2sQfpyTW6P
jGHa8AglRvopNMCqqlqHMvKqtGpncZd2DxuRFKzkGH/Fhvmqzu5UZn61lm8v6vUOZVEhNo1MDlZC
hJ9cLmlffpU27i3tsvdpTxmcEKjBCYGKDfNVRbVdu3MqtXJHcZcdv69/pgMAft5+lgEH4QZ6y4sL
9uqyE5I0PS3Cfd8VJyXpwXe2dSqQiAjy0Z3zB+sXE2M1rF+wOzBpVFBWp4Ub8vX0p3u0cEN+q8f5
5qEZSokNcN9OjvFvtk36S3M8bn+3MV+X/311m+OLC/fVDaem6tRJsRreP1gWs9Fsmz05lfpuQ77+
8dEubdzb84UBjx0VpZvPGKjZIyPdF5ON6u1Ordldoqc+2aPXv913xOe46fRUnTsjURMHh8nnsJad
1XUOLd5SqDcXZuqVrzM6fWxfH7OuOjlZFx3bT6MHhMjXx9xsm4KyOn2/MV9PfLRbizYXHPHj6Iyp
Q8N1+1mDdMKY6GbPa02dQ0u3FenZz9P17x/ar03RHqvFpKtOTtYFs/ppTEqIR52bRgVldfphU4Fe
+TpDHy/PPupzdreNe8v0wpd7dftZg9z3HT8mSlOHhmvpYbM7mnr7zkma0qTl6IK1ubrmybUdOucZ
U+J0zSkpmjosXKEBzWeUVdU6tGJHkV5akHHE74cZaZH61cnJOmFsdIuFjKvrHFq6tUjPfdHx18Zd
84fomlMGuG8fKKrWtDu+b3HbC2b100OXprlv/7CpQJc+vkqSdMnx/XXFicmaPCSs2fuossau7zcW
6KlP9+izlZ5FpbvCzBGRevW2CR73zfnD4hbDAn+bWZufPtHjvrTrvlJVrUP+NrPumj9E86bGa0RS
898JeSW1+nDZAT3y7g6l53p23OkIb/hMBwBA+hkGHIQb6G2vfZvhEXAkRPjpzKnxHSpGKEnXzh2g
+y4cptiw1rudRAb7aP70BM2bEqeXv87QDU+vbzFASYz0azHUaOrwf4/JbLvLyq3zBuoPFw5r8UKp
qZTYAKXEBujcGYl6/MOduu+NrW1u31WsFpOevHa0rjgxSVZLy6v0rBaTJg8J1+Qh4TpudFS7gc7h
jh0VpX9cPUqjBoS0uo2fj1knjInWCWOiddGx/XTdU+u060BFq9s3NT0tQk9fP1YjkoLb3C4y2Edn
T0vQaZPj9Ozn6brr5U3d+i35ny9J021nDmwxbJEaQpljR0Vp9sgonT8zUX99f8cRn+uUCTF64prR
GhQf2OZ2kcE+OuuYeM2bGqd3F2Xphv9b16Wzc7rD05/t0Q2npcpmbXh9mgxDFx3bv82AIy7M1+O9
GhPafjekxEg/PfXrMTp9clyb2/nbzJo9suHndsGsfrrxmXXand2xi+SwQKv+cvlIXXZC/1bfb1LD
++G40VE6bnSUzp2RqGv/tbbd2T5hgVaPx2w2Nb/obhTsb/HYNrckUDGhNr12+wSd1MYSoABfi+ZO
jNVJ42L08lcZuv7pdV06O87fZm72Getrbfl5MpuMZttGh9o0OCFIT147WoMTWn8vRIfadPWcATp1
Upwu/ttKfbu+9eD7cH39Mx0AgKZ+VjU4CDfQF7zy9T6VVXlOeT5pXHSH9v3L5SP0f78e22a40ZTV
YtLVcwbovbsnd3qcR+KFm8fp8atGtfuHcFOBfhb94YJheviytPY3PkqGpPfvmaxrThnQ5sVWU5ed
kNSpsV0wq58++sPUNsONw50wJlqf3De13bBJamgh+r8/HNNuuNGUj8WkG09L7dbXwRPXjNY95w1p
NdxoyjCkeVPj9cLN447oXNfOHaAP753abrjRlMkwdP7MRL179+QO/+x7y+7sSi3f7hlmzGgSinaF
xEg/ffHHae2GG4c7ZUKMFvxpeodeqxFBPvr8j9N01ZzkTj3nZx0TryV/m6X+Ue2f40jFhPrqsz9O
azPcaMpiNnTVnGS9dvuE9jfuQadMiNV7d09qM9xoKj7cV6/fMbHDz21f/0wHAOBwP5sZHIQb6Cvq
7U5tzSzX5CbTyUcmt38xfO8FQ/XbcwZ73FdRbdeXa3K1aHOhcoprFBZo1fiBYTrzmHhFBPm4tztj
Spz+fvUo3frcBo/9X/hyryKDD203eUi4Zo2M9Njm8G/Zt2e1PMvgoUvTdOVJyR73VdbY9fGKHH2z
Lk8ZeVWyWU0aGBeouRNjdcKYaI9p1L89Z7A2pJfp7e8z230ujtTY1FCNTQ2VJLlcDW08F27I1/6C
atmsZg1KCNDJ42KaBUg3nzFQz36err25bX9GnDQuRi/fOt79zbskOV0ufb+xQF+tbXgOrGaTRiQH
a96UOA1scoE+JDFIb/5mYqtT7KWGC8YXbx7frDDt6l0l+mJ1jvbmVqmq1qHESD8dPzpKx46K8riw
nDsxVk9eO1o3PrO+/SerE248LVU3nZ7a7P7M/Gp9sTpXGXlVqrM7lRDhqxkjIjXu4M9geP+OhzSN
Tp0Uq39eM9rjcTldLn2zLl9frM7VzgMVqqlzqH+Uv04YG63TJ8fJ33YodDludJQe/9XILn8OutqG
9FLNHHHovTg4IVD+NnOXzcB57sZxSjssJMvIq9LHy7O1JbNcxeV1ig61adLgcJ06KdZjuVFKbIDe
uXOSptz2XZvn+PDeqR6fc5JUXFGvz1bmaO2eEmUX1Sg8yEejkkM0b2qcokJs7u0Gxgfq7TsnavZd
i7qlnlByjL87pLE7XFqytVDLthUpt6RWQX4WDYoP1JwJMR6fo5J0/sxEbdlXpgff3ta2uYb9AAAg
AElEQVTlYzoS//frQ112Sivr9fW6PG3eV6bSSruiQ206Zli4pg2PkKnJh218uK/+cOFQ/eqJtlvT
esNnOgAAh/tZBByEG+hrNmeUefzhnxTd9rdpJ46N1u/OG+px3/r0Ul32+Cqt21N62Nbp+vO/t+nj
+zy/5b/mlAF6c2GmVu08VGzu0f94hheXHN+/WcBx58ub2n08w/sH65Z5Az3u27KvTOc9skKbMpqv
xf7HR7t02QlJeu7Gse4LVZNh6I6zB/XIH8PZRTX6zUsb9ebC5ueKCrHpjTs8p637+Zh13dyUNp+L
mFCbnr1hrEe4UVBWp2ueXKMPlhxotv29r2/Rq7eN17kzEt33HTMsQjefMVBPfLSrxXP89pzB6hfl
577tckm/f32zHvr39mbb/vX9HTp1UqxeumW8x4XjVXMG6P8+3aOtmV1TEDAx0k/3/j97dx4X1XX/
j/81wwz7sIoIIgoqoqIIuBEVxbhEo9HENnuTT5Mm3ZI06fJp03RJ0uXTNv20aZs2baKJv3wSzWKi
xmjiEndBRZFFBEQERHbZ923m9wffuZk7c2eDGYYLr+fj4SO5M3dmzr2ce88573uWB8R5s69fh79/
eg0/2por+ZkHV0zC374dLwqu2eqVx+eIghtN7b345l8vYk+66TnedqgUi2OD8PELi0XzPjy2Zgp+
/2Ehqhq67P794XLxmnhyVE93N8yN8jdZZWUw7kgKxbr54p4Ln6RV4r/+cgGtnX1Gexdj5qSB4Js+
OAgMBEO/e2c0Xt9/XfI3XrgvVjQUDwC+zKrFo3+5KLk62QvveOCtZ5OwYeEE4bXbZgbjxQdn4oV3
8uw8QtsV3mzFd17LwvFc0yEbgb5qvP79BNyXEiF6/Yd3T8e7R8sHNZeFs3x46iaefSNHMk/flxKB
t55NEgX6tiyZiKdez0ZXj3TATG73dCIiIr2R3U/XASwFN6obuxjcIJcwngPA+CmhsZcfniVqOBdX
tWPDi2kSwY0BpTUd2PhSGmqbvhrD7uXuhueMKqyO8sQdU+BlMDShrbMPd//2rGRFWG/7kTK8ebBU
9FpCdABmRGickka9qoYu3PlimmRwAxhYrvOR/72Amibx+P+FMwItfu8L98eKuu139vTjwT+dlwxu
AAMTbt73h/M4nVcvev2766Mk9wcGuqMbOnChWjK4offZ+Wp8+x+XoNN99ZqHWolvrIy0dCh2+cmW
GFEABQD+8FGh2eAGAOw4Xo67Xkqz+7c2LQ5DrFH++MF/siWDG3pnCxrwwzfFPZe8PdxEgaWRqKbJ
tKEaFeojsaf9jI+9sqELD72SIRHcGJBf3ootvzuHWy3i+9bXlkyU3D/QVy2aJBUAzl9txIaX0s0u
vV7X3I2NL6WZTIb7+Fr7hrfY41plG1a9cFoyuAEM9Da5/4/n8b7RpKcBPmr88G7n3EsH45+fXcd9
fzhvNmD3wcmbJkHTAB81lseNk9wfkNc9nYiIyNCoDnAwuEEjVXO7uCGhclOYDXJsXBSGxbFf9fbQ
6YDnt1/GzVvSDQW90poO/Ptz8dPVtUmhNs2RYC/j+SBO5dXjqpmhLIb++Zk4fQrFwCoczvTsGzlW
lw6taerGIaNlOWdMNF9JD/H3wMOp4qDBtoOlOHyp1mp6fvXuFVEAYkaEBrfPk56TJdKg9wYAnLps
fWWU3emVyLouPl575u+w5u7kcNH2xWtN+OX/WV/2OL2gAX/dI91TxZwFMeIgU01TN9750vqqHh+c
vGlyr587xXHnwBmMgwnAwNK7jhA1QdxjLONqo9kn+XolNe34JK1C9FrsJOlr4sk7okTDqPr6dfj+
v7Ks/gYA/PDNXPT1f3VBhAZ4YNNi++YJsdWT/7hk9T4KAN957ZJJ8ODOhRPM7D28Orr78dTrWVb3
e+OLEtF5BYD5080HbeV0TyciIjI0aoeoWApuAMCEQE9c27p2GFMk9tKOfLz4HmcYH6vaukyflPp5
qyVXd3j0dnHDObukGR+drjDZT8qbX5Ti5/fGCkv6BWvcsTZxPPaedexymQ/+KUPUw6Rd4vikXLnR
gtbOPlHDLTTAw8Inhs7W1Wqu3BAP4fDzNn+7/MbKSFGDrqunH3/4yLYVQo7l1CG/vEU0H8WGhRPw
ZZb14EiQlZ4/ev8+UCKa9LTIxtVarNmwcIJoyAwAs0MWpOw4Xm5Xr6JXPi7Cvw+UCNv2zM1QVtsh
GgoW7OfcfDZUDRL3Ak935zyT8PexrSqw63QFevu+aiR3mglYbDYKen2ZXSsaGmfJhaJGXChqFAV1
F0wPxC4b73n2sLSEtqHm9l5sP1KG5++dIbwWFeqDJbOCceZKvYVPOt9fdhfZtF9pTQeqG7sQMe6r
6zVIY37iUDnd04mIiAyNygCHteAG0UikNNN2WRgjfvp1IKPa5u+8easTV260iBq3idMCHB7gsLac
oyUd3f2iyrC7mSUSHcH4CaYlt1rEx+TtoYJapZRsVBuvcHHmSr3ZrvhSzhY0iAIcs8w8Gb9R14k5
BpM93n1bOP7+abHV33rjixKL7w/WYqMns22dfTYHkAajub0Xze291neU0N4lboy7j/CVVKQoFOaX
QbVHSXUHVsz5alu/HLK1pUMPX6q12itJrVKaPP0/lGk9WGfo8wvi3lPmhs4Mpx3Hy/Gzr88QTaK5
ODbI5QEOe+bSaW7vFQU4NF7mAxxyuacTEREZG3UBjhVzQhjcoBFPKdFOMXwyqjdnip/JE/KzhfZN
Mlh+q1MU4IixMNTC2cKCPEUT3QEw2VbAMY04KVdumB8/bqzHKJChUACeaukAR9I0cVfv7BLpuVHM
uV4tHj4RNUF6roW9Zysxx2BoxfRwX5z9ywr8a/91bD1YOqRGyWAYr/6TX946Ihqjgb5qBPi4i4KG
jhreMVzcJG4S/VrbA3SWvHe8HI+uihRW1vByd8PeXyZj+5GyIU9Au2RmMHyNzvVJG4ZSGXp5Zz5e
3jmyejheLmtBRX2nKEDgyKFew6HPKP+oVUO/17r6nk5ERGRMXjU+GxzPrcNLO/IZ5KARzcfT9NJr
bDPtkj7dYBlRvV/cH4v/3hJj8ro50WHixrLfMDT0PN3dcO+yiVg3fwJiIzSYEuoNjZdKstE2nIwr
+I4y3qgL9vc3TDXpeWOJcVdxc43x331QiPULJgjLrAIDq5j8/tHZ+NUDsbh4rQkZRY04mXsLn1+s
sWnOg6EwXgWl1AVzGq1JDMXXlkxE3BQ/TJ3gg0BftdMmpRxOgb6mw486HbRE7JdZtdh2sAxP3DFF
eM3XS4WnNk7F9zZE43JpCy4UNSItvwGfna8ymXDXksjx4oBsT5/W5uEpw0mrs/9eUFrTIQpwWJsc
ejQZqfd0IiIiY6MuwAFAmNuCQQ4aqYwbhh3d/ZJPvo0bzgCwMMbyah7WGD9ddSS1Somffi0GT2+c
Kpn20SjE30M0Vh0YWKnEeIlMe0gFwICBuT02vJiG93+6EClGKyB4urthyaxgLJkVjGc3TUNbZx/S
CxqwJ70S24+UocNBjWNDvkbpbGob3PCRwXhg+ST84v4ZoqE9o0mYwbK2eo7sofPkPzLRr9XhiTum
iBqpSoUCc6P8MTfKH4+tmYLePi2yrjfj84vV2HawDDfqLAexjBv9xkOD5Ky5Q5y/NRbm5RktxuI9
nYiI5G3Uls7WghzVjV147NWL6Oy2fZI6RyqtbXfJ79LIEDlevIqB1JKQABDg4/gnhM6ae2BisBd2
/XyRybwMhnr7tOju1Yqenvp5mx8HLgcTg00bokOldjP/VLSqoQvLf3oST22ciu+ujzLbwPf1UmF1
wnisThiPXz04E1sPluC37xc6tFeHcVd0c5NOOtobTyeKeh8Y69fq0NXTLxrSIbd8JtV7q+Dm4IeO
SPnuPy9h79lK/PTrMVg2e5zk03i1SokFMYFYEBOIH98Tg4/PVOBX715BaY10oMPLKE8YD/WSM+Mg
oZcTVqQaScbqPZ2IiORt1AY4AMtBjgmBnvjF/bFY84szNs8OTuQoc4zGbheZWX5PJ9GNeijj44GB
5R4dTa1SYvcvFpss41la04F956twPKcOmcVNko2i6vfulPUs+1I93Tt7+s02AG1hSxDitX3FeG1f
MdYmhuKeJeFIjg3GzEkaYcUcQ6EBHnjhvlhsWBiGe//nnE3LPdqiu1fceDXuyeIM//rePJPgRnN7
Lz49V4XjubeQcbUBuaWmc60ceGkJ1s0PdXr6HCVxWoBo+1ZLj8P+boa+uFiDLy7WID7KH/cvj8Dy
OSGYO8VPsheRt4cbvrEyEmsTQ/Gtv2di3znTyYqN84RUfpQr4/xtfKyjyVi+pxMRkbyN6gAHYDnI
cdvMYBz7n2VIff4Ugxw0bOKj/DE1TPx09kJRk+S+jUZd/vv6dZj1ncNOS9tg/eL+GSYV4b9/Wowf
b8u1aylPObp5y3QFk8f+ehHvn3TeaiKGDmbW4GDmwKoTIf4eWJM4HktmBmPF3BDMNFqNJT7Kf6DR
8uwxhwxZMR5W5eyJPG+fNx5P3BEleu1YTh2+8ecLdq1aIwe3zRQ/Nc++Ln2PcJTskmZhclxPdzes
mheCpbPHISVuHBZMDxQFKsYHeODdH8/HqhdOI+OqeH4N43uWcS8fOTMekjUSJtR1lrF8TyciInmT
/0xsNnjxvXy8tEN6RvYFMYE49j/LzI55J3K0b62dIlpqUKcDdp2pkNzXeOiKyk2BhKkBkvu60gPL
J4m2d52uwA/+kz0mKsL1rT0mQzPMrYLibHXN3XjvWDm+968szPrOYWz53VlcqxQ/9Z8V6YenNk51
yO81tIonxo0M8Tazp2N8a+0UUUO7qLINm15OH3XBja8tnWhyLo9kWV7C1ZG6evrx2flq/Ozty7jt
R8ex8LljOJYj/n0/bzV+fu8Mk89WGv0tvNzdEDPRdLiNHEUarWhlnP9Hk7F8TyciInkbEwEOwLYg
h9yWEST5mRjshYdSI0Wvnb5yC5eKpZ/OXihqQl+/eAzEyvgQp6VvMGZO0pjMF/DGFyU2f340rERQ
Ui0e9pM0bWQEoT5Jq0Tq86dMeplsWTLRId9/uUw8FMTZDdnFM8S9Gj4+U2HzU/RAX/nMC/DDu6eL
thtae/CmHdeUo10qbsLK50/hSFat6PV18yeYrFhz5kq9ydCN5NjBT7jrLEqFfUNnwoI8Mdlo7iTj
/D9a8J5ORERyNmYCHID1IMfJPy1nkIOc6rXvxps0tP66+5rZ/SvqO00mFrw7OdwpaRusaRKTIV65
Yfs8IaNhjP55o276q+aNd3gl/50fzcfxP6QI/376NduWCr55qxOfpFWKXjNc6nIozhY0iLbHB3hg
w8IJDvluKSH+4nNaXmd7zw1LEyWOJD/ZEoNko7S+e6wc9Q7qLfDCfbGifPTWs0k2f/Zfn10XbXuo
lZg7RTyfUGtnn8k9a03ieLvS+K/vzcON7euEf396LM6uzzvD/SkRJsGctPx6F6XGuXhPJyIiORtT
AQ7AcpBjXrQ/gxzkNK88PgebjYITZ67UY3d6pZlPDPjS6KnpbTODsWlxmF2/vTg2CCH+1id9k5ow
0xqpMfa2Psm39zhGqr1nxZMt+vuo8bxE931LJgZ7Yf5080sATwv3xfI544R/6+bbHkiobhQPdXLU
SjqfZVSjpkm8dOn37rR9+MuWJfYF6zzU4rwWbuMKNhODHRPQcbb7UyLw0sPi+aJutfTglY+vOuw3
QvzdRfnInr9Baa3phJJSwzu/uFgj2r5zwQS7/gZrk0IxKcRL+Fff4pyhIPYE+v5r1WTRdlltB07n
jc4AB+/pREQkZ2MuwAEwyEHDK1jjjp0/XYgf3yPudl7b1I3H/5Zp9fN/2X0NbQbd8BUK4NUn4xEV
ats8D/OnB2LvL5Nx+pXlWDTD8lNsqfHVU0Itz6sgtbLDw6mTJPYUS5oWgP88nWjyup09x0eEPemV
yDQaZvTUxqlYv8C2IIS/jxq7f7EYh3+3FI/cHim5z4UicS+R5JlBWDLLtq7/8VH+om3jgMdg9fZp
sccoQLc2abzZYzA0c5IGP/u6fUEg4zlpNi603pjy91Fj188Xmbw+0vLZLx+IxdvPJYmWHu3r1+Hp
17MkJ7IdrJOXb4m2/bzVNv8dls0W57d+rU5yVad/H7guWgnI30eNP39rjk2/8Yv7YxFtMIdNd68W
H6dZDgIP1rYfmN5/pPz8vhmYa3QNSa0gM1rwnk5ERHI2JgMcgG1BjgAf+YzZppFnzhQ//OmxOFz5
92rcnxIheq+7V4vvv56FwpvWu/3eqOvAtkOlotemhHrj85dvM+nKbuzh1Eh8/vISjA/wQMxEXxz8
zRIsmz3O7P43JSZr3LTY8hPeSxJLBT5y+2R8f0O02c98Z30UDv52qeRSggEymivB0B8+LES/9qsu
MB5qJXb+9wKrjf1FM4Jw+pXlWBATiAAfNd56NgnPbZ5mst9bh0pFcxu4q5TY/lyS1fk+Hrk9Enff
Jv4bGk8YORR/2V2E5vavVs5QKhR47bvz8Ojtk81+ZsmsYHz+8hK7f8t4SMzcKH+8/VwSPN2lV+pI
nRuCtD8vlxye4uft+iB2WJAnfnTPdOS9vgovPzzL5Dj+uqfI4avxfJJWaTLx7M/vm4GHrDRgk6YF
4KdGgZCMq42oa+422be0pgPbDpWJXrs/JQL/+E68yTAPQ89umoZfPRArem3X6QqT9DrKmsRQfPT8
IosPNL53ZzR+9YC4V01rZx/+sa/YKWkaCXhPJyIiOXN9Dc+FLC0hOy/aH6dfWY6lPzmBpvZek/eJ
Xn54JlbNE48t91ArofFSIXK8N8ICPSWfXN1q6cETf880efJtyU/euoxFM4JEDbUZERoc+0MKdqdX
Yk96JbKuN6OhtQczInyREB2Ae5dFYMmsYFEarla0IcOoJ4ChC0VNaOvsg69Bhf/Fh2YiNMADOSXN
cFcr4al2M5lw7u3DZaKu9Sq3gUbuQ6mROJZdh4r6Tmi8VJg83hurE8ZLjvHWk+sEdR+drkBK3HXR
CiV+3mpsf24+/mvVZOw6XYH0ggaU1rQjeoIPZk7yw5Yl4VibFCp6at/Y1ouDmbUm3591vRlvHSrF
d+/8qpExLdwXp15Zjr1nq3DwYg2yrjfhVksPJgR6Yv70AGxYGIZ180NFEyo2tvXi7586rnF2taIN
r3xchN8+Mkt4TeOlwtvPJeG/Vkfis/PVQgN1SqgPVsaHYG1iKDzU9sfXX9t3HZsWh4vG+P/XqslY
OisYBy7U4Hp1OxQAJo7zwrLZwVgQE2h2MslAX+fns3uXRcDbQ1zMuikV8PVyQ3iQFyaP95acr6C3
T4vfvF+A3+wscEq6XtyRj3d+NF84NxovFd750Xw8vmYK9p2rQnpBA27e6kSwxh2xkzRYkzAe9y6L
EN0XdDpYzEfPb7+M1QnjRUMbnto4FalzQ7DzxE2kF9SjpLoD4/zdkRwbhK8vjcBSox4ihTdb8ZO3
ch189GJfWzoR86cH4v2T5Th5+RaKKtvh763CvOgA3JcSgVXzxpvcx//5WbFkL4fRhPd0IiKSqzEd
4AAsBzlmT/ZjkIPM8vNW2z2h4vmrjXjy75nILmm263O9fVo8+KcMfPTzRaIn9h5qJe5PiTDpISIl
t7QF9/zurKjruLGunn4cyaoVzRUSYDSfxIWiRpMAx8s783HbrCCsTQwVvZ4cG2Sxl0ljWy/6+rWi
+UHCg2ybV2Ek+uHWXAT4qvGwwUo5CsVAT4LUudZXv2ls68X9fzyPKzekV2f44dZcTJ/oKwqsebm7
2ZwHunu1+PG2XIc/Ef/dBwWYPVkjWlpSoQBWzAnBijnmj7uosg3Twnxt7sJ+PLcOv/+wwOSJ+rRw
Xzxzl/kGllanw/WqdlEjbELg8OQze+8R5XWd+PG2XHx4yrE9Nwy9d6wccZP98NOvzRDOvVKhsDmf
AgPDUHaeKDf7fmtnH7b87iz2/fo20TC32ZP9RMEwc8rrOnHP786hqsExw6mkNLb1ItBXjSmh3vjZ
12fYNFTn8ws1+NW70r0/RxPe04mISK7G7BAVQ5aGq+iDHHwCQUNxqbgJD72SgUXPHbM7uKFXUtOO
1J+dxI7j5SZLx1rzSVolbv+56XKhUn7y1mXJbud6SqV0a/SBP57H5xdqJN+TUnizFXf++gzSjYYd
xE3xN/OJka+3T4tv/PkCfvl/V0TDNmyRXdKMNb84bTKprKGunn5sfCkdb35RanceqGrowmOvXsRb
RsOdHOXBP2Xg7cNl0No4U21uaQvW/zrN7vlAfv1uPl75+KrkfDFSGtt68firmSZDJgJ91VaHeA2n
ivpO/OKdK4h58pBTgxt6z2/Pw3Nv5tidTzt7+vH7DwrxvX9lWd33clkL1v/6DE7k3rK6r6FDmTVI
ff6k2UCfI2h1Omz+TbpdK/HsO1eF+/5wzua8J3e8pxMRkRwxwPH/WAtynPkzgxxkXb9Wh7bOPpTU
tONYTh3+srsIKf99EonPHMWO4+afdtqqtbMPD72SgZXPn8Jn56st9izq6unHsZw6bP5NOrb87qzF
oIWha5Vt2PRyOrKuSwdizD1sb2zrxfpfn8FTr2ch63qz2RVZyus68ZudBUh85ijSCxqQni+uDIcG
eNg8OedI9dv3C5Dw9FFsO1RqsQGl1emQU9KMZ9/IwYJnj5lMJCqlq6cfT/4jE2t+cRqfnqsSTUAr
pbSmA//7SRESnv7SIXnQksdevYj7/nAe5wobzAY6Sms68JudBUj6wVFcq2xDS4f9veP++63L2PBS
Oo5m14nmJTHU3N6L/+/LMix49ii2HynD4Us1JnnyniUT7f7todLqdOjs6UdFfSfOFTZg68FS3PeH
84h67CB+90GBxR5Wjva3vdcw/9ljePOLUpPVcIw1tvXi3WM3sOwnJ/DCO3k2/0Z+eStW/OwkvvPa
JaQXNJgNDuh0A4Hgb//jEtb+8gyKq9rtOpbBOHn5FuKfOoJX915DpYWeIpfLWvDdf17CXS+no9XK
9Taa8J5ORERypMD6jwexMOTo9eJDMyWHqwADTyeW/PgE6luds2Qdkb3UKiXWJYUieoIPxgd4wE2p
QENrD8pqO/D5xRq7n84aWzEnBLfNCkKwxh09fVqU1XbgaHadTePPk6YFYP70QIQHe8JT7Ya65m5k
FjfhaLbjJriUi6WzgzF3ij/GB3jAx1OFprZe1DR14UhWrclkfvby9nDD7fPGY+YkDYI17lC5KdDS
0Yfa5m6czruF3FLnPQW3JD7KH7fNCkbE/1setLa5G5eKm0xW8RiqyBBvpM4NQcQ4LwT4qtHY1oOi
ijbsO189rMGC0WDZ7HGYF+2PCYGe8PJwQ3tXHxpae3CpuBnHcx1z3U4J9cay2eMQHuSJYD939PXr
UH6rE8dz6iRXZHGUb6+Lwr+fShC2tTod3DbsFu2zMj4Ec6f4I8TfAwoFUNnQhYtFjSY9EsYq3tOJ
iEgOGOCQYCnIUXCzFQlPH2XFmYiISCZsCXAQERGR/HGIigRLw1X+faCEwQ0iIiIiIiKiEYYBDjOk
ghzPvpGDv+295qIUEREREREREZE5DHBYYBjk+NnblxncICIiIiIiIhqhVK5OwEj34nv5OJpd5/CJ
8YiIiIiIiIjIcdiDwwYMbhARERERERGNbAxwEBEREREREZHsMcBBRERERERERLLHOTiIiIhoVCuq
bMPOE+XCdr9W58LUEBERkbMosP5jlvJEREREREREJGscokJEREREREREsscABxERERERERHJHgMc
RERERERERCR7DHAQERERERERkewxwEFEREREREREsscABxERERERERHJHgMcRERERERERCR7DHAQ
ERERERERkewxwEFEREREREREsscABxERERERERHJHgMcRERERERERCR7DHAQERERERERkewxwEFE
REREREREsscABxERERERERHJHgMcRERERERERCR7DHAQERERERERkewxwEFEREREREREsscABxER
ERERERHJHgMcRERERERERCR7DHAQERERERERkewxwEFEREREREREsscABxERERERERHJHgMcRERE
RERERCR7DHAQERERERERkewxwEFEREREREREsscABxERERERERHJHgMcRERERERERCR7DHAQERER
ERERkewxwEFEREREREREsscABxERERERERHJHgMcRERERERERCR7DHAQERERERERkewxwEFERERE
REREsscABxERERERERHJHgMcRERERERERCR7DHAQERERERERkewxwEFEREREREREsscABxERERER
ERHJHgMcRERERERERCR7DHAQERERERERkewxwEFEREREREREsscABxERERERERHJHgMcRERERERE
RCR7DHAQERERERERkewxwEFEREREREREsscABxERERERERHJHgMcRERERERERCR7isrKSp1Op4NO
pwMA4b/DRf97Wq0WOp0OWq1W+NfX14fe3l50dXVh4sSJw5ouIiIiIiIiIgIqKirg6ekJtVoNlUoF
pVIp/FMoFFAqB/pOKBSKYU2X/vcUCgUUCgVU+oS4KsChZxzg6O/vF15XqVRwc3NzSbqIiIiIiIiI
xjJ9m1z/Xzc3N8kAx3AzDHAAgEqtVouCGq7uwaEPcuhPlE6nQ19fH9Rq9bCmi4iIiIiIiIgANzc3
ofeGPsihb7OPhB4c+v9XqVQquwMcjky0uSEqhgEOtVrNAAcRERERERGRC+iDG8M5RMXe2ITkEJXh
Zim4YnjSXNXlhYiIiIiIiGgsM26bj5Q5OPSEISpKpRI6nc5lCTEX4NDpdCNiTA8RERERERHRWKZv
kxu2z0dSgEP/2yr9mBlX9eAwTIz+v+b+EREREREREdHwstRON2yvu7wHh7mEGAY8nJlISz049HNx
cIgKERERERERkWuY670xnD04bIlRqMy94er1a9mDg4iIiIiIiMj1RkIPDlu+2/O4e1oAACAASURB
VGyAY7iZC3AYvkZEREREREREw8vWDgmubreP+AAHe3AQERERERERuc5I6MFhC1kEOAzfJyIiIiIi
IqLhxQCHHdiDg4iIiIiIiGjkkVUPDluXiB2OCUMY4CAiIiIiIiIaOVwZ4LAnXqFyViKIiIiIiIiI
iIbCnngFh6gQERERERERkVlyGaKidOmvExERERERERE5AAMcRERERERERCR7HKJCRERERERERGZx
iAoRERERERER0TBhgIOIiIiIiIiIZI8BDiIiIiIiIiKSPQY4iIiIiIiIiEj2GOAgIiIiIiIiItlj
gIOIiIiIiIiIZI8BDiIiIiIiIiKSPQY4iIiIiIiIiEj2GOAgIiIiIiIiItljgIOIiIiIiIiIZI8B
DiIiIiIiIiKSPQY4iIiIiIiIiEj2GOAgIiIiIiIiItljgIOIiIiIiIiIZI8BDiIiIiIiIiKSPQY4
iIiIiIiIiEj2GOAgIiIiIiIiItljgIOIiIiIiIiIZI8BDiIiIiIiIiKSPQY4iIiIiIiIiEj2GOAg
IiIiIiIiItljgIOIiIiIiIiIZI8BDiIiIiIiIiKSPQY4iIiIiIiIiEj2GOAgIiIiIiIiItljgIOI
iIiIiIiIZI8BDiIiIiIiIiKSPQY4iIiIiIiIiEj2GOAgIiIiIiIiItljgIOIiIiIiIiIZI8BDiIi
IiIiIiKSPQY4iIiIiIiIiEj2GOAgIiIiIiIiItljgIOIiIiIiIiIZE/l6gQQEdHo0t7ejtraWmE7
PDwcHh4eLkyReXJKKxHz6+ij0+lQWloqbAcEBCAwMNB1CaIxj/cZkjsGOGSou7sbarUaSuXI74Aj
p7QS2WI05mlHH1NJSQneeecdYfvpp5/GpEmTHPLdjiantJKp0Xg9WsL8Ovr09/fj9ddfF7ZXr16N
1atXS+471vK7vfr7+1FYWIimpiYEBQUhJibG5FwdO3YMN27cQGRkJFJTU12U0pGN9xmSOwY4nGjf
vn2oqakBAPj4+OCBBx4Y0vfpdDq89957yMnJgaenJx5++GHExMQ4IqkOJ6e0EtliNObp0XhMY9m+
ffuQl5eHhoYGADD5W6rVamg0Gvj5+SEqKgpTpkyBm5ubK5I6ZMy7ZI++vj5s3boV169fBwA89NBD
iI+Pd3GqbMf8bl1NTQ3efvtt4f4HAKGhoVi3bh1mzZoFYKBnwqlTp9DW1uaqZBLRMGCAw4lu3LiB
srIyAIC/v/+Qv+/mzZvIyckBAHR1deHgwYMjtoCTU1qJbDEa8/RoPKax7MaNG6LK/dWrVy3u7+Hh
gQULFmDlypXw9fV1dvIcinmX7JGXlycENwDg+PHjsgpwML9b1tvbi+3bt4vuf8BA0GP79u0IDQ1F
SEgISktLheCGPuhBRKMPAxwyolarRdsjeTycrWnt7e3Fvn37hO24uDgW2jQs7M17crr+bDUaj4ls
193djdOnTyMjIwMbN27EwoULXZ0kmzHvkj0uXLgg2q6oqEBlZSXCw8NdlCL7ML9blpubi/r6egDA
nDlzsHjxYrS2tuL48eOorq5GTU2N0KMaACIjI5GYmOiq5BKRkzHAISMTJkzAunXrcOHCBWg0Gmza
tMnVSTLL1rT29/fj7NmzwnZwcDADHDQs7M17crr+bDUaj4m+8sQTT4i2e3t70draiqqqKuTl5aG5
uRnAQKBj165dqKurw5133umKpNqNeZds1dTUJNmb6cKFC7jrrrtckCL7Mb9bdvPmTQADvaUffPBB
YejdvHnzcO7cOZw4cQINDQ3w8vLCvHnzsG7dOtkOzyMi6xjgkJnU1FTZTIokp7QS2WI05unReEw0
UNGfPn262ffvuusuXLhwAZ9//jna29sBACdOnICfnx+WLVs2XMkcEuZdskVmZiZ0Op3k6+vXr4dK
JY+qMPO7ecnJyYiNjYW7u7socKFUKpGcnIzk5GT09/czqEE0RnAaZiIiojFGqVRi4cKF+P73vy9a
knL//v0oLy93YcqIHEen0yEjI0PYvv322+Hu7g4A6OjowJUrV1yVNHKgkJAQxMTEYMqUKWb3YXCD
aOxggIOIiGiMGjduHB555BFhKUWtVosvvvjCxakicoySkhJhbgaFQoFFixYhLi5OeN8w+EFERKOD
PPrlEYCBiueePXuE7djYWJNZoMvLy0UF9t133w2FQoGqqipkZmaiqKgIzc3N6O3tha+vLyIjI7Fg
wQKTrsz9/f3Izs5Gbm4uqqqq0NbWBrVajaCgIEybNg2LFy8WPfWzJ61HjhxBS0sLAKCzs1P0uf37
9wuVEWCg22FYWJjF81JUVITs7GyUlpaiubkZarUafn5+mDp1KuLj4xEZGWnx84Z0Oh2uXbuG7Oxs
lJWVoaWlBTqdDhqNBsHBwYiLi8OcOXPg5eVl83faw5HHYo/e3l7k5eUhNzcXNTU1aGlpgZubGwIC
AjBx4kTMnz8fkydPhkKhsPk7r127htzcXJSWlqKlpQX9/f3w8/NDWFgY4uLiMHv2bKtdg6uqqpCe
ni5sb968GUqlEu3t7cjMzMTly5dRX1+Pzs5OeHt7IyIiAvHx8Zg7d67QYDM0lLxny/Xn6PTqlZWV
4eLFi8L2HXfcAW9vb7P7A0B6ejqqqqoAAH5+fli1apXJPrYck7G6ujpkZGSgsLAQTU1NUCgU0Gg0
mDZtGpKSkhAREWHx8+Y0NzcjMzMT165dQ21tLTo6OuDh4QE/Pz9ER0cjLi4O0dHRdn2ns9IKuO5a
dYaJEydi6dKlOHnyJICBY7t586bN52eo58L4ulm3bh08PT2RmZmJjIwM1NbWor+/H0uXLsXq1asB
WM67dXV1OHXqlPDewoULbTqW/Px85OfnC9sbNmwQnvYbk1N+dXRaXV1O2sOwPjR16lQEBAQgKSkJ
mZmZAAZWGmpqakJAQIDV76qoqMC5c+cAAO7u7tiwYQOAgdWLMjMzUVxcLJQv+iFiSUlJDpnIdDD3
akeX687I8yO17iFltNQ1WS7SWMAAh4xotVrRpIgajcakgKuvrxftc8cdd+Dw4cNIS0szGYPa0NCA
hoYGZGVlISEhAffeey/c3Nxw48YNfPjhh6itrRXt39PTg/b2dpSXl+PkyZO45557sGDBArvTmpOT
g+rqarPHafi52NhYswGOhoYGfPTRRyguLha93t3djba2NlRWVuLUqVNISEjA3XffDU9PT7O/CQyc
u/fff19Y2tdQV1cX6urqUFBQgAMHDmDTpk1ISEiw+H32cPSx2KOgoAC7d+9GY2OjyXvt7e2oqKjA
+fPnMX36dNx7771Wlzyura3FJ598IlqST6+rqwu1tbXIzs5GUFAQNm/ejNjYWLPf1djYKMoP69ev
R35+Pvbu3YuOjg7Rvs3NzWhubkZeXh7Onz+PRx55xOQ8DSXv2XL9OTq9erW1taLvTU1NtRrgKCws
FLpfT5gwwWyAw9oxGTp69CgOHz6M/v5+0esdHR2oqalBWloakpOT7ark9vb24tChQzh16hS0Wq3J
e/r8f/r0acyaNQtbtmyBRqOx+r3OSCvg2mvVmZKTk3Hq1CmhnMjOzrZa0XXUuTC+bpYsWYIdO3ag
sLDQZD89S3k3MDAQ2dnZQhBTp9PZVGk/ceKEcN+aPHmyZHBDTvnVGWl1ZTlpr+7ubuTm5grbSUlJ
AAYCHX5+fkKjMjMzEytXrrT6fYb5VKlUYu3atdi9e7fJCi3AQAC9uroap0+fRkpKCtatW2cxiG2N
vfdqR5brzsrzI7nuYWg01TVZLtJYwSEqo9y2bdtw5swZyQm2DF26dAmfffYZrl+/jjfeeMMkuGGs
v78fu3btQlFRkSOTa7ObN2/itddeM7mZenp6mlQiLl26hG3btqGnp8fs99XV1eGf//ynSYGjVqtN
bsQdHR3YuXOn6InjUDj6WOyRkZGBt99+26SC4eHhYfKEo6ioCK+++qpkZUSvrKwMr732mkkFQ6VS
mSxr19DQgLfffhtpaWk2p/fYsWPYuXOnSbDA2LVr1/Dxxx/b/L3OIrf0WvLZZ5/hiy++MKkYGdLp
dEhLS8POnTtt+s6enh5s3boVJ06cEFWcPTw8EBgYaJJnrly5YlP+d0ZaAddeq84WHByMCRMmCNtS
q04Ycua5+PDDD02CGwBsfoqrUqkQHx8vbOfm5po0zIy1traipKRE2JZaQlJO+dUZaXVlOTkY2dnZ
wvGoVCphaIpSqRQ1GjMyMqzWkYxptVq88cYbksENQzqdDidOnMCuXbvs/o3BcmS57qw8L5e6x2iq
a7JcpLGEPThGufLycqjVaqSmpiI+Ph6BgYHQ6XSora3FuXPncO7cOaHQPXPmDM6cOQMA8Pb2xurV
qzF79mz4+/ujp6cHFRUVOH78OAoKCgAM3Ag/++wzPPfcc3al6Tvf+Y5QUHZ2duKVV14R3ktJScGK
FSuEbakob1tbG7Zv3462tjYAAwXYqlWrsGDBAmg0Gmi1WlRXV+PQoUPCE+yysjIcOHAAmzdvlkzT
Bx98IHyfQqHA8uXLkZycLAzDaW9vR0ZGBg4dOoS+vj4AwJ49exAVFSVqFNjLGcdiq5KSElGly9PT
E2vWrEFCQgJ8fHyEfHL8+HFheER7ezu2b9+OZ555xmTCrsbGRmzbtg1dXV0ABs5jcnIylixZgnHj
xkGhUKC1tRWZmZk4fPgwenp6oNPpsGfPHvj7+2P27NlW03zs2DEAQHR0NJYvX44pU6bAw8MDTU1N
uHTpEo4cOSIU3tnZ2UhNTRV1Dx5q3rPXUNM7UuTl5QnDF4CBBkJKSgrmz5+PoKAgaLVaVFZWIi0t
DVlZWRYrUIZ2794talTOmjULq1atEj1tv3HjBvbv3y/sV1lZiSNHjmD9+vXDmlZXXqvDZfLkycKw
purqanR1dQ3bPdiQfpJTPz8/zJ07F8HBwVAqlfDz87P5WBISEoQn3h0dHSguLra4qkxeXp5wL1Qq
lZg7d67JPnLKr85Iq6vKycEyHJ4yZ84cUUM3MTERJ06cADDwRL2kpMTup9ZlZWVQKpW47bbbsGDB
AoSEhECn06GmpgZnzpwRDSu8cOECpk+f7vQeLY4u152Rj+RS9xhNdU2WizTWsAfHGPDUU09h1apV
CAkJgUqlglqtxsSJE3HPPfdgzZo1Jvt7e3vj6aefxpIlSxAQEACFQgEPDw9ER0fjm9/8JmbMmCHs
W1VVhZqaGrvS4+3tDV9fX/j6+pp0Y9RoNMJ7vr6+kuMkP/nkE2Gcq0qlwpNPPomVK1cK36VUKhEe
Ho5HH31UVJlIT09HXV2dyffduHEDN27cELZXr16N9evXi+YY8fHxwYoVK/DNb35TeIqo0+lEBcZg
OPpYbKXVakUVDC8vLzz11FNYunQpfHx8AAwUvqGhobjvvvtEFZWqqipkZ2ebfOeuXbtEFYwHH3wQ
mzdvRkhIiHDONBoNli9fjqeeeko0tnTXrl1WeznorVixAt/+9rcxc+ZMeHl5QalUIigoCLfffjvu
uece0b6G3ZOBoee9wRhKekeC/v5+7N27V9hWKpV4/PHHsX79eowfPx4qlQru7u6YMmUKHnzwQWzZ
ssWm762vrxc1ABISEvDoo4+aDCWIjIzEE088IRoudO7cOfT29g5bWgHXXavDKSQkRPh/nU4nVFqN
Dce5WLJkCX7605/irrvuwpIlS5CcnGxTEFRvypQponu4tWvL8P3Y2FjhPqgnp/zqjLS6spwcjLq6
OtFTcuMeOWFhYaIG42AnG/3Wt76Fu+66C2FhYUL9KiIiAvfdd5/J32v//v02NxwHw9HlujPykZzq
HqOlrslykcYiBjhGOWuTdKakpJg8obvzzjsRHBwsub9CoTBZh304lxSsqqrC5cuXhe3Vq1ebXRZM
oVBg06ZNwvHpx9oaq6ioEG3rx+lKmT59OmJiYoRtwycb9nLGsdgqPz9fVLjcddddGD9+vNn9V6xY
IZocyrjLZFlZmWi4UkpKiqiLuLEJEyaICtH29nacP3/earp9fX2xfv16s13Vk5KSRA0Tw8qEK8gt
vVIKCgrQ1NQkbK9atcrik/BFixbZNDHatWvXRNtr1qwxe55UKhWWLVsmbHd2duLWrVvDllZXXqvD
ybgsaG9vN9lnOM6Fv78/Nm3aBLVabUfqTX/b8F5uaZiKvoeHntRTdjnlV2ek1VXl5GAZDh3x9fWV
PK/z588X/j8nJ0doJNtq9uzZmDZtmtn3Fy1aJAqstLS0OHVYr6PLdWfkI7nUPUZTXZPlIo1FDHCM
coYFuBS1Wm3SJX7evHkWP2McMGltbR1c4gZBP4M5MDCL+ZIlSyzu7+3tLZqIS2rNe+Nxsfpugeak
pqZi48aN2Lhxo6hAt5czjsVWhk9l/Pz8bOo2azihbEVFhei8GR6LSqWyacK2uXPnYuLEicK2LeNM
N23aZPF9/dMCveHMm1Lkll4phk/MVCoVli5davUzd9xxh9V9EhIS8MILLwj/goKCLO5v3D3XsMLm
7LS68lodTsZj1bu7u032GY5zYcvfxBaG97X29nbJyQeBgUaXPvjh4eEhOXmjnPKrM9LqqnJyMLRa
rSjAkZiYKDnBZ3x8vNBg7+3tRU5Ojl2/Y/ywR4rx5M7OvBc4ulx3Rj6SS91jNNU1WS7SWMQ5OEY5
W7rZG3fFtfbUzMvLCwqFQrhZ2/vUYygMI/WxsbFml/AzFBUVJUSKa2pq0NvbKzpG4wDP4cOHce+9
95o9d9HR0XaP1ZXijGOxleHTgJkzZ9o0u3tMTAzWrVsnbPf29gppNnz6GRsba/PSZomJicJTjcbG
RjQ0NFisRI0bN87qdxrmZ6kG2nCSW3qlGHbzjomJsWluEltm0Hd3d7cpz+sZ53Opc+WstLryWnUl
qUkRh+NcOGq+hpCQEERERODmzZsABnpxSD1xNxyeMmfOHMm0ySm/OiOtrionB6OwsFAULDbXiPb3
98e0adOEPJ2RkYGFCxfa/DvGc0FIGTduHCZMmCCs3uXMHq+OLtedkY/kUvcYTXVNlos0FjHAQaIC
xtbCwTDAMVwzg+uXz9JTKpXChHiWGHZL1mq1aGlpEQ3BmTx5MiZPniwUAllZWSgpKcGiRYswc+ZM
hIWFDWl5NynOOhZbtLS0iLqe2zqpZWBgoOQTq7a2NtHs5ua6KEqZPHmyaLu8vNzqUyJrDLvQWls5
YSQYyent6ekR/W1tWWpzqL9XVVWFuro6dHV1iSrIlpb31X/WGWl15bU63IwbJMYVTzmei/nz5wsB
jpycHGzatEl0P+/u7hat2CK1eoo5IzG/Wvq9waYVcE05OViG82mEhoaKntYbS0pKEhpqZWVlqK2t
tThkYjAiIiKEc2zvnGW2cnS5bs5Q8pFc6h6jqa7JcpHGKgY4SMS4N8dIYjwePCsrC1lZWXZ/T2dn
p2hboVDg4YcfxtatW4XKR3NzMw4dOoRDhw7B09MTU6dORUxMDGbNmmV1LXZbOOtYbGE8oZYtkXpL
jI/FcMIsa4yDGVJj/sl1jPOKI/K+lOLiYpw+fRoFBQWDnoTPWWl15bU63IyP1bg8kOO5mDt3Lj79
9FNotVq0t7ejpKQEU6dOFd7Pz88X8pyfn59NT0xHcn415oi0Aq4pJwejvb0d+fn5wraleQ4AIC4u
Du7u7sKylRcuXDC7+sdgGZZzfX196Ovrc9gk1nqOLteNOSPPj9S6x2iqa7JcpLGKAQ6SDVtX2bBG
atyjv78/nnnmGRw/fhynT58W3XS7urqQl5eHvLw87N27FzNnzsTq1auHtJynM4/FGuOntEOtaBkP
UTIex2+J8b6OOi/kGMZ5xZ7uyrbo6+vDRx99hEuXLkm+r1AohB4u1nq3OCutrrxWh5vxHDDGAQ45
ngtfX1/MmDFDaPTm5OSIAhyGw1PMzdWgJ4f8qufItOoNdzk5GJcuXRI1wDUajWgYgxTDAMfx48ex
du1am4af2Mr4b9vd3e3wAIejy3U9Z+b5kVr3GE11TZaLNFYxwEGyFhcXZ/dnzA3DUavVWL16NVas
WIHCwkIUFBSguLgY9fX1wj5arRZ5eXnIz8/HHXfcgRUrVgw26SYceSyWGFcqhjoswrgiaE+BZbwv
x2KOLMZ5xdFLHO7YsUM0C3t4eDgWLVqEqKgoBAYGwt3dXag819TU4H//939dllZDw3WtDjfD8fH+
/v7w9fW1+hk5nIvExEQhwJGbmysMU+nt7UVBQYGwn7UJD+WUXx2ZVkOuLietMV4R44MPPrD7OwoL
CyUnmh0s47+to4MbUt/pqOGOzszzcqp7yLWuyXKRxioGOEg2vL29Rdv33nuv1VViBkOtViMuLk64
Wbe1taG4uBiXLl1Cfn4+dDodtFotDhw4AI1GY7ULrJThOhYpxgXKULsIWuvGbonxvsbnhQZPvzb9
UBhPRubI7qRXrlwRVZyXLVuGDRs2mF2G0BpnpdWV1+pwam5uFuaqACA5Gadcz8WsWbPg6emJrq4u
tLW1CcNUCgsL0dvbC2BgYlNLS6rLJb8Cjk+rlOEoJ+118+ZNm+YTsSYjI8OhAQ7Dp90KhcLhvXUA
x5frgOPzkVzqHqOprslykcYqBjhINjQajWhyU0dUZGzh6+uL+Ph4xMfHo7i4GG+//bbQnfXw4cNI
TEy0u8B31bEAA+PM3dzchEi+4VODwX6fWq0WGgq2TDSlZ7xvSEjIkNIyWg2mQumIAIe3t7fQMASA
2traIX+nnn4mdWBgPPRQG2DOSqsrr9XhZLisJgDJBp5cz4VarcacOXOEySdzc3MxdepU0fAUa40H
ueRXwPFptYUzykl7GefhiIgIm1aMAIBr164J/5+fn4/W1laHzWNheJ0EBgY65Tw4ulwHHJ+P5FL3
GE11TZaLNFaNjCmviWzg7u4umg1dH+Eeiu7ubmFypKysLNFs01KmTp2K5cuXC9sNDQ0m49Zt4Yxj
sZVKpRL9trXxyXoNDQ04fPiw8E8/ttPNzU00I/mVK1dsPpa8vDxRupy9koBcGY8X1ld6LHFEgEOh
UGDSpEnCtuFqE5bY0lXYsEIUGRk55Eq/s9Lqymt1uNTX1+PLL78UtseNG4fZs2eb7Cfnc2G4OkpO
Tg56e3uFYSsKhQLx8fEWPy+X/Ao4Pq2uKift0dvbK5onIiEhAc888wyefPJJm/4999xzwme1Wq3Z
OScGky7DoV/OKuMcXa4Djs9Hcql7jKa6JstFGqsY4CBZMXyqWFdXJ5ot3ZKOjg7JsYc6nQ47duwQ
/l28eNHqd4WGhoq2jSe6spWjj8Ueho2X0tJS0XJf5uTm5goVjOPHj4vGdho2DhoaGmw6lqamJuTk
5AjbcXFxThmbPBoYdwe19uTLkRWNmTNnCv/f0NAgLKloifE4eCn6p26A6URoUmyZod1ZaXXlteps
7e3t2LFjh6hCu2rVKrOTbcr1XERHRwsrCLS1teHQoUPCvTs6OhoBAQEWPy+n/OrotLqynLRVXl6e
qPu9Pcv9AkBYWBgmTJggbNtynm0pN7OyskQB6enTp9uVLns4ulx3Rp6XS91jNNU1WS7SWMQAB7mU
4QRVgPVCNDk5WTQZ1CeffIKmpiaLn+nq6sKbb76JrVu3oq2tTfSep6enaM37jIwMUaEuxXCculKp
HPSyW44+FnvMnz9fmKBLp9Nhz549Fif8amtrw4kTJ4Tt2bNniyb4SkxMFI2H3bt3r8X0abVafPzx
x6JG1bJlywZ1LINlb95zpfDwcFFarVUkz5w547DfTkxMFP2tP/30U4s9SOrr60Xdvc0xXKavqKjI
Yo+TiooKUQ8DQDqI46y0uvJadaaamhq89tprKC8vF15LSEiw2DiU67lQKBSi4zK8n9nSGJZTfnV0
Wl1ZTtpKP/wIGOjqP5hAguEcArW1tSgrK7O4//vvv2+xodbS0oKDBw8K2yqVCnPnzrU7XbZydLnu
jDwvl7rHaKprslyksYgBDnIppVIpKpzy8vIsdo3z8fHBmjVrhO2Wlha8/vrrZrs6lpaW4m9/+xsq
KipQXFyMnTt3muyTkpIi/H9jYyO2bdtmtvvgpUuXcOrUKWE7JibGrqXJnH0sttJoNFi5cqWwXVRU
hHfffVdy6a/Kykr85z//EQojNzc3rFq1SrSPWq3Gpk2bhO3Gxkb85z//kRwT297ejv/7v/8TdZVc
vHixqBvlcLA377mSl5eXqCtuVlYWzp49a7Jfe3s7Pv/8c3z66acO+21vb2+kpqYK2zU1NXjjjTdw
69Ytk32vXr2Kf/7znzZ9r+GTvL6+Pmzfvt3kaV5nZyeOHz8u+Z1Sk6U5K63OulZPnDiBF198Eb/9
7W9tevo5VH19fWhsbMTly5exY8cO/PWvfxX1Bpo8eTK2bNli8Ttced8aKqlAhkqlwpw5c6x+Vk75
1RlpdUY56aj839jYKGqQWVvu15z4+HhRINl4Tg9jWq0Wb731lmTDv66uDlu3bhW9l5KS4tRVIxxd
rjsjH8ml7jGa6ppyKxeJHIH9wYdJc3Mzfvazn9n9ud/+9rejvtt+TEyMMJlVVVUV/vSnP2HSpEno
6+vDwoULTcaCp6Sk4MaNG8IEcfoCLSwsDFFRUfD29kZrayvKyspEY0h9fHxEBaHeggULkJ+fL4zJ
vH79Ov74xz8iOjoaYWFhUKvVwsz7hoW7Wq3Ghg0bhnTsjj4We6SmpuL69etCYXT58mUUFBQgNjYW
wcHB0Gq1uHnzJkpLS4UnMQqFAvfff7/oSYTevHnzUFZWJvQeqKmpwauvvoqoqCiEh4fDzc0N9fX1
KCgoEAUSIiMjh3weB8vevOdKqampePvtt4XtTz75BKdOnUJ4eDiAgXtMeXm5U7p+rly5EgUFBcIT
pRs3buCVV17B5MmTERQUhJ6eHlRXV0tWmMxZsGABTp8+jYaGBgADT6teeeUVhIWFwc/PD+3t7aiu
rjYbdDL39McZaQUcf602NjbiwIEDwrX14YcfOnSYllSZY+lJaVJSErZsMNwp7AAAIABJREFU2WLT
77vyvjUUoaGhmDhxIioqKoTX9CusWCOn/OqMtDq6nHRk/s/MzBT1FrC23K85/v7+mDZtmtCFPysr
C3fddZfFJUSLiorw+9//HjNmzMC4ceOgUChQXV2NoqIiUZpCQ0NFDXtncWS57qw8L5e6x2iqa8ql
XCRylNHdch5hHLUu+WizfPlyZGdnCw2zpqYmoZub1LraCoUCDz30EPbv34/Tp08LBWBVVZXZWbTH
jx+Pb3zjG5KFo0KhwIMPPohdu3YJE4tptVpcu3bNbDc9Hx8fPProo5LfZw9HH4s9VCoVHnvsMezY
sUMocPv6+kTLwhny8vLCPffcY3Eyvk2bNsHHxwdHjhyBVquFTqfD9evXcf36dcn9Z8+ejQceeMAp
y+bZwt6850ozZ87E8uXLRd116+rqJMcwT506FYGBgVafQNpKpVLh8ccfx7Zt24QKkk6nQ2lpKUpL
S0X7ajQafO1rXxMFY6R4eHjgsccew5tvvonm5mbhdam87+vri4cffhhbt24VKqiVlZXDllbA8ddq
d3e3qAHU19eHvr4+hwa0bSlzJk2ahLVr1yImJsbm73XlfWuokpKSRAEOW+dqkFN+dUZaHV1OOir/
63Q60fAUfRBrsJKSkoQAR3d3N3JycsyusHPnnXfiyJEj6O7utjj/QEhICB5//PFhKeccWa47M8/L
oe4xmuqacikXiRyFAQ5yubCwMDz66KP46KOPTGaJNjdZolKpxMaNG5GQkICjR4+isLBQcjxjUFAQ
brvtNpOxgsbUajUeeOABJCQkID09HVevXpV8Eu7r64uFCxciJSXFZOLHwXL0sdhDrVbj0UcfxeXL
l3H69GmUlJSYnHNvb2/MmzcPqampNo0BXbVqFebMmYMjR44gPz/fZKynQqFAVFQUUlJSJJeiHE6D
yXuudOeddyI8PByHDh2SnGh03LhxWLZsGRYtWoQvvvjCob/t4+OD73//+zh+/DjS0tJMzpenpycS
ExOxZs0a0XhfS8aPH48f/vCHOHz4MC5evGjSpdnT0xMLFizAypUr4ePjg8mTJwtP/YqKisw2iJyR
VsCx12poaChmzZqFK1euABgYB27rkpaD5eXlBV9fXwQEBGDatGmYPn36oFd1cOV9ayji4+NFQ7hm
zJhh82fllF+dkVZHlpOOyv/Xr18XehgA1pf7tSYuLg7u7u5CuZWRkWH2O6dNm4b4+HgcPHgQubm5
JmWdl5cXFi5ciDVr1gxr3ndkue6sPC+XusdoqmvKoVwkchSFzsW1eP3P6yOuWq0WWq0W/f396Ovr
Q09PDzo7OxEZGenKZNIw0Gq1KC8vR1NTE5RKJQIDAxEWFmbTjba3txfV1dVobW1Fb28vvL29ERwc
LJokyx5dXV24desWWltb0dPTA09PTwQHByM4ONgpa9gbcvSx2KOtrQ23bt1CW1ubMKlVaGjooJ8q
Gx5Lf38/NBoNQkJCRHNfjARDyXuuUldXh1u3bqGnpwfe3t4IDAzEuHHjhuW3tVotKisrhad6Go0G
EydOHNL56uvrQ1VVFVpaWqDT6eDn5zfk73RWWvWGeq3qdDrU1dVBpVINy/XtTK68b7mCnPKrs9I6
1HJSbvn/8uXLeOedd4TtH/zgB0Jvkb6+PlRUVKCtrU04x+Hh4SNiiLGjynVn5SNgYInX7du3AxgY
ynHbbbeNyLrHaKlrjuRykUa2GzduwMvLC+7u7lCpVHBzc4NSqYRSqYRCoRDmP3J2W8kaBjiIiIiI
iCywFOCgoTl16hT27dsHAAgICMCiRYuwfPnyEREgIqKvyCXAwVVUiIiIiIjIJTw9PREbGwsPDw80
NTXh4MGDDl0NjIjGFgY4iIiIiIjIJRYsWIDHHnsMzz//PIKDgwEMLNM7EufCIqKRjwEOIiIiIiJy
KW9vb2Hi476+PpNJTYmIbMEABxERERERuVRxcTEKCgoAAIGBgfDy8nJxiohIjjh7DxERERERucTH
H3+MK1euCEuXKhQKbNiwweUTFRKRPDHAQURERERkgUqlEi0zOpKXEZeblpYWtLa2QqFQYMqUKViz
Zg2mTp3q6mQRkUxxmVgiIiIiInKJmpoa9PT0ICQkBJ6enq5ODhGZIZdlYtmDg4iIiIiIXCI0NNTV
SSCiUYSTjBIRERERERGR7DHAQURERERERESyxwAHEREREREREckeAxxEREREREREJHsMcBARERER
ERGR7DHAQURERERERESyx2ViR5D29nbU1tYK2+Hh4fDw8HBhisgY/0ZEREREREQjEwMcI0hJSQne
eecdYfvpp5/GpEmTXJgi67q7u6FWq6FUjo3OQHL8GxE52li77omIiIhIHhjgoEHR6XR47733kJOT
A09PTzz88MOIiYlxdbLIhTIzM5GZmSlsf/3rX4e/v78LU0SOxuueiIiIiEYyPn6jQbl58yZycnIA
AF1dXTh48KCLU0SuVl9fj6tXrwr/enp6XJ0kcjBe90REREQ0krEHBw2KWq0WbXMeChoJent7sW/f
PmE7Li6OPQwciNc9EREREY1kDHDQoEyYMAHr1q3DhQsXoNFosGnTJlcniQj9/f04e/assB0cHMwA
hwPxuiciIiKikYwBDhq01NRUpKamujoZRDSMeN0TERER0UjFOTiIiIiIiIiISPYY4CAiIiIiIiIi
2eMQlWFSV1eHjIwMFBYWoqmpCQqFAhqNBtOmTUNSUhIiIiIG/d1FRUXIzs5GaWkpmpuboVar4efn
h6lTpyI+Ph6RkZEWP19VVYX09HRhe926dfD09ERmZiYyMjJQW1uL/v5+LF26FKtXrwYAaLVa7Nmz
R/hMbGwsZs2aJRzrqVOnhPcWLlxo0/Hl5+cjPz9f2N6wYQPc3d0l921ubkZmZiauXbuG2tpadHR0
wMPDA35+foiOjkZcXByio6Ot/qYhZ/2NHJ1WnU6Ha9euITs7G2VlZWhpaYFOp4NGo0FwcDDi4uIw
Z84ceHl5DSq9zmac3zZv3gylUon29nZkZmbi8uXLqK+vR2dnJ7y9vREREYH4+HjMnTsXSqVpTPbI
kSNoaWkBAHR2dore279/P+rr64Xt5ORkhIWFWUzfUK8nY7W1tcjIyMDVq1fR3NwMnU4nfF9SUhIm
TZoEANi9ezd0Oh0AYMWKFQgKChJ9z2CuU0OOyIeWrnspcs+rRERERCQvDHAMg6NHj+Lw4cPo7+8X
vd7R0YGamhqkpaUhOTnZ7gZ5Q0MDPvroIxQXF4te7+7uRltbGyorK3Hq1CkkJCTg7rvvhqenp+T3
NDY2iiZmXLJkCXbs2IHCwkKT/fS0Wq3oMxqNRmjoBAYGIjs7W2hs6nQ6m4IDJ06cwPXr1wEAkydP
lgxu9Pb24tChQzh16hS0Wq3Je/rjPn36NGbNmoUtW7ZAo9FY/W1n/I2ckdb6+nq8//77KCsrM3mv
q6sLdXV1KCgowIEDB7Bp0yYkJCTYnN7hYpzf1q9fj/z8fOzduxcdHR2ifZubm9Hc3Iy8vDycP38e
jzzyiEk+zsnJQXV1tdnfM/yt2NhYswEOR11PejqdDocPH8bRo0dN/v6dnZ2oqalBeno6Fi9ejDvu
uEMUvEhKSjIJcAzmOgUcmw8tXffGRkNeJSIiIiJ5YYDDyT777DOcPHnS4j46nQ5paWk4d+6czd97
8+ZNvPXWW2hraxO97unpiZ6eHlFD5tKlS2hoaMATTzxhtkeEoQ8//BDl5eUmrysUCpvSplKpEB8f
LzSEcnNzcffdd0s+fddrbW1FSUmJsJ2YmGiyT09PD7Zt2ybaDxhYqtLb2xsdHR3o7u4WXr9y5Qqa
mprwve99z+JxO+Nv5Iy01tXV4fXXXzf5m6vVari5uaGrq0t4raOjAzt37kRXVxeSk5NtSrOrHDt2
DMeOHbO637Vr1/Dxxx/joYcecnganHE97d27F2lpaRZ/V6fTIT09HZWVlXan2Zbr1FnXjDWjNa8S
ERER0cjGAIcT5eXliRrOSqUSKSkpmD9/PoKCgqDValFZWYm0tDRkZWWZ9B4wp62tDdu3bxcaDyqV
CqtWrcKCBQug0Wig1WpRXV2NQ4cO4cqVKwCAsrIyHDhwAJs3b7b6/fpGk5+fH+bOnYvg4GAolUr4
+fnZfOwJCQlCgKOjowPFxcWYPn262f3z8vKE7vlKpRJz58412Wf37t2ihtqsWbOwatUqUe+QGzdu
YP/+/cJ+lZWVOHLkCNavX2/2d53xN3JGWj/44APhb65QKLB8+XIkJycjMDAQANDe3o6MjAwcOnQI
fX19AIA9e/YgKioKEyZMsCndrqAPbkRHR2P58uWYMmUKPDw80NTUhEuXLuHIkSPCec/Ozkbq/8/e
fYdJVR78//9M284uLL03RUCkSVERBBRbLDFFH40mUaMxRn0S41dTTaLGJJL4xBqjmBhjN2rEaAwi
gqCAShGkLE1YWHaXtsu22Z12fn/wm3Fm50xZmNmZs/t+XddcO3POmTn3KYPen7nLrFnq169f6P03
3HBDKIBwu92aO3duaN2MGTM0c+bM0GuzVhfp+D6tW7cuItwwu68qKyv14Ycfas2aNaatHBJJ5nua
jvswGR31XgUAAEB2I+BIE7/fr9dffz302m6369prr42q5A8ZMkRDhgzR8OHD9corryT12a+++mpo
zAGn06nrr79eQ4YMidhXv3799K1vfUsvvPCC1qxZI0lavny5pk2bpp49eybcx7Rp03T++efL5XIl
VabWhgwZom7duoWay69fvz5uwLF+/frQ85EjR6qwsDBi/cGDB7Vq1arQ6wkTJuh//ud/olqVDBo0
SNddd50eeughVVZWSpJWrlypOXPmRB1Luq5ROspaXl6u8vLy0Os5c+borLPOitimsLBQM2fOVP/+
/TVv3jwZhiHDMPT+++/r0ksvTVjuTJo5c6bOO++8iHNUWlqqM888U8XFxXr55ZdDy9evXx8RcBQU
FISeO52R/6R16dJFRUVFcfed6u+T3+/XG2+8EfH+a665RiNGjIjYbvDgwRo8eLCOP/54vfTSS3HL
GEu872k67sNkdPR7FQAAANmLWVTSZPPmzaqtrQ29Puuss+JW8KdOnZrUQHuVlZX67LPPQq/nzJkT
URkLZ7PZdPHFF4d+tTYMQ6tXr064j5KSEl188cVHHW4E933yySeHXq9fvz6q/39QsIVHkFlf/G3b
tkW8Pvvss2N2mXE6nZo+fXrotdvt1oEDB6K2S9c1SkdZKyoqIl6Hn9vWjj/++IjKdOvuCdmmqKhI
559/fsxzdPLJJ0cEXuGV52OVju9TWVmZDh8+HHo9e/bsqHAj3KRJk5Sbm9vmsif6nqbjPkxGR75X
AQAAkN1owZEmn376aei50+nU6aefnvA95557rl577bW424SPAZGTk6Np06bF3b6goECjR48OVcQ2
btyoc845J2E5UmHChAlauHChpCNN0nfs2KHjjjsuartNmzaFwo/c3FzTQQsnTJigkSNHhl4n6i7T
upl7bW1t1OCS6bpG6ShrsPtOULBZfyyzZs0KVRwdDkfcbTPt4osvjrs+2IJi69atko6M15Iq6fg+
rVu3LvTc4XBEBAexXHTRRRGtVJKR6HuajvswGR35XgUAAEB2I+BIk/A+9SNGjEg444KkpGb7CFby
pCNdOZIZCHDo0KGhCll1dbW8Xm/c1hmp6gPfs2dPDRgwQHv27JF0pBWHWcAR3j3lpJNOMi1bTk5O
mwY9bP0Z4QMpBqXrGqWjrOFdMiTpnXfe0aWXXhrVJSNo2LBhbZ6VJ1N69OiRcJvwFhxm5+dopeP7
FD7w5/Dhw5Nq9ZPMfdVaou9pOu7DZHTkexUAAADZjYAjDTweT8RUjclMkZqM4NSKQXa7PdRnPp7w
riGBQEB1dXXq3r17SsqUyKRJk0IBx7p163TxxRdHzKbS0tISMc2l2ewpsXg8HlVWVmr//v1qbm6O
qJDFmzY0+N50XKN4+zvaskpfjNcQDGXWrl2rzz//XFOnTtWoUaPUt2/fuLPUWF1414pYXZ3aKh3f
J5/PF9G1o3///ikpa6oc632YjM5+rwIAACBzCDjSoKmpKeJ1SUlJSj63sbEx4vXatWu1du3aNn+O
2+1OSXmSMXbsWM2fP1+BQECNjY36/PPPNXz48ND6TZs2hWbIKC4uTuqX3O3bt2vZsmXavHlz0rOa
tJaua9RaKsoqHangX3nllZo3b56qq6slSYcPH9aCBQu0YMEC5eXlafjw4RoxYoRGjx6dtuPpSNLx
fWpubo7ootG1a9ejL2AKpeo+TAb3KgAAADKFgCMNWjftbksz8XhaV8qPVqI+8alUVFSkE044QZs2
bZJ0pBVHeMAR3j1l4sSJcX/Z9fl8evnll0OzWLRms9lCv/Qn+pU/XdcoKJVlDSopKdEtt9yixYsX
a9myZVEV6w0bNmjDhg16/fXXNWrUKM2ZMyequwC+kI7vU7rvq7ZKx32YDO5VAAAAZAIBRxq07mue
zl9Mx4wZ0+b3JDMmQCpNnDgxFHCsX78+1E3F6/Vq8+bNoe3MZk8J99xzz0XMeNGvXz9NnTpVQ4cO
Vbdu3ZSTkxOqrFVXV+uPf/xjzM9K9zVKZVnDuVwuzZkzRzNnzlRZWZk2b96s7du36+DBg6FtAoGA
NmzYoE2bNuncc8/VzJkzU3psHdmxfp9aD5KZ7tYSiaTrPkwG9yoAAADaGwFHGrQerDJVXUIKCgoi
Xl966aWaNGlSSj47nUaPHq28vDw1NzeroaEh1E2lrKxMXq9X0pEBE+PN2LBx48aIitr06dN1wQUX
xJz2MpF0XSMp9WU143K5NGbMmFCFvKGhQdu3b9eaNWu0adMmGYahQCCgt956S126dIk7VWdnlY7v
U+vwsD27g7XWHvdhMrhXAQAA0F4Y6S0NCgoKIirQ+/btS8nndunSJaJykqpBAdPN5XLppJNOCr0O
dksJ756SqFITnLVCkkpLS4+5opauaySlvqzJKCoq0rhx4/Ttb39b119/fUTXiHfeeSdq6k6k5/uU
m5sbEZwEx6DIhEzch8ngXgUAAEC6EHCkgc1m08CBA0Ovw2cJiSfR2Bg5OTkRszIEf/20gvDZUdat
Wyev1xvqtmKz2TRu3Li47w+vfA4aNOiYK2rpukZS6sva0tISGgBz7dq1EbO/mBk+fLjOOOOM0OtD
hw6pvr7+mMrQEaXr+zRo0KDQ861btyb1menoypLq+zAZ3KsAAADIJAKONBk1alTo+aFDh7R169aE
7/noo48SbjN69OjQ8/3794dCgkSampoyOh7AsGHDQrMlNDQ0aMGCBWpubg6tSzTbRLArixQ9kKOZ
ZGbDSNc1SnVZDcPQc889F3qsWrUq4Wf27t074nXwXCNSOr5PI0eODD0/fPiwtmzZkvDzVq5cmdR+
2yId35lEuFcBAACQSQQcaTJx4sSIAQfnz58vj8cTc/uDBw9q27ZtCT/31FNPlcvlCr1+9dVXVVtb
G/c9zc3NeuKJJzRv3jw1NDQkUfrUs9lsEa04lixZEnoevjyW0tLS0POtW7eqrq4u5rYVFRV69913
I5aZ/YqermuU6rLm5eWpV69eodcff/xxROXVzJ49e0LP7XZ7p5mKM3zQTClxxT4d36fx48dHDGL7
xhtvxC3HwYMHIwbbTZV0fGcS4V4FAABAJhFwpElBQYFmzZoVel1dXa3HH39cBw4ciNp2y5YteuSR
R5L63MLCQp199tmh13V1dfrzn/+s7du3m26/c+dOPfDAA6qoqND27dv1/PPPt/FIUscsyHA6nRHj
c8Ry4oknhp77fD499dRT2r9/f8Q2brdbixcvNj2XZoM9pusapaOsM2bMCD2vqanRk08+GbP5/5o1
a7R06dLQ6xEjRig3NzdquyVLluhXv/qV7rnnnpT8ep8N7Ha7CgsLQ683bNgQt1tROr5PBQUFEbOB
7Nu3T0888YTpfbV161Y9+uijyRxam6XjPkwG9yoAAAAyhVlU0mj27NnavHlz6BfK8vJyzZ07V4MH
D1Zpaak8Ho+qqqpMKz7xzJgxQ+Xl5aFBOmtqavSXv/xFffv21dChQ1VQUKD6+nrt2rUroh9+YWGh
Lr744tQdYBv17t1b/fv3V0VFRWhZcIaVRCZPnqxly5bp0KFDko786jt37lz17dtXxcXFamxsVFVV
VczKbKyWK+m4Ruko6+TJk7Vp0yZt2LBBkrRjxw79/ve/17Bhw9S3b1+5XK7QDDXhlViXy6ULLrgg
6vNqamr01ltvhX6lf+mllzRmzJio6XOtaMSIEaEBNisrK3Xfffdp4MCB8vl8mjJlSkTFX0rP92nW
rFnatGlT6F43u6+qq6ujAodUStd3Jpn9cq8CAAAgE2jBkUZOp1PXXnutBgwYEFpmGIZ27typ1atX
67PPPgtVnLt06aKrr746qc+12Wz6xje+oenTp0c0x6+srNSHH36ohQsXauXKlRGVsV69eumGG26I
aD6eCa1nS0mme4p0ZHaKa665Jqr5emVlpcrKyrRnz55QRa2oqEg33HBDRAVo7969pp+bjmuUjrLa
bDZdccUVmjBhQmhZIBDQtm3btHTpUi1atEgfffRRRIWxsLBQ1113nek1b2lpieiC4PP5khpA1QrO
OOOMiK5HtbW1Wr9+vTZt2qSmpqao7dPxfXK5XPrOd76jfv36hZa1vq+C16qoqEjnn3/+MR93a+n6
ziTCvQoAAIBM4SewNCssLNT3v/99LV68WB9++GHUDAF5eXmaOHGizj777IhKWSJ2u10XXnihJkyY
oEWLFqmsrMy0r3tpaalOO+20qLEGMmXcuHGaP39+6PUJJ5yQ9Ht79eqlW2+9Ve+8845WrVoV1YQ+
Ly9PkydP1uzZs1VYWKjBgweHuhps3bpVPp/P9FffdFyjdJTV5XLp8ssv14QJE7R8+XJt2bLFdKDL
oqIiTZkyRTNmzIiYsjRc7969NXr0aG3cuFGSNH369KRa0lhB37599a1vfUsvv/xy1LWMNa5EOr5P
hYWFuvnmm/Xee+/pww8/jGoRkZeXpwkTJujss8/W7t27I9alasaTdH1nEuFeBQAAQCbYjAzPMxrc
fSAQkGEYCgQCCgQC8vv98vl88ng8crvdEVMvWlUgENDevXt1+PBhSUdaBPTv379NwUYsXq9XVVVV
qq+vl9frVUFBgbp37x4x0GBH4vP5VFlZqbq6OhmGoeLi4pScy3Rco3SVtbm5WQcOHFB9fb08Ho/y
8vLUvXt3de/ePakKsmEY2r9/v5xOZ4e8TwKBgHbv3q3a2lrZ7XZ169ZNffv2Teq8p/r7ZHZf9evX
LxQerF69Wi+88EJo+1tvvVV9+vQ5qn3Fkq77MBncqwAAANZWXl6u/Px85eTkyOl0yuFwyG63y263
y2azyW4/0jkkVT/UHS0CDgDIsP/+978Rs5jcfffdpoNtAgAAAJlglYCDMTgAIA127tyZcIpU6Ui4
u2bNmtDrvn37Em4AAAAAR4GAAwBSbNeuXXr88cf19NNPy+PxxN12wYIFoZlOJGnSpEnpLh4AAADQ
IRFwAEAKBQIBPfvss/L5fCorK9PcuXO1atUqtbS0RGy3b98+Pf/881q0aFFoWe/evXXKKae0d5EB
AACADoExOAAgxTZt2qSnn346YuYQh8Oh7t27Kzc3V3V1daEBR4Py8vJ00003ZXwqZwAAAKA1q4zB
QcABAGlQUVGhl156SZWVlQm3HTRokC6//HJ17969HUoGAAAAtA0BR5IIOAB0VIZhqKysTGvXrtWO
HTtUW1sbWldYWKjjjjtO48eP16hRo0L/UQAAAACyjVUCDmdG9w4AHZjNZtPIkSM1cuRISZLH41Fz
c7MKCgrkdPLPLwAAAJBK/B82ALSTnJwc5eTkZLoYAAAAQIdEm2gAAAAAAGB5BBwAAAAAAMDyCDgA
AAAAAIDlEXAAAAAAAADLI+AAAAAAAACWR8ABAAAAAAAsj4ADAAAAAABYHgEHAAAAAACwPAIOAAAA
AABgeQQcAAAAAADA8gg4AAAAAACA5RFwAAAAAAAAy7NMwGEYRqaLAAAAAABAp2KlurhlAg6fz5fp
IgAAAAAA0KlYqS5umYDD6/VmuggAAAAAAHQqVqqLZ03AYbPZYi632+3yeDztXCIAAAAAADo3j8cj
u90et86eLbIm4DBjs9lCJ6ulpSXDpQEAAAAAoHMJ1sXD6+fZKusCDrMTRgsOAAAAAADaX7AFR2vZ
GHZkPOAIPynB5+HJULApTCAQyEj5AAAAAADorAKBQGjoCCmyvm5Wn8+kjAcc8YSHHJK1Rm8FAAAA
AMDKgnXw8HAjm2VdwBFMg8IfdrtddrtdtbW1mS4eAAAAAACdQm1tbag+blZXzzZZE3C0PjlmIUdj
Y2OGSgcAAAAAQOfS2NhoGm6Ey6agI2sCDklR/Xhat+AIBAIyDCOTRQQAAAAAoMMzDEOBQCCqBYcU
XXfPFlkRcMQaaDT41263y+l0yuFwaN++fRkpIwAAAAAAncW+ffvkcDjkdDpDAYdkHm5kS9CRFQFH
a7HG4XA6nXK73ZkuHgAAAAAAHZrb7Y4IN7J9/A0pywKO1icqGGwE/zocDtntdh04cCCDpQQAAAAA
oOM6cOBARB08vG4elI1BR9YEHGYnKrz1hs1mk8PhkMPhUH19fQZLCgAAAABAx1VfXx+qf4fXyc1a
cGRTyJE1AUdrsaaKDTaRqaqqynQRAQAAAADoUKqqqiLq3olmUckmWRdwmPXtaR1wuFwuNTU1yev1
Zrq4AAAAAAB0CF6vV01NTXK5XHEDjmwNOrIq4DCbT7f1OBzBkMPpdKqioiJDJQUAAAAAoGOpqKgI
1bfDw43W08QGZVvIkVUBR1C8FhzBgCMnJ0c2m42uKgAAAAAAHKOqqirZbDbl5OREBBzMonIMYrXi
aB1yOBwOuVwuud1u1dTUZKi0AAAAAABYW01Njdxut1wuV2jmFLNi6zXJAAAgAElEQVRwI1w2hhzO
TBcgFrPpYg3DCP11Oo8UPRAIqKamRjk5OSosLMxUcQEAAAAAsJzGxsZQndps7A0GGT1G8cbiCG/B
4XA4lJOTo5ycHFVXV6u5uTlDJQYAAAAAwFqam5tVXV0dqlcH69lmLTjCZWvIkbUtOKT4QYckORyO
iPV79+5V7969ackBAAAAAEAcjY2NEeGG0+mMCDesMnNKuKwNOGw2mwzDiDiBwWAjyDCMqPdVV1er
tLRUXbt2TXsZAQAAAACwmtraWh06dChmuBFvDI5sDjmyNuCQzEOO8BYcsdTU1Ki5uVl9+vRJdxEB
AAAAALCMqqoqud1u03AjXgsOKbvDDUmyGWbNILKMYRimj0AgoEAgIL/fH/rr9/vl9Xrl9XplGIb6
9+8vl8uV6UMAAAAAACBjvF6vKioqZLPZ5HK5QjOmJBNuWKF7imShgCP4N1bIER52+P1++Xy+UNBR
UFBAaw4AAAAAQKdUVVWlpqamULARbLVh1i0lVrBBwJFCbQk5gg+fzxd6BAIBFRUVqUePHhk+EgAA
AAAA0u/AgQNqaGiQ3W6X0+kMPczG2rB6uCFZKOCQEoccscKOYMgR7MqSn5+vXr16WeYiAQAAAACQ
DMMwtG/fPrnd7lDXk3jBRnCcS6uHG5LFAg4pOuQIPg8POMKDjuDzYNeV8C4sDodDhYWFKikpkdOZ
1eOtAgAAAABgyufz6fDhw2psbJTf74/oghLeFSUYZrQONoJ/JVk23JAsGHBIkSFH8K9Zaw6zoMMw
jIigI7hekhwOR2gk2ZycnFDfJKtdVAAAAABAx2IYRmisSY/HE3r4/X5JCgUX4aFG6xAjvKVGoplS
rFgPtmTAIX0RbgSfx3u0DjzidWsJfx8AAAAAANkmPJSI190kUReUWLOkWDHckCwccAQlas3Rlkew
JUf45wAAAAAAkC1ahxHJhhfxQg0rt9oIZ/mBJ2w2mwzDiLoQweVmD0kxXwMAAAAAYBWtg4pYr2Ot
C/8cq7N8wCF9EWYEn5utizU4aesWIK2fAwAAAACQbczCiVgBRqLWGh0h3JA6QBeV1syCimT/tn4O
AAAAAEC2ihVyJPO39fOOoMMFHEGxQot4AYjZNgAAAAAAZBuz3gutlyfzvCPpsAFHULzwwuzQO/jp
AAAAAAB0EGZBRbwgo6MGG0EdPuAIR6ABAAAAAOioEgUeHV2nCjjCddLDBgAAAAB0cJ0p1AjXIWZR
ORqxLjjBBwAAAADACjprkBFLpw04YuEGAQAAAADAeuyZLgAAAAAAAMCxIuAAAAAAAACWR8ABAAAA
AAAsj4ADAAAAAABYHgEHAAAAAACwPAIOAAAAAABgeQQcAAAAAADA8gg4AAAAAACA5RFwAAAAAAAA
yyPgAAAAAAAAlkfAAQAAAAAALI+AAwAAAAAAWB4BBwAAAAAAsDwCDgAAAAAAYHkEHAAAAAAAwPII
OAAAAAAAgOURcAAAAAAAAMsj4AAAAAAAAJZHwAEAAAAAACyPgAMAAAAAAFgeAQcAAAAAALA8Ag4A
AAAAAGB5BBwAAAAAAMDyCDgAAAAAAIDlEXAAAAAAAADLc2a6ANnIMIxMFwEAAAAAgJhsNlumi5B1
Om3AQYgBAAAAALCqeHXazhp+dKqAw+wGIOgAAAAAAHQEwWAjvJ7bmcKODh9wtA4w2voaAAAAAIBs
lCi8sNlsnSrs6LABR6zgInx562Xh6wKBQLqLCAAAAABAm9ntX8wXEgwtgmGGWYjRumVHRw06bEYH
a7KQTIAR/BsMMQKBgAzDkGEYEc8BAAAAAMg2NptNNptNdrs94rn0RfgRHnyY/W39vCPoMAFHomAj
/HkgEAg9/H6/DMOQ3W6Xw+EIPex2e+hmAQAAAAAg08Lrs36/P/QIBAKy2WwRddnw+mwwBAk+D//b
+rmVdYiAo3W40TrYMAs1AoGAXC6XXC6XcnJyOswFBQAAAAB0LoZhyOPxyOv1yuv1hn7Abx12tA46
OlrIYfmAI1ZrjfBHeLJls9mUm5urvLy8TBYbAAAAAIC0aG5uVktLiwzDiOipEB5yJGrVYUWWDTjM
Wm20fgRba/h8PtlsNuXl5Sk3NzeDpQYAAAAAoH20tLSoublZhmHI6XSGWnWYBR0doTWHJQOORK02
gl1QfD6f/H6/8vPzlZ+fn8kiAwAAAACQEW63W263Ww6HQ06nM9SFpaO15rBcwBFv4NDw7iher1dO
p1NdunSx5IUBAAAAACBVDMNQfX29fD6fXC5XRLeVRAOSWoWlAo5442wEw43goCqFhYW02gAAAAAA
IIzb7VZjY2No0o1YY3NYMeRwZroAyYoXbgTH2vB6vfL5fCouLlZOTk6GSwwAAAAAQHbJz8+Xw+FQ
XV2dDMMIhRx2uz1qW5vNJsMwLBNyWKIFR7LhRiAQUHFxsZxOy+Q2AAAAAAC0O5/Pp7q6Otnt9oiQ
w8otOaIjmiyVKNzw+/0qKSkh3AAAAAAAIAGn06mSkpKIOnVwbMvWD6vI+oCj9clsHW54PB75fD6V
lJTI4XBkqJQAAAAAAFiLw+FQSUmJfD6fPB5PVMgRzgpBR1YHHLG6pgTDDZ/PJ6/XS7cUAAAAAACO
gtPpVHFxcWhMy1gtOaTsDzmyNhUwCzcCgUDoEWy9UVRUxICiAAAAAAAcpZycHBUVFamxsTFi3A1J
EYOPZvugo1kbcEiJp4N1uVwqKCjIdDEBAAAAALC0goICeTweeb3eUMhh1lUlW8MNKUu7qMQbdyMQ
CISazRQXF2eohAAAAAAAdCzFxcWh4SCC9W8rjceRlQGHZD7uhmEYoXE3ioqKTOfpBQAAAAAAbWe3
21VUVBQajyO8Lm6FWVWyLiGI1Xoj2DXF5/PJ4XDQNQUAAAAAgBQrKCiQw+EI9ZyIFWxkY9CRdQGH
ZD72RvjMKYQbAAAAAACkR0FBQdwZVbIx3JCyLOCI13oj2ILD4XAoPz8/QyUEAAAAAKBjy8/Pl8Ph
iGrBke2tOLIq4JDit97wer2EGwAAAAAApFl+fr68Xq+lWnFkXcAR1PrEBQc4KSwszHTRAAAAAADo
0AoLCyPq4tkcbARlTcARfpLMuqYEAgHl5uZmsIQAAAAAAHQeubm5oR4VsUKObAo8sibgkGR6osKn
h83Ly8tg6QAAAAAA6Dzy8vKiposNysbWHFkVcASZjcFhGAYBBwAAAAAA7SQvLy+iTp7t3VSyIuAw
a94S/jc4e4rdnhXFBQAAAACgw7Pb7RGzqUjRdfbWzzMpqxIDsxMWCAQUCATkcrkyWTQAAAAAADod
l8sVqpfHCzmyQdYEHGbz6YZ3USHgAAAAAACgfQUDjljdU7Ip5MiagCPIbG5dAg4AAAAAANqfWcCR
reNwZF3AES78xDkcjkwXBwAAAACATsXhcGR1qBEu4wFHvAFGw58TcAAAAAAA0L6CdfFk6+6ZlPGA
o7VYJ8pms2WqSAAAAAAAdEo2my1huJEtsi7gCBfeBIaAAwAAAACA9hWsi9NFpQ3inahsP4kAAAAA
AHRUVqmvZ03AAQAAAAAAcLQIOAAAAAAAgOURcAAAAAAAAMsj4AAAAAAAAJZHwAEAAAAAACyPgAMA
AAAAAFgeAQcAAAAAALA8Ag4AAAAAAGB5BBwAAAAAAMDyCDgAAAAAAIDlEXAAAAAAAADLI+AAAAAA
AACWR8ABAAAAAAAsj4ADAAAAAABYHgEHAAAAAACwPAIOAAAAAABgeQQcAAAAAADA8gg4AAAAAACA
5RFwAAAAAAAAyyPgAAAAAAAAlkfAAQAAAAAALI+AAwAAAAAAWB4BBwAAAAAAsDxnpgsAa6tr8mpD
eb3pulyXXROHd23nEgEAAAAAOiMCDhyTW59YrycX7IxabrNJr/7sFAKOTmDZhoNavH6/Djd6NXpQ
sS6bMUAFuQ7KAwAAAKBdEXCkiWFIf3tnZ5veY7PZlOO0qzDPof7d83VcvyJ1K3Klp4ApsOjT/abh
hiQ9euMEffnUfu1bILS72//6mea+siVi2T0vbNa7907XkN4Fnb48AAAAANoPAUeaBAxD1z6w+pg/
Z+Lwrvr69P761pmD1bc0LwUlS42mFr+++/Aa03V3Xj5SN5w/tJ1LhPb28ZaaqDBBknZUNerHT32m
F+6Y0qnLAwAAAKB9Mchollu9vVY/eWqDhlz9tn75zEY1tfgzXSRJ0t3Pb9a2vQ1Ry79zzhD96huj
M1AitLdV22pjrvtg48F2LMkR2VYeAAAAAO2LFhwW4fEFdNfzm/Xmx1V67eenamDP/IyVZfX2Wt33
z+hfyi+c2leP3jheNlsGCoV216dbbsx1mWhtdDTlKd/fpDHfW2i67r5rTqIlEgAAAGAhtOCwmFXb
anXWz5ZqX21LRvbv8xu6/sHVChhGxPJTRpbq+dsny+Xkluoszp7YWyMHdDFd96NLjm/n0hxdeQIB
qd7tM314/YF0FhcAAABAilEbzQCbTcrPcZg+krGlokHfeXC1WmUM7eLfH1XK6bBr6gmlocfZE3tr
/p2nqjCPBkGdSUGuQwvvPV3fOnOwenfNVa7ryH3xxi9P02UzBnT68gAAAABoX9RIM2DkgC7a+Ngc
03UeX0B7DzZr/spK/f7lMu091Gy63RsrK/Xmx1W6YEqfdBY1ypdP7cfsKAjp3z1fT916sqQjMwdl
untStpUHAAAAQPuhBUeWyXHaNaR3gW65aLg+eWC2xg4tibmt2TgYQKZkW5iQbeUBAAAAkF604Mhi
fUvz9PSPJmnCze+adkdZuuGAKg661b972wcc9QcM7drXpL0Hm1WU79SI/kUqyE2ui4zHF1BVTbP2
H/bI3eJX9+Ic9SzJVY/inDaXoz0d7TGn83gNQ6qsaVZVTbOamv3q0y1XA3rkKy/J7kodRU2DV3sP
ulXT4JUhQ4V5Tg3ska+eJbEHDs12zR6/qmtbdKDuyH3ToyRHPYpT/z3piOcOAAAAOBoEHFlu3NAS
nTmulxau3We6fvW22oiA45UPKnTvi2VR240a1EXP3DZZkvTUwl36zYtlEdO8XnfuED1+88SY5fAH
DL324V698kGF3vioUo3N0dPVnjSkWJec2k/fOWdou87yko5jTvfxHqz36JF/b9c/Fu2Omm63S75T
V80epFsvOV7D+xYqYBiadtsSebyRg14O6lWg135+StRn3/fPLXrx/T2m+1314Oy45brpz2u1fNOh
qOVm+6pp8Oqsny41/ZzvnDNE3/vSsLj7Kt/fpL8u2KV/Ld+rTz8/bLrNoJ4FunBqH33zzMGaMqJb
3M9Ltjw/eHydln52QJK0aXd9zM+75bFP9dQ7u0Kvp4/poT9dPzZuGZo9fr3w/h79a/le/eeTanl8
0QOVHt+vSF85rZ+umDkwbguteFJ97gAAAICOgIDDAmaN7Rkz4Ni1ryni9cF6j1Zvr43arqbBK8OQ
bnh4jR5/+/Oo9S5H7N5KH2w8qFse+9T0c8Ot31mn9TvrNPeVrfrJpSfoJ5eeIKcj/f0EUn3M6T7e
tz6u0jV/WqXqGDPh1Lt9evTNHXp6Ubnm3TJRU08o1YrN0aFDvdtn+v6Kg+6EZY9le2Wj6XvN9uXz
B2Lup6rGfOwY6UgIcO9LZfrNC2VRs/G0Vr6/SY/8e4ce+fcOffnUfnrohnEa0MM8TEq2PDuqzI/R
TPh2/WPsN+hfy/fq1ifW6/Pqxrjbbd3boN//c4vue2WLrjtnqO66arR6d02utUW6zh0AAADQETAG
hwX0ilP5aWg2r+S2tr+uRfe/ttW0oi8pZsX8mffKNfPH77epwuz2+HXnMxt1+X0fqdkT3fKhvRzN
Maf7eN9YWakLf708ZrgRrsHt0+X3faR7XticdFmyXWOzTxf8ernufn5zwgp6a/9avlcn/++imC0W
Mumu5zfpkntWJAw3whmG9Pjbn+vUWxdra6tWPGY66rkDAAAAUoWAwwJqGjwx1xXkJtcIp8Ht021P
ro+53uWMvhWeW7xbV/3hE/n8Rzcf7T+XVeh7j6w9qvemQluPOd3Hu6WiQV+7d2WbKqeGIT25YOdR
lScbfffhNXo3RmukZOyrbdH5d36g/YcTB0Tt5c5nNuqXz2w66vd/Xt2o0//fkqjWWK11xHMHAAAA
pBIBhwV8sPFgzHX9u+elZB9Oe2Rrhh1Vjfruw2vivqco36m+pXlxZ6t4auEuvfrh3lQUMeXCj7k9
jveHT6wzHZMhXK+uuXFb7FjZkvUH9Ox7u03X9S3N0++vHqO3fj1N8+88VXfH6bax91Cz7n7+6Fu1
DOiRr1EDu2jUwC4Jtw1uN2pgF9PuHe+t25+wLEX5TvVLcN/sq23RN//4ifwB8/ArW84dAAAAkM0Y
gyPLbdhVpzc/roq5fsLwrkf92XabTbkuu9wef1Rrhh8+vk4NMcZ4mD2up+Zee5Im/v/7bnD79NyS
3frh4+vU1BLdReNnf9+gL5/aV/YsmLcz1jGn+3hXbavVW3Gu43XnDtGdl48KVaKra1v01MJduvMf
GxOGIlbx9KJdpsuH9i7Uyv+bGTHrx4VT++ras4do6q3vafd+d9R7nlywU7+7ekzSM/+Ee/TG8aHn
O6ubNPSat023e/CGcbr5wuExP8cfMPSdB1bHXH/uyb3122+P0fhhRwYSDd43tz6xznTQ2vc/O6Cn
Fu7StWcPiVqXLecOAAAAyGYEHFls0+56ffXelTG7TEwY3lXD+hS26TMH9szXnZeP0jkTe6t/jzzZ
bTa1eAMRlejNe+o1f2Wl6funn9hD/7lrmnLCwoGifKeuP3eohvUp1JyfLYt6z+Y99Vr06X6dNb5X
m8qaKomOuT2O97nF5r++S9L3Lximh783PmJZ7665uuNrIzR6YBdddNfyNh1vtjKbnUWSbr5ouOmU
pn1L83TH107QTX+O7vbT1OLXus8P65SRpSkvZ7Lmr6zUjirzMTcumtpXr/78FDnCWgkF75uxQ0o0
/fYlpt/rua9s1dVzBkeFgR3t3AEAAADpQMCRAZt212vx+v2m65qa/aqqadY7a/bp1Q/3xv31/sdf
H9Hmfa9+8Ez1KM6JWJbrsivX9UUF/q8LzH8tlqSHvzcuorIf7qzxvfSlyX1MW5z8+6OqjAUciY65
PY73n8sqTD+jKN+p33zzxJj7v3Bq35jrrOZQvflYMkacMUnOOKmHLj9joOk6s3Fj2tPj/zEfvDbH
adefb5oQEW6EO2VkqX745eM195UtUevK9tRr6WcHdcZJPSKWd7RzBwAAAKQDAUeGzPrx0mN6/9kT
e+ur0/q36T1P3DIxqqJvZsHqatPlU08o1dihJXHfe+HUvqYV/vc/OxDx+s2Pq3Ttn1YlLEu47543
VL++cnSb3pPMMaf7ePcfblH5fvMBJC8/Y4BKCl1x99FR9O+ebzp7zGNvfa7LZgxQ/+7RY1yMGVys
526f3B7Fa5MWb0BL1h8wXXfp9AHqVxp/bJzrzh1iGnBIR+6d1gFHRzp3AAAAQLrwM54FjR7URU//
aFLMX4hjmX5i94TbHKr3xJxKcs6ExC0wBpoMxChJa3fUyhvWGqXZ41d1bUubHg0m4xYkkuiY2+N4
N5bXx3z/jDE9Yq4LOr5fUcJtrOC8SX1Ml2/d26BR331HP3t6gz7ZWnPUs9i0p7U7auWOMSVwMvfN
8f2KNKR3gem6JZ9FBycd6dwBAAAA6UILDos5e2JvPf2jSTFnSThW5SaDEgbd88JmLdtg/qt10KEG
r+lyw5AON/mSakHSntrjeONNyzm8b+LwYnCvAm3d25Bwu2z33fOG6sH521RvMphrvdune18s070v
lqkwz6EZY3po1tiemn5iD005oVtWDFAbzmzwzqBkZmeRpPHDumpndXTLnu2V0de6I507AAAAIF0I
OCxiWJ9C/frKUbr8jIFtbrnRFjUN5n39gxbHaJafjNoGT9YFHO1xvHVN5iGIJJUWdY7uKdKRwV6f
u32KvvqbFXHHlmls9us/n1TrP58c6To0uFeBvnXmIH3vS8PUp1tqpkU+Vofi3Dc9SpK7x2OFlPtM
uqJ0pHMHAAAApAtdVLJUz5JczRjTQz+97AQt/t0MbZ13tq6cNSit4YYkHW6MXRk/Vtk43Wl7HK/Z
VLJBua7ONVXnBVP6aNFvp7ep282ufU266/nNOu47/9XvXi6TP5D5bhj1TeZTCktSfk5y1zTWNK1N
Lf6I7lxBHeXcAQAAAOlCC44M6JLv1PYnzzFd53TYVZDriJjVpD3Z2qk5+xkn9dSHf5zZpvf06Zb6
[...]
GU/ptvW79Dafju2tfw03wWAtvCdJ+rd3H6lLXrss8P1XXvdkyaoDauUzyOdLP31Gpx15ikzHX4Gu
unClbryn/Et9Or8/pjE1x8TyRS2epfq9Q5O69GsP66W95Vse9iPfeVw/+/QJmWEg8Zihf37HEbro
9AP0h/W7tOHFAe0ZnFBrY1zLF7XonDULddyh2atepC1L3/xt7iE0X7v5eZ1z/H4685h9w4EOW9Kq
u7/8Kt22fpf+9nyf9gyOq6O1ToctbtVZxy6Y9pls7R7Rp/5nQ4neeW2p5n+3hRgZT+kT39+gX151
ogr5Y2pUflegwrKGpuwbotJQV6eRsaTSVrT+co/cunrHtXRBo6760bO6+crjJClTyeHkVbERpZCD
gAMFi8cMrfH5S1CpnXhYh+IxQ8lUdP7jAmrJW05ZlHXcNzwZuuz81r92Zf3jdk5zQu9+7TL9xy0b
Az/HT+/Z7hlwpC1LP7xja6j21Mp7WrG4RSsWt+S/8WVfu/n5UG3MpVY+g3xuf2S3/vDw7qxqiSOX
tekf/s8h0yoNSi3o92fTS8N6+1cf0oN5KiOKdfP9O/Wp/9mgay5ZlbWU6+EHtGatfJLLN3+7Wbc8
kD8QvORrD+uWz52UFZA01cf0ppMW6U0nLcrxSGlgZFLv/Pe/zdjqjWr+d1uom+/fqV/ct0NvPXVx
6MdG5XcFKsX972l71RSpvi4hyzI0yZIpM9LW3aPq6ZvQv9/8gj725oMzlRyx2L4A1Cv0kKITcjBE
BQVbs7zddwb3Umuoi2m1a912AMGcckSnjj4wu+z8jkd3a2Q83LjaH96xddpEY289Ldw/tG++f6e2
90yfsO7h5/umrfyQSy29p2qJ2mfwLzc8PS2k/uhblqvJZ6LMShkYmdTXf7NJp3zsT2UPN2zX3vS8
Lv7qQ3o+5JCD0YmUrvnZs/r7bz4a6P4de0Z11lV/1k1/2akw/y59eGOfXvPpP08bWoTq+9h3n1DP
gPfcK36i9rsCFZKp3khnloSNmabqEomsVc8w8yQShq791Wat3zSQNdGoc4iKX5gRhZCDgAMFK2TY
yAtdw/rA1x/RC13DoR978uEMUwEKcelrl00rab4pRGmybWv3iO5/OrsDeMJhHTrqwHArKXmtlBLk
r9FOtfaeqiFqn8H9z+zVLQ9kt2/ZgiZ99C3LS/o6uaTSlnqHJrXppWHd+tcufex7T2jV//2jPvyt
x7Srb7xi7ZCkX9y7Q0d/6A79038/rvue2qPxSf+/lu7cO6Yf3L5Fp3zsbl153ZOhXqd3aFJrv/SA
zv+X+/WH9bs0NJr0vC+VtvToC/365A826KSP/omVU2rU1u4RffHGZ0I9Jmq/K1Buzg5qOutcQ32d
RsdTTLsxw/UPJ9XenNCXfrYxK9hwLxsb1ZDDsKrcQvvlnevxptNppVIpJZNJTUxMaHR0VEuXRmMi
I+Pcm6rdhIr51WdP0vkBlwkbnUjpSzc+q6/+8jlNJNOqi5v6+NoVuurCw6aNCfVz0192au2XHiim
yQAA1KSm+phOWzVPB+7XpDnNCY1PprVnYELrN/WVdO6H1sa4Tl3VqSXzGtXRUqfRiZS294zqwWd7
tWPP9OoqADOJe2LRfdUbdYmE4vF46MoeRFdTfUzXvOswXXbWATJNU6ZpyjAMGYaRGaJiH0vS1q1b
1djYqLq6OsXjccXj8azHOR9TTQQcJTabAo6eG9+ozta6vPfd+Vi3LvvPhz3H8R64X5O+d8Vxes0r
5ud9nj2DE5p34a0FtRUAAACY3azscEOSrLQMw1BzY4OGx5KyxMSis8XCuXWKxUzd/5WT1NFap1gs
lgk07MDCDisMw5gWcMRiMcVisZoLOBiigoKsXNKaN9zYsWdUb73mQZ155Z99Jyl7cdeIzrzyz7rg
mge1M8+s9Z2tdTp0UfAJwQAAAABI2UNT7EqOqW1dIqHJpEW4Mct09U1oIpnWtb/anFVoYIvqnBwE
HChIrvk3UmlL/3HLRq38wO36xb07Aj3fz+/docPef5v+69ebpq2z7nQqy8UCAAAA4VnSVOWGlTlh
mqYS8bjGk6yaMhuNjKX0vdu366ltg9NGVrjn4YhKyEHAgYKcuso7aFi/qU+rP3yn/um/H/edyMzP
0GhSV3z7Ma3+8J1av8l7crNCJjYFAAAAZi/LtdW+6o14XOOTzLsxWw2PpzSnKa5v3Lpl2koqtqiF
HAQcKIi7kqJveFKXr3tUx19xpx4PsdSjl8c39+v4K+7Uh9Y9qv7hyaxrBBwAAABASC9PJuqu3ojF
45rMUT2NmW9n77huemC3HnlhIGteTK8qDqm2wgwvBBwIzT0XxvV3bdOK992mb/72BZXq592ypHW/
fUHL33ebbrh7W+b84Qfkn/sDAAAAgM31D/SX/8GeiMU1Ppmcdhmzi2VZam+J67//sC0r1MhVueEV
ctRK8EHAgdBOP2qeJGnTS8M6/ZP36B3//pC6+8fL8lrd/eO6+CsP6fRP3qNNLw1Lkk6migMAAAAI
wGNyUVkyZSoWjynJ6BRI2rlnXDc/sEtPbR30DDmCVnLUQshBwIHQ1qxo1+d+/JSO+ODtumdDT0Ve
854NPTrig7frC9c/rVeuaK/IawIAAADR5lwaVlPVG5YUT8Q0wcSieFnasjSnOaH/uXPHtOEp7pVV
8ql2yGFYVW6Be7ZWe3maVCqlZDKpiYkJjY6OaunSpdVsZmDGuTdVuwll19wQ1/BYuAlES6mpPqaR
ceJmAAAAwN/LHVPLsZ9OyzAMNTY28O9pZGltjCttWXry66eqo7VOsVhMhmFkttu2bVNTU5Pq6uqU
SCQUi8Wm5nF5+bppTtVOGIYhw6jeksNUcCC0aoYbkvhlDAAAAAThrt6QFI/FlExVfygBasvgaFIx
w9RP7t4pSZnKDa/VVfKtrFLNGgoCDgAAAACYUTw6mC+fiiVimkwxPAXTtTTF9NP7urLm3nAKs0xs
tUKOeFVeFQAAAABQBs7lYF8+frmSwzRNWZZR9XkSou6Nr1yoow+ao5VLWtXRWqdntw/qqa2Duuvx
br3QNVzt5hVs554x7RmY0N0b9urVR3V6TjZqq9WfIQKOEjOMTPUXAAAAAFSHx/CUWCymJNUbBTt1
Vaeu+8jxOnhhc9b5c9cszOx/9ZfP6RPf31DpppXMvLaEbn5gl161ql2GYQQOOSzLmjb3hte5cmOI
Sok11/ORAgAAAKgGv6EpLwcc8ZjINwrzppMW6c9fOX1auOH28bUr9L9Xn1KhVpXe0GhKt/6tO7MA
iNdysbU8Hwe98RKb35aodhMAAAAAzDqWa6us0vKYaSpNpXlBDlvSqus/vibw/W84fj/927uPLGOL
yqd/JKn+kaR+93CPJO9Qwz5fiwg4SuzA+fXVbgIAAACA2cxjeIoZiylF+UZBvnfFajXVx0I95hNr
V+iIpW1lalF5LWir0+8f6clUcEj+QYd9zWs/17lyIeAosSOWNFa7CQAAAABmFf9VU+xJR81YTClK
OEI7fnm7TjmiM/TjDEP6x/MPLUOLym9oPKk7Ht8rSZmhKk5B5uNwq1TIQcBRYmsOaal2EwAAAADM
SpZjs2/IytTqKZakyk74OBO8/rj9Cn7s645bUMKWVE7fUFLd/eN64Nm+TDBhhxy55uCoBQQcJXba
4a1qaeBjBQAAAFAJXh3M7OEphsnkooVa2N5Q8GMPmNekeCyaoVJbU0L3PNWbVcERpkqjWlUc9MRL
zDAMvf4V0RxrBQAAACBKPDqM6enXTcNUmuEpBamLF95lNgypvaWuhK2pnLq4ob883Zc194bfkrG1
VMVBwFFipmlq7Qnt1W4GAAAAgFnPkgxDRsz0rPNAftt7Rot6fHf/eIlaUlnd/RN68PkBTSSnTzRq
73updhUHAUeJmaap4w5u0emHMxcHAAAAgHJxdxStaROLSpJhmLIYnlKQt59xgN7/hgMLfvzvH95V
usZU2GTKUipl6W8bBzxXUKnVKg4CjhIzDEOmaeq9Z1DFAQAAAKBK7Pk3DCldI53PqHjFQXN037+f
rh9/bI0Wdxa+SuaP7txawlZVXnNDTI+8MCDJuzIj39a9n+tcqRBwlJhhGDIMQ8cd3KK3nzyn2s0B
AAAAMOP4LAtrZe1IkgyZSlPCEciCufX6wT8dp0e/caZOPjz80rBOz2wf1E/+tK1ELauOlgZTj784
pHQ67TsPh59qVXQQcJSYYRiKxWKKxWL65HkLdPiiaE4qAwAAACDqrKn5N6xoruRRSR9583I9/52z
delrl3le7xmYCPxc27pH9YbP3VeqplXNeNLSU9uHM8eFDlWpZBUHAUeJ2RUcsVhM8XhcX3jLfDXX
8wsFAAAAQJlYXgdTE4xKhkR3xNe5axbque+crWvfe5TamhKe9/y/W1/Q8vf+Qed+4S/a3Zd70tC/
PterV/7TXXpx10g5mltRPQOTenbHcGaiUXcoUYtVHPGKv+IMZ8/BYZqmYrGYDl/SpC+/bYH+4Ue7
xNA3AAAAAMUJ2qmwZMic6mTSD5lm+aIW/cf7j9Y5axb63nPvk3t0+bpH9MSLU/NQ/O9DXdrv7b/V
eSfsr7efcYBOXNmhpfObJEl/frJH//27F/Xju6I974bTVKghbeoa1RzTec6/isMwjMzW/VxBzhWL
gKPE7AoOZ8hx6soW/dc7LH3qZ90aHue3CwAAAIASycy7YW+d/Q1KN9xaG+P6/MWH68PnHaJE3HtA
w0t7x/SJ72/wDSt+/eBL+vWDL5WzmTXlha4RHbP/9GAjnU7LNM2ShxTFYIhKidnBhh1yxONxxeNx
nbqyRd95z35aub932RMAAAAA5Bbwj6X2pKIv/zUdU6N1Ljv7QG387uv00bcs9ww3JpNpXXvT81rx
/ttmVCVGMVob49rSPSYp9+ooha6oUmpUcJSYs3LDTrTi8amP+fAlTfrRB+t07f/u1Y0PDlW5pQAA
AAAizXPujX2mhgtUrDUV19aU0IrFLdozMKHNu4Z97ztxZYfWXX6Mjj1kru89dz3erQ+te1RPbxss
R1MjqyFhaseeMVlWo+88HMUEF6UepkLAUWJ2wOEMOizLymwNw9DHzu3Umasadd29Q7r3udFqNxkA
AABAzQvSiXQNUbFm3gSjB8xv1BffuUpnHjNfizsbM+dHxlN66LleXf2Tp3XX492SpP07GnTte4/S
Racf4Pt8L+0d0xXffkw/v3dH2dseRTHTUFfvhNLp+sw5v6Vi/ebgcB6XY94NJwKOEvMKN0zTzIQc
9jfzuINbdMyyRj26ZVS3PjqiPz45wvwcAAAAAArgM5GoMbPmFz13zUL99FOvVHPD9G5sU31Mpx81
T3dec5p+eMdWPb9zSFe+7TA11sV8n++LNz6ja372rEbGU+VsdqSlLEs9g5OSsoMNv3Aj3zkvpQw9
CDhKzJ57ww43vL758XhcqVRKhmFkgo6rzuvQAxvH9Ni2CT370oS27U2qZzCpkQlrRpeVAQAAACiA
Zx/B1em0E44ZUMVx4soO3fK5kxQz87+Zd525NOf1P6zfpQ+te1SbXvIf1oIpyaSlvUNJz2Eofiuq
eIUV5a7csBFwlJhdreEcluI3Jsm+1zRNpdNpnbqyRSevSHtOyAIAAABgdvLrXDr3nV+pVErpdFpv
+3a/RsbTGop4pXhrY1y/vOrEQOFGLlt2j+gfvvWYfjOLVkAp1kTKUv9IUlLuCg63sEvGlgoBR4mZ
5r7ZeO2Qw80wjMwvHfub6ww77McCAIDK4//BAGqN34oVzmNnuGEYhtLptEYnLE3OgNEXn/i7FVrU
0VDUc3zux0/pX254pkQtmj0mk2kNj3mvimJzBh5+oUY+pQo9CDhKzBlQuMMNwzAy4Yb9S8f+cv5Q
8A8rAAAAALYgAUc6PbU0rN3BTKVSGp9MKzUDuha5JgnN5+4nevSua/+mrd0jJWzR7DGZspRO70vJ
3FUcuYKJXJONlgsBR4m5KzGc7IDDDjdSqVRmeEqYch8AAAAAs0OQ4SnSvmBDUibsSFpG5PsWLY1x
HbJ/c8GPv+vxbsKNIqTSUtoI/kf4oENSyhV2EHCUmD3cxOu8XblhBxx2uEHAAQAAAMBLroDDubX7
Fs4+Rjod/X5Fa2NxXdZFncUNbZntpvqnzn3vFVScQZt9rhrDVAg4SixXwGEHG17DUximAgAAAMAt
1/AUZ9/B2afIVIsbhiyP54iSl/aOFfX4PQMTJWrJ7GQYhu8iPPmGqNj3VHKYCgFHidnfLDvkcA5L
cQ9R8Qo3qOAAAAAAYAsScDj7E/a+aZqKx6R02lIy4t2Lxzb36xUHzSnosScc1qFlC5q0ZTfDVAoR
MyV78Zqgq6dIqtowFQKOEnN+g+z5OOzz9pfX0BR7X4p2wgoAAACgNIIMT5GyA45UampCSNM01ZAw
NZFMKxnxoSq/vG9HwQHHa14xXy/+4PX64o3P6Es/fVZjEzNgWZkKSpiGEnFjWrDm/uO8V7BRiUlF
3Qg4SszrG2gHHXbA4V4aNtcPCAAAAIDZKejwFOfCBaZpZkKOpnpTlqSxiK8V+43fbNKnLzhMjXWx
/Df7+MyFK/WuM5fqo999Qr+4d0cJWzezJeKGmhumPne/PmrYvmuYlVfCIuAoA/sbYocZ7iV0nFuC
DQAAAABews6/4Q455jTFNZmcrGiby6F3aFIXf+Uh/fKqE2QW0fldOr9JP//0Cbr7iR598BuP6Jnt
gyVs5cyUiBtqa4x5/uzl4gwq3P1gv/tKgYCjxNwBhvOb5Qw13AGH5F1uBgAAAGB2ChNwOKvFbe3N
cfWPRLt6w/ar+3fq/H++X7/5/Ml57737iR7d9sgufebClZ5VH6cfNU9Pf/ss/ectG/XZHz2lwdFk
OZo8I8Rjhtqbp2IDv2EqTn5zcFQKAUcZ5Ao3nPt+wQYBBwAAADC7BZ1/w67esKs20um0pKk+x7y2
uLb2jFemwRVw61+7dNB7fq9/u/RIve1VS6Zdf3hjn75/24ta99sXJEk/vGOr/uP9R2vtKYs9n++K
8w/V289Yqk98/wn94PYtZW17VJmGoc7WfSGR18opXsvEOq9VMuwwrCr3pt0z/9qlValUSslkUhMT
ExodHdXSpUur2cyC+aWsubYAAAAAZreg1RuSMqGG3Y+yg47PXL9Jv36oR7v6oz9MxW1Oc0KnrerU
qqVt2tU3rvue2qPndw553nv6UfP07b8/VoctafV9voc39ulD6x7Vg8/uLVeTI2lBW1xvPK5DH3hV
nRobG9XY2Kj6+nolEgnFYjHF43GZpqlYLJaZZ9K5wIakafs2r3Pua2ERcFSI35ilsGOZAAAAAMx8
YQMO5yoqdn9q3e+26dpfb9XADBmmUoyYaejycw/WP7/zCM1tTnjeY1nSdXds0ce/94R6BiYq3MLa
1Npo6opzFun/HCk1NTWpvr5eDQ0NSiQSMk0zs3UHHJI8g45cW6dCAw6GqFSIe4KVfPcAAAAAQBDu
v4rbX8vmN2pgeFIyzCq2rjak0pa+/ptNuv5P2/Tldx+p95y9bNqEpYYhXfraZXrLyYt09U+e0X/9
eqOSqdndNxscSWrpvAZZ1mjmnN9cHO5pGYIq5TAWKjgAAAAAoMb4VXB4dS6l7P6UPUxlw5YBnfbp
vxJweDj2kLn6f5cfo5NWdvje88z2Qf39Nx/THY/uzjp/4soOnXpEp448sE3z2ur19LZBPbllQLet
36Wde8fK3fTKstL6/WdWaW5sQE1NTWpsbFRdXZ0SiYTi8bhisVjOISq5hql4DVfxOw6KgAMAAAAA
akiQCUa9hqk4v1KplMYnU1p4yV0yzBhV4j4uO/tAfemSVdpvbr3vPT/783Z94vsbNJlMa92HjtX5
J+7ve+9Hv/uEvnbz8+VoasUZhiErndLGb6xR9+6X1NzcrIaGhlBzcFQ64GCICgAAAADUsELDiUTM
0GGLm7VnKKmegZk30WgpfO+2F/Xze3fosxet1MfestzzngtOW6ILTlui3qFJtbd4z99hu/a9R2nZ
giZd8e3HytHciupoiam9KaF4LDugKPTn0Wv1lVKvsEKtEgAAAABEmF+H07IsrVrarLp45ZbpjKKB
kUl9/HtP6LD336Y/uoajOOULN2wfPu8QXXT6AaVqXtUkYoYOX9KYc9VP5zCpMNfyKfRxBBwAAAAA
MAM4/8puHx+9rFVDo6yiEsRzO4Z01lX36s1ffECbdw0X9Vz/+YGj1VQfK1HLqmN4LKUjD2j2nMTW
a46YoCuElnO4FAEHAAAAAMwwdqd09SFtGhhheEoYv7p/pw7/wO36/I+f1uhEYeHQ/Dn1es/ZB5a2
YRU2OJrU0cuass7lCzEKrdooVehBwAEAAAAAEec3YePxh7bJNKaGGyC48cm0/vmGp3XxVx4q+DnO
XbOwhC2qrETMkGlIqw9umbb0ayFzZ1RqklsCDgAAAACIAL+lY72u2UMJEjFDJ6xo07zWYPNHINu8
trqCH7t8UUsJW1JZHS0xHX9Is+Kmck4uWmur8xBwAAAAAECNCNJhzDWpo5dTDp+rsUnm4SjE8Fjh
n9tEMl3CllTW2GRaJyxv8V2+tdaCDRsBBwAAAADMIO5O6WmHz1Xv0ESVWhNtz2wfLPixT20dKGFL
Kqt/eFInr2jNDEdxbt1qKewg4AAAAACAGcDrr+uGYejEw+aqszWhuc3RXtWjGh7Z1Kede8cKeuwt
D7xU4tZUxpwmUx0tcR1/yL4KDr85XmxBQ45yhyGRCThqKRUCAAAAgEooph/k7Jy+9ugONSQi0/2r
Kf/602dCP2bjziHdeM/2MrSm/OoTpk4/vDXvfaUINUrdz4/MTzgBBwAAAABk8+on2ROM2vuS9Lpj
O9XVW1glwmz3zd9u1r1P7gl8fzJl6eKvPqTJiM7BsbtvXGceNUfS1M9POp0OtGpKLQxfiUzAkUox
KQ4AAAAA5OI3lOCc4+aptSGmtiaGqYSVtiy95UsP6Lb1u/Le2zc8qQuueVAPPddbgZaVXmuDqZZ6
U2cdPSdzLp3eF9SEXR620mo+4LDTx2QyWe2mAAAAAECkOKs53nj8PDUmaruDWqu6+8f1us/ep4u+
/Fc9t2No2vWR8ZS++dsXdMhlf9DN9++sQgtLo6HO0OteMSfr5yaZTGYdBx1yUuzQlEKqP+KhH1El
k5OTamxsrHYzAAAAAKDmeQ1TedMJ83XDvV2SEZluYM258Z7tuvGe7Tr2kLlafchctbck9OTWAf3p
8R6NTkR/1EF3/7jOXb1Y0r6fm1QqVfOVG7ZI/GQbhqHx8fFqNwMAAAAAap5zOU9nyPGqVe1asX+T
BsYsdfVNVrOJkffIpj49sqmv2s0oqQVz4mqti+mkFS2Zc3Zf3BmYBWEvK1tpkRmiMjHBus0AAAAA
EJazo3nBKfupd5BwA9P1D03q/OPnTgsmJicnQwcc1VLzAYe0LzVyTm4CAAAAAPDnNUzlotMWaiKZ
VEsDk41in+Z6UxPJlNae0CFJWfNt2AFHFEQm4DAMQ8PDw9VuCgAAAADUPPdqKvZXe0tc7zh9oeoj
MVkBKqU+Lr31xHa1t8Szfl5GR0cLqt6oViASiYBDmvqABgcHq90MAAAAAIgMryqOS87YX3sGxmRG
44/yKDPTkPYOjuuiUzolZc/bErUig5oJOHIlPKZpyjAMDQ0NFbRUDAAAAADMNs4+lmmamXMrFzfp
/FfO17xWhqlA6mwNN8tKAAAa8klEQVQx9YZj5mj5wvqsnxPLsjQ8PCzTNDPn7WtO7mohv/v8HlPM
PW41E3DkY3+gfX0za6ZaAAAAACgn51/kDcOQaZp672v31+7+8cjMrYDyMAxD3QMTeudpHVlDUyRp
YGBAUnY4VutqLuDwGismTX2osVhMvb291WoaAAAAANSUoJ1O9zwKxxzUqvOP79C8lprrEqKCOpoN
nfOKVh21tGlaX3xgYECxWEyxWCxzLleFhtfPYqVDkar/NAcpZ3GGHOPj4+rv769cAwEAAACgSgrt
ILrn3XCet78+dM4B6u4fV2Nd1buFqILGOkN7BiZ02WvmT6veGBwc1OTkZFa4YXNXBLn33YodqhJG
Tf4kuz8kZylVLBZTT09PlVsIAAAAALXJK9yw+1POcysXN+ndr1mouMk8h7NRzEjr4lPatXxh/bTR
E729vZmfF3efXAo+14ZbuSs6ajLgkKaHG84PdGxsTHv27Kl2EwEAAACg4sL+RdzrD8h25/WKc5fI
sFKaz4Sjs0pniynDSusDZ86b1ufu7+/XxMSEYrFY5ufEGWzU8lwcNRdweI3rcVdwxGIxdXV1KZVK
VbGlAAAAAFBaxXQeg8yB4O7MdrQm9JHzlqi7f7zg10X07BmY0OVnz1N7SzwrwLAsS93d3Zl+t1+w
UatBR80EHLmCDWfCaIcclmVp+/btVWwxAAAAAFRO0OU5vR7n1VG1t5eesb9OWN6ihW3xUjcZNWhB
q6njDmrQRSd3SMpeJaWrq0uWZWVVb8RisWl9cpt72FO11UzAYfMbmuL8QGOxmOLxuPr6+tTd3V3t
JgMAAABAzfOb69AwDH3yTQeoq3dUrY0110VECbU2mNrdN64rXj9/2rwsvb29GhgYUCKRmBZq+PXP
g6pUCFITP725ZlvNVckRj8e1bds2DQ4OVrjFAAAAABAtzoDD3XFdfUibPnzuIg0OT1S5lSinwZEJ
feC1nTpqaWNWNc/IyIi6uroUj8ez+txBQw33fWGVKgCpiYDDzetDdH/ZY4ISiYQ2b96ssbGxajcb
AAAAACouTOfQ3UF1PvaKcxfr+IObtN8cJhydiea3mjp2Wb0+cGZnpl9tGIYmJia0Y8cOxePxTMBh
D1FxfrlXWrF5hRq5go5yVnPUVMCRb3iKV8gRj0+NE9u0aZMmJkgbAQAAAMwshf5FPF8n0/2XetM0
9fkLlqq7b1TzWFVlRulsMbVnYEyfPG9BVliRTCa1bds2SVI8Hs8UEthTQ9j9bq+flyDDVHLNE5Nv
3phC1EzAkWt2X+cH6VfJkUwm9dxzz1HJAQAAAGDGyzfMP9c556SS7mEIq5a26uoLlqmnf7SmJo9E
4QxD2jMwpk+ft58OW7RvaMrk5KS2bNmidDqdKR5w9rPtkENS5thrktpa+jmpmYDD5v7A/FZRcS5b
4ww5nn32WebkAAAAABBZYf6ynesv5Lke6zXEwP668NT5uuiUeUoYybBNRw1KGCmtXdOmt7xyTuZ7
PDo6qs2bNyuZTGbmt3QOTXFWcrhDMKn2Vk+x1VTA4fUfp7v8JVcVRzwel2VZeuaZZ7R79+5qvQ0A
AAAAqEnuPpff9ABXv22ZXrG0QfNaaq8Ti+A6m6UjFyf06fP3y/Sfe3t7tXnzZlmWpUQikRma4q7e
8BrCJOX/GXKrZBBSUwGHzV3BkSvUcCdMsVhMdXV12rp1q1544QWlUqkqvxsAAAAAKK8wEzrmqph3
Hn/lXQcpbqS1X1tNdhuRx4JWQzGldPVbF8o0TaXTae3YsUNdXV1KJBKZ5WD9vtwVHX4rq7iFnWC0
lAFIzf6keg1VcYYbXiGH81oikVBvb68ef/xxdXd3V/ndAAAAAEDlePWn3Ned17z+Yr+ks0Fffecy
7eod1YI2Jh2Nkvmtpnb3jemLFyzUovY69fX1aePGjRocHMxUbTj71F77zgIDKfxSsJWeYFSqwYDD
6z80ryoOr5DD/ZVIJGQYhrZs2aKnn35avb29VX53AAAAABBe0L985/vrea7hBdK+uTnskOOEFXP0
tUsO1O7eEXW2EHJEQUezqe6+UV1z4f5aPi+lLVu2qKurK1MI4CwKsPedK6j4BR3OvrlUW5OL2uLV
boAXwzBkWVZm397aH6ZlWbIsKzOjq33sfg7ndnR0VJs2bVJTU5Pmz5+vefPm1eQ3BAAAAACcfaJ8
13Ld6/d4SdP6XKZpKpVKZW0ty9I5qzvUP5LU1T/frjmtjeofSRf6tlBmcxoN7R0Y1RVnteiQ5m7t
2DGRma8yHo/LMIysOTecq6c4qzrsFVT85tjwK0xwq3SfuyYDDps7XbSTIvd/vF7/MduPTafTWY8f
Hx/Xli1btHXrVrW3t6u9vV1tbW2ZsAQAAAAAosgr6HB3MP2CEXeo4T6+8JT5Gp1I6yu/ekltrQ0a
GCXkqDWtDVL/4LguPj6t4xb0aXJyalSD3wgIZ9WGV8jhnnvDuXJKvvk3wlQclVLNBhzuKg7nB+kM
OpyVHM577clFnR+wfb+939fXp71798qyLDU3N6u5uVmNjY1qaGhQXV1d5oeBSg8AAAAAUeKu0vA7
7zzOFXKk02ld+uoFSibT+tqtuzSnrYFKjhrSUpfW4FBSF65O6dxVhgwj7rv0q13N4d73GpYiaVqw
4VxiOIgw828Uq2YDDik72Aj7IQIAAADATOJXoeH8I67ffV7PJWnaY7xCjnQ6nfmj8mVn7qdYzNBX
b3lJHXObtHeIVSurraPZ1N7+cf3jOfN08clzs0IKu0/ttQqK1zKwftec+7ZyDE8pNvwgNQAAAACA
GlTKlSaCdEK9Jhp1d3BN09Slr16gz/7dIu3tG2Z1lSqb32pqb/+IPnX+/Ey44bXkr+QdSPjNqZHr
XL7hKdVU0xUcAAAAAIDgvBZskKYPSfE6Z1eCSMpUbjgXenBW1V94ynzNaYrrYz/cov06mrRrgOEq
lbag1dDu3hH964X766yjWrOqLrxCDq/qC3vfvXWfc+/n4vWYSk1ASgUHAAAAAEREro5i2M6o+y/u
uYYfeA1VeP0xc/WDyw+W0pPqbC7mXSGsjiZLSk/qW5ct1llHtfpWZwQ5tvfd23wVHIUMTyllVZIX
Ag4AAAAAqFGFdAhzDR/I1RH22vebi8H+WnNoq6770ME6sNNUnZFUlUcozHiGIdUZSR3Yaeo771ui
4w5uzjmfhvP7tu85ggUWfvve7ar+8BSJgAMAAAAAZqRcf2F335Nr3z0nh3PfMAwt7qjX9//vwTr/
uFZZyTF1ttDNLIfOZkNWckxvPKZJ33zPYi1qr5sWZkj+FT3FVm+45avcqPTwFEkyrHzT6wIAAAAA
qsary2afc15znnPve51Lp9PTrjvPufeDfP38/j3615tfUufcRnUP0tUslfmthvb0jeqT5y3Qm45v
8xwy5Fe5kW+oUZDH+z1fviEwXlv3vtdxoYjWAAAAAKCGlWKYitdf4osdrmJXcdhLkpqmqbee1Kkb
rjhYS+ZISk2otYEuZzFaGgwpNaHFbZZ+ePkBevOaOdM+e68QQvIffpIvnPAbzpJLrQxRoYIDAAAA
AGqcu9vmV7nhtw3zlauKw13NYVmWUqmUZ5XHt27frW//sUcL5jZq9xDdzrAWtBja3Teq957Rrve9
ptOzykLKDie8Ki1yVWPkquIIUsHhfn3nsb3v3Lr3c50rBAEHAAAAANS4XMNUnPv5wg2vc2HCDWeQ
4RV2OI9TqZQ2bBvVf/5ulx7ePK7OtnrtGab7mU9ns6E9A+NafWCd/v7s+Vq1pN433HCGHLmGkeQb
0lLIsBS/sCPX1r3vdVwMAg4AAAAAiIBqVXHkCjuc1Rt+1RyWZemG+/boW7f3yDJjSimu0Qm6oW6N
dYZiSspIp/T+Mzt0wYlzPQMHKX/VRiVCDnc7nMf2vs3rnPtaKRBwAAAAAEAElGqyUfdxoeGGs2rD
K+xwhxy9Q5P6zp09uvEvvepsa9DeUUP0RqeWfm1vtLR3YExvO2muLnt1h+Y2x1++Fizc8DsfJOAI
MkQlSOVGIdUbfucK/iwJOAAAAACg9hUzTMXeFvIVZNiKHW64h7B4zc2xsWtc/3N3j37/+KDmtTVq
74iUnoW9UtOQOpqknoFRve6oFl3yqk4dsl+dZzCReYzHkBT7OEzVRpBQo9TVG+59r+NiEXAAAAAA
QEQEGabi3Peq2nDuF1rJka+aw731qujYsG1EN9zXqz88Nqj2tgZNpEwNz4KhK811hupiafUOjOns
o1t04clztWpJo2eI4BVuBAk2gg45KaZyo9aqNyQCDgAAAACIjFJXcXidcwcZhYYdftUc7u3GrnH9
/IG9uvmhftUl6tTWUqfuwXRZP8dqmN9qamBoQhOTE3rzmjn6uxPap1VsSLkrI8KEG2GrOIIGHfna
WK3qDYmAAwAAAAAipZJVHGEDjXzDVOzXdV+TpN6hSf364X7dur5fm7snNW9Og8ZSpobGottlndMU
V8KYVE//mA6an9C5x7bpvOPmTJtjw28/yHExAUeuc1L2kJhcYUeurXs/17liEXAAAAAAQIRUooqj
mGqOfBUd7vskTTv/143Duu3xAd2xYUjDk9L8OQ0aTxkaGK397mt7S1yNCUM7ewbVnJDOPLJFZx3V
qlce2pwzzAi7HzbcCFPFEbSCw2vfVunqDYmAAwAAAAAip5AqDntbaBVHmNAjX8ghyXNrt8tZ7XHX
k4P68zNDuu+5YfUOp9XWXKeGRFx7R6RkDcxOGjcNdTRJY5NJDQxPqL3Z1CkrmnXayha9+ogWz8oG
v0CglOFG2EAjzKSitVi9IRFwAAAAAEDklLKKw31cioDD6x7nefs13aGGs03uey3L0qMvjuqhF4a1
fvOoHt0yqrRlqLkxoeaGuJJpU70jaZWzh2sYUnuTqbiZ1vBYUsOjkzINS8csa9Tqgxq15uBmHXNg
Y87gwrmVsicSdR5XOuCwr+V6Hb/2uN9TNao3JAIOAAAAAIikYqs4nPuFDFUJGmb4XXO+nvNYml7d
4dXOZMrSE9vG9NT2MT2zc0zPd41r8+7xqRTCMNXSGFdDIqaYaSotQ8mUpcm0lExOVX6kLMmypm6P
GVOVGPG4lDCleMyQKUupdFpjkykNjSYlKy1Zlg5aUK/lC+u1clGDjljSoKMOaFA8Zkzr1OcKNdz3
SNlBR7nCjSAhR5AKDq/3Ve3qDYmAAwAAAAAiKWwVh72fL+hwhwm5gopCww/na3pVcbjbnyuUcb63
ZMrSlp5JbdszoZ29k+rqm1TPUEq9w2n1j6Q0OJrS6KSl8cm0kmkpnbZkmobiplSfMNWYMNTaGNOc
ppjam03Na4lp4dyEFrUndEBnnZbNS0wLM6RgnX3nvflCAa/r1Qg43K8dtP1e+36fRykRcAAAAABA
RBVTxWFvgwQd+b7CVnF4vZZfFYfzfdjnvNru95n4nQsiXwVC2KqFIMFAvuEgpQo5/K55vVaudhXy
OZRLvKzPDgAAAACoGMMwMp15r3331r4madpx2Nf1YppmJrwwDCMroPC6126HZVmZxzofZ59zvz/n
1v1+Cn1Pfu8vaFWCX1WG3/P5VW0490sZbuRqt1d7vUKMXO8/1+dRLgQcAAAAABBRzk6+1zmv67nu
lQoLOvLdawcT9jZIRYXdNvtxdtv83rOz7c6gwy3f51HINa/rXiGC33G+UMN9XIpwI0jwka9SI19o
U2kEHAAAAAAwC/hVcfgFG2GCjlJ0aP3CGOd5dwWI/br2eWfH2y/IKFXn228IRpChGWGrNtzH5Q43
vI6DfhZB3n+5EHAAAAAAQISFqeLIF3JI06sf/IZ6OJ/TNM2cw08KeQ9enJUckrKGruRra9h5OIIG
O3735areyBdw+B3nWsbVvlZouOH3nnK1tdYQcAAAAABAxIUJOfI9j+RfveEVINjnig053O3wmjzU
3R7n0qpe1SjO9xGkQ+5XQeLc5mt3rnP5woIwVRtS4WFG0GAjSLhRK9UbEgEHAAAAAMwquao4vIap
BO2g2nNlBJlQ1H4tv5VQ3Pe5H+MVvATpXOcLecJ2xoNUb4Sp3HDuBwk5ShlseLXFq61B3me+z6dc
CDgAAAAAYAYIU8WRK+SQpldDhOmoek0o6rdUrN97CDoxqpegQ2xKyf28YQKOfCFHqYMOZ1tyhRtB
wptaQ8ABAAAAADOYX8jhvp4v5LDvrUQ7w1wrVKHPV2jVhnPfK0jIF2b4nQ8bbuQKPLza6bXNtZ/v
cyonAg4AAAAAmCGCBAHuQMPrnF+wkauao5AQwlmx4a608Krk8Gp7Ia8dtirF3YZ858KEBX7hg/u4
2MDD636/18/V3lz7uc5VAgEHAAAAAMwguao0gtzrvi4VN2QlVxv92uk170au58l3LsjjwrQ937lc
oUDY6g2vc4UEHu7rfq/r1f58gUatIOAAAAAAgBkmX8c/X/VGqeflcLchX7Dh9R6CtLOQEKeQ9xDk
OGgVR9DqDa9zQa/nen6vfa/3FeS9+52rFAIOAAAAAJglShlyuAUZvhI0gMgXbuR7f8725noN5z25
5Oq0+1U3+AUdfiFHkGqOQs4HCTQKqdiotXBDkgyr1DO1AAAAAABqgld3z33OeWzv59r6nfM69jsX
9F6v18zXxlz7fp+J1/V8nfVc1Qx+QUeQCg7nfimCjiCv425T0PeU7zOpNAIOAAAAAJjBqh1yuI/L
GW54hR1BjsPIV7mQq4ojbOAQNLgoNNDIFWpELdyQCDgAAAAAYMYrR8hhb4PuBw1Ach2HaVuu/Xyf
jVvQTn2QwKCY6o1ijnO9dpD25/osaiHckAg4AAAAAGDGC9q5L0XI4TyXL/AIem+u18m1zfW+ilHI
8BT3NkjgUWiIkWvoyUwNNyQmGQUAAACAGc8wCl9hxL7HubW5j/3OhW1jvv0gW7stXs/hbm+QtgU5
X6oKDue5MAFIvucK2sZc7y3I51ItVHAAAAAAwCwRpJLDr/rBbwhIKYavhNkPs833ngpVigoOe1vK
wCPXc+fa5tr3Os53vloIOAAAAABgFilFyOF1LsiQFa9zhTwuyDbfe/J7717KVcFhb8MOXQl6b5Bt
rv0w770WEHAAAAAAwCxTiZDDvS00AAn7OmHeSyHyBQBhww17W2zwke95va7n2vc6zne+2gg4AAAA
AGAWChJyuI9zhRv2fqGhR5jHBwlZ8r2XIO89V0e+lMNU3Ntiznlt853L936CnK8FBBwAAAAAMEuV
K+QIui30Wr7XyrWf61wQ+SbbDDNMxd4vNPQIsw267/cec52vFQQcAAAAADCLlSrkcO5Xeut3Lshx
oQqt4PA6l2tISakDjTBDbIKcryUsEwsAAAAAs5hhBFtC1nlsd3Yty5p23j5XCble233e+Rhb2LAj
SOe/lENVvLaF3uPV/pkUbkhUcAAAAAAAVFglh/s47PCRYio0wlSU5Gp/ocKEBYWEFMUGG0H3vY6D
Xqs1BBwAAAAAAEnBQw73uWKGr4S9lu+cV3vDvK9cglY4FDK5ZyHBRpjnD3oc9FotIuAAAAAAAGTk
6iIWW83h3A8aUhRasVHI3Bt+Q1n8FFLF4dwv9blc+0GOg16rVQQcAAAAAIAs5Q45nMdhg46gz5vr
fRTbDfbq/IcNN4LslyvY8DuX63wUEHAAAAAAAKYJE3J4nSs06Cjlfq5zQa45hQkEKhV25HutIMdB
r0UBAQcAAAAAwFepqjncx8UEHWGu5TpXCqUKOJzHhYQZxVRt5LsWFQQcAAAAAICcSlnN4T4uZh6P
oMf5zhcqbLiR77icVRozPdyQCDgAAAAAAAHk6zoWUkVRqgqNMBUb5VomNtf5Yis6Cj3O1c5816KI
gAMAAAAAEFix1Rxe50pV8RGkjUGu5xM2NCh1cBF0Xo3ZFG5IBBwAAAAAgJAKCRBKEXQUek/Qa2GU
O+Qo9J58bQtyPaoIOAAAAAAAoRVaJVGq8CPsffmuhVVswFGpc2GuRx0BBwAAAACgYJUOOvK9ZqUm
GJUKGwJSbFhRSLAR9J6oI+AAAAAAABStlEFH2PNBurWVXCY2yPVSBBgEG9kIOAAAAAAAJVFs0FCq
ECRoW0qtEmFHkNcJes9MQ8ABAAAAACipcgUdxVwr5l6noMFBMfNhFBNshLlvpiHgAAAAAACURdDu
ZjGhRTWHp0jVDTwKvW+mIuAAAAAAAJRVKYKOoM9TC13cUg0hIdgIx5BU/e8+AAAAAABAEcxqNwAA
AAAAAKBYBBwAAAAAACDyCDgAAAAAAEDkEXAAAAAAAIDII+AAAAAAAACRR8ABAAAAAAAij4ADAAAA
AABEHgEHAAAAAACIPAIOAAAAAAAQeQQcAAAAAAAg8gg4AAAAAABA5BFwAAAAAACAyCPgAAAAAAAA
kUfAAQAAAAAAIo+AAwAAAAAARB4BBwAAAAAAiDwCDgAAAAAAEHkEHAAAAAAAIPIIOAAAAAAAQOQR
cAAAAAAAgMgj4AAAAAAAAJFHwAEAAAAAACKPgAMAAAAAAEQeAQcAAAAAAIg8Ag4AAAAAABB5BBwA
AAAAACDy4tVuAAAgmtauXatLLrlEq1evVn19fbWbAyDixsfHtX79el133XX65S9/We3mAAAiyJBk
VbsRAIBoufrqq3X55ZdXuxkAZqh169bp85//fLWbAQCIGAIOAEAoa9eu1be+9a1qNwPADPfBD36Q
Sg4AQCjMwQEACOWSSy6pdhMAzAL8rgEAhEUFBwAglO3btzPnBoCyGx8f15IlS6rdDABAhFDBAQAA
AAAAIo+AAwAQyvr166vdBACzAL9rAABhEXAAAEK57rrrqt0EALMAv2sAAGHFJH2h2o0AAETH008/
rZaWFq1Zs6baTQEwQ61bt07r1q2rdjMAABHDJKMAgIKsXbtWl1xyiVavXs2kowCKNj4+rvXr1+u6
665jeVgAQEEIOAAAAAAAQOQxBwcAAAAAAIg8Ag4AAAAAABB5BBwAAAAAACDyCDgAAAAAAEDkEXAA
AAAAAIDII+AAAAAAAACRR8ABAAAAAAAij4ADAAAAAABEHgEHAAAAAACIPAIOAAAAAAAQeQQcAAAA
AAAg8gg4AAAAAABA5BFwAAAAAACAyCPgAAAAAAAAkUfAAQAAAAAAIo+AAwAAAAAARB4BBwAAAAAA
iDwCDgAAAAAAEHkEHAAAAAAAIPIIOAAAAAAAQOQRcAAAAAAAgMgj4AAAAAAAAJFHwAEAAAAAACKP
gAMAAAAAAEQeAQcAAAAAAIi8/w9afqZ8nuWWZgAAAABJRU5ErkJggg==
" width="800px"&gt;</msg>
<doc>Takes a screenshot of the current page and embeds it into the log.</doc>
<status status="PASS" start="2025-06-02T23:01:25.631186" elapsed="1.025579"/>
</kw>
<kw name="Close Application" owner="AppiumLibrary">
<doc>Closes the current application and also close webdriver session.</doc>
<status status="PASS" start="2025-06-02T23:01:26.657179" elapsed="0.540869"/>
</kw>
<status status="PASS" start="2025-06-02T23:00:42.015049" elapsed="45.183429"/>
</test>
<status status="PASS" start="2025-06-02T23:00:41.664570" elapsed="45.534716"/>
</suite>
<statistics>
<total>
<stat pass="1" fail="0" skip="0">All Tests</stat>
</total>
<tag>
</tag>
<suite>
<stat name="Teste" id="s1" pass="1" fail="0" skip="0">Teste</stat>
</suite>
</statistics>
<errors>
</errors>
</robot>
